00:00 +0: loading c:/Works/finance_tracking_app/test/golden_test/add_transaction_screen_golden_test.dart
00:00 +0: c:/Works/finance_tracking_app/test/golden_test/add_transaction_screen_golden_test.dart: (setUpAll)
00:00 +0: c:/Works/finance_tracking_app/test/golden_test/add_transaction_screen_golden_test.dart: AddTransactionScreen golden (NEW UI) initial state
00:02 +1: c:/Works/finance_tracking_app/test/golden_test/add_transaction_screen_golden_test.dart: AddTransactionScreen golden (NEW UI) initial state
â•â•â•¡ EXCEPTION CAUGHT BY FLUTTER TEST FRAMEWORK â•â•â•â•â•â•â•â•â•â•â•â•â•â•â•â•â•â•â•â•â•â•â•â•â•â•â•â•â•â•â•â•â•â•â•â•â•â•â•â•â•â•â•â•â•â•â•â•â•â•â•â•â•
The following assertion was thrown while running async test code:
Golden "goldens/add_transaction_screen_initial.png": Pixel test failed, 0.05%, 225px diff detected.
Failure feedback can be found at /c:/Works/finance_tracking_app/test/golden_test/failures

When the exception was thrown, this was the stack:
#0      LocalFileComparator.compare (package:flutter_test/src/_goldens_io.dart:108:5)
<asynchronous suspension>
#1      MatchesGoldenFile.matchAsync.<anonymous closure> (package:flutter_test/src/_matchers_io.dart:124:32)
<asynchronous suspension>
<asynchronous suspension>
#3      _expect.<anonymous closure> (package:matcher/src/expect/expect.dart:123:26)
<asynchronous suspension>
<asynchronous suspension>
#5      expectLater.<anonymous closure> (package:flutter_test/src/widget_tester.dart:508:19)
<asynchronous suspension>
#6      main.<anonymous closure>.<anonymous closure> (file:///c:/Works/finance_tracking_app/test/golden_test/add_transaction_screen_golden_test.dart:68:7)
<asynchronous suspension>
#7      testWidgets.<anonymous closure>.<anonymous closure> (package:flutter_test/src/widget_tester.dart:192:15)
<asynchronous suspension>
#8      TestWidgetsFlutterBinding._runTestBody (package:flutter_test/src/binding.dart:1059:5)
<asynchronous suspension>
<asynchronous suspension>
(elided 3 frames from dart:async and package:stack_trace)

The exception was caught asynchronously.
â•â•â•â•â•â•â•â•â•â•â•â•â•â•â•â•â•â•â•â•â•â•â•â•â•â•â•â•â•â•â•â•â•â•â•â•â•â•â•â•â•â•â•â•â•â•â•â•â•â•â•â•â•â•â•â•â•â•â•â•â•â•â•â•â•â•â•â•â•â•â•â•â•â•â•â•â•â•â•â•â•â•â•â•â•â•â•â•â•â•â•â•â•â•â•â•â•â•â•â•
00:02 +1 -1: c:/Works/finance_tracking_app/test/golden_test/login_screen_golden_test.dart: LoginScreen golden initial state
00:02 +2 -1: c:/Works/finance_tracking_app/test/golden_test/login_screen_golden_test.dart: LoginScreen golden initial state
00:02 +2 -1: c:/Works/finance_tracking_app/test/golden_test/add_transaction_screen_golden_test.dart: AddTransactionScreen golden (NEW UI) initial state [E]
  Test failed. See exception logs above.
  The test description was: initial state
  
00:03 +2 -1: c:/Works/finance_tracking_app/test/golden_test/login_screen_golden_test.dart: LoginScreen golden initial state
00:03 +3 -1: c:/Works/finance_tracking_app/test/golden_test/login_screen_golden_test.dart: LoginScreen golden initial state
00:03 +4 -1: c:/Works/finance_tracking_app/test/golden_test/login_screen_golden_test.dart: LoginScreen golden initial state
00:03 +5 -1: c:/Works/finance_tracking_app/test/golden_test/login_screen_golden_test.dart: LoginScreen golden initial state
00:04 +6 -1: c:/Works/finance_tracking_app/test/golden_test/select_category_screen_golden_test.dart: SelectCategoryScreen golden (UI-safe) loading state (initial loading)
00:04 +7 -1: c:/Works/finance_tracking_app/test/golden_test/sign_up_screen_golden_test.dart: SignUpScreen golden (UI-safe) initial state
00:04 +7 -1: c:/Works/finance_tracking_app/test/golden_test/add_transaction_screen_golden_test.dart: AddTransactionScreen golden (NEW UI) loading state
â•â•â•¡ EXCEPTION CAUGHT BY FLUTTER TEST FRAMEWORK â•â•â•â•â•â•â•â•â•â•â•â•â•â•â•â•â•â•â•â•â•â•â•â•â•â•â•â•â•â•â•â•â•â•â•â•â•â•â•â•â•â•â•â•â•â•â•â•â•â•â•â•â•
The following assertion was thrown while running async test code:
Golden "goldens/add_transaction_screen_loading.png": Pixel test failed, 0.05%, 225px diff detected.
Failure feedback can be found at /c:/Works/finance_tracking_app/test/golden_test/failures

When the exception was thrown, this was the stack:
#0      LocalFileComparator.compare (package:flutter_test/src/_goldens_io.dart:108:5)
<asynchronous suspension>
#1      MatchesGoldenFile.matchAsync.<anonymous closure> (package:flutter_test/src/_matchers_io.dart:124:32)
<asynchronous suspension>
<asynchronous suspension>
#3      _expect.<anonymous closure> (package:matcher/src/expect/expect.dart:123:26)
<asynchronous suspension>
<asynchronous suspension>
#5      expectLater.<anonymous closure> (package:flutter_test/src/widget_tester.dart:508:19)
<asynchronous suspension>
#6      main.<anonymous closure>.<anonymous closure> (file:///c:/Works/finance_tracking_app/test/golden_test/add_transaction_screen_golden_test.dart:125:7)
<asynchronous suspension>
#7      testWidgets.<anonymous closure>.<anonymous closure> (package:flutter_test/src/widget_tester.dart:192:15)
<asynchronous suspension>
#8      TestWidgetsFlutterBinding._runTestBody (package:flutter_test/src/binding.dart:1059:5)
<asynchronous suspension>
<asynchronous suspension>
(elided 3 frames from dart:async and package:stack_trace)

The exception was caught asynchronously.
â•â•â•â•â•â•â•â•â•â•â•â•â•â•â•â•â•â•â•â•â•â•â•â•â•â•â•â•â•â•â•â•â•â•â•â•â•â•â•â•â•â•â•â•â•â•â•â•â•â•â•â•â•â•â•â•â•â•â•â•â•â•â•â•â•â•â•â•â•â•â•â•â•â•â•â•â•â•â•â•â•â•â•â•â•â•â•â•â•â•â•â•â•â•â•â•â•â•â•â•
00:04 +7 -2: c:/Works/finance_tracking_app/test/golden_test/sign_up_screen_golden_test.dart: SignUpScreen golden (UI-safe) initial state
00:04 +7 -2: c:/Works/finance_tracking_app/test/golden_test/add_transaction_screen_golden_test.dart: AddTransactionScreen golden (NEW UI) loading state [E]
  Test failed. See exception logs above.
  The test description was: loading state
  
00:04 +8 -2: c:/Works/finance_tracking_app/test/golden_test/sign_up_screen_golden_test.dart: SignUpScreen golden (UI-safe) initial state
00:05 +9 -2: c:/Works/finance_tracking_app/test/golden_test/sign_up_screen_golden_test.dart: SignUpScreen golden (UI-safe) initial state
00:05 +10 -2: c:/Works/finance_tracking_app/test/golden_test/sign_up_screen_golden_test.dart: SignUpScreen golden (UI-safe) initial state
00:05 +10 -2: c:/Works/finance_tracking_app/test/golden_test/add_transaction_screen_golden_test.dart: AddTransactionScreen golden (NEW UI) error state (shows SnackBar)
â•â•â•¡ EXCEPTION CAUGHT BY FLUTTER TEST FRAMEWORK â•â•â•â•â•â•â•â•â•â•â•â•â•â•â•â•â•â•â•â•â•â•â•â•â•â•â•â•â•â•â•â•â•â•â•â•â•â•â•â•â•â•â•â•â•â•â•â•â•â•â•â•â•
The following assertion was thrown while running async test code:
Golden "goldens/add_transaction_screen_error.png": Pixel test failed, 0.05%, 225px diff detected.
Failure feedback can be found at /c:/Works/finance_tracking_app/test/golden_test/failures

When the exception was thrown, this was the stack:
#0      LocalFileComparator.compare (package:flutter_test/src/_goldens_io.dart:108:5)
<asynchronous suspension>
#1      MatchesGoldenFile.matchAsync.<anonymous closure> (package:flutter_test/src/_matchers_io.dart:124:32)
<asynchronous suspension>
<asynchronous suspension>
#3      _expect.<anonymous closure> (package:matcher/src/expect/expect.dart:123:26)
<asynchronous suspension>
<asynchronous suspension>
#5      expectLater.<anonymous closure> (package:flutter_test/src/widget_tester.dart:508:19)
<asynchronous suspension>
#6      main.<anonymous closure>.<anonymous closure> (file:///c:/Works/finance_tracking_app/test/golden_test/add_transaction_screen_golden_test.dart:151:7)
<asynchronous suspension>
#7      testWidgets.<anonymous closure>.<anonymous closure> (package:flutter_test/src/widget_tester.dart:192:15)
<asynchronous suspension>
#8      TestWidgetsFlutterBinding._runTestBody (package:flutter_test/src/binding.dart:1059:5)
<asynchronous suspension>
<asynchronous suspension>
(elided 3 frames from dart:async and package:stack_trace)

The exception was caught asynchronously.
â•â•â•â•â•â•â•â•â•â•â•â•â•â•â•â•â•â•â•â•â•â•â•â•â•â•â•â•â•â•â•â•â•â•â•â•â•â•â•â•â•â•â•â•â•â•â•â•â•â•â•â•â•â•â•â•â•â•â•â•â•â•â•â•â•â•â•â•â•â•â•â•â•â•â•â•â•â•â•â•â•â•â•â•â•â•â•â•â•â•â•â•â•â•â•â•â•â•â•â•
00:05 +10 -3: c:/Works/finance_tracking_app/test/golden_test/sign_up_screen_golden_test.dart: SignUpScreen golden (UI-safe) initial state
00:05 +10 -3: c:/Works/finance_tracking_app/test/golden_test/add_transaction_screen_golden_test.dart: AddTransactionScreen golden (NEW UI) error state (shows SnackBar) [E]
  Test failed. See exception logs above.
  The test description was: error state (shows SnackBar)
  
00:05 +10 -3: c:/Works/finance_tracking_app/test/golden_test/sign_up_screen_golden_test.dart: SignUpScreen golden (UI-safe) initial state
00:05 +11 -3: c:/Works/finance_tracking_app/test/golden_test/sign_up_screen_golden_test.dart: SignUpScreen golden (UI-safe) initial state
00:05 +12 -3: c:/Works/finance_tracking_app/test/golden_test/sign_up_screen_golden_test.dart: SignUpScreen golden (UI-safe) initial state
00:06 +13 -3: c:/Works/finance_tracking_app/test/golden_test/sign_up_screen_golden_test.dart: SignUpScreen golden (UI-safe) initial state
00:06 +14 -3: c:/Works/finance_tracking_app/test/golden_test/transaction_history_screen_golden_test.dart: TransactionHistoryScreen golden (UI-safe) initial blocking loading (categories loading + cubit loading)
00:06 +15 -3: c:/Works/finance_tracking_app/test/golden_test/welcome_screen_golden_test.dart: WelcomeScreen golden snapshot
00:06 +15 -4: c:/Works/finance_tracking_app/test/golden_test/welcome_screen_golden_test.dart: WelcomeScreen golden snapshot
00:06 +15 -4: c:/Works/finance_tracking_app/test/unit_test/core/exception_mapper_test.dart: ExceptionMapper maps 401 to AuthException [E]
  Expected: <Instance of 'AuthException'>
    Actual: AppException:<DioException [bad response]: null>
     Which: is not an instance of 'AuthException'
  
  package:matcher                                      expect
  package:flutter_test/src/widget_tester.dart 473:18   expect
  test\unit_test\core\exception_mapper_test.dart 22:7  main.<fn>.<fn>
  
00:07 +15 -5: c:/Works/finance_tracking_app/test/golden_test/welcome_screen_golden_test.dart: WelcomeScreen golden snapshot
00:07 +15 -5: c:/Works/finance_tracking_app/test/unit_test/core/exception_mapper_test.dart: ExceptionMapper maps timeout to NetworkException [E]
  Expected: <Instance of 'NetworkException'>
    Actual: AppException:<DioException [connection timeout]: null>
     Which: is not an instance of 'NetworkException'
  
  package:matcher                                      expect
  package:flutter_test/src/widget_tester.dart 473:18   expect
  test\unit_test\core\exception_mapper_test.dart 33:7  main.<fn>.<fn>
  
00:07 +16 -5: c:/Works/finance_tracking_app/test/golden_test/welcome_screen_golden_test.dart: WelcomeScreen golden snapshot
00:07 +17 -5: c:/Works/finance_tracking_app/test/golden_test/welcome_screen_golden_test.dart: WelcomeScreen golden snapshot
00:07 +18 -5: c:/Works/finance_tracking_app/test/golden_test/welcome_screen_golden_test.dart: WelcomeScreen golden snapshot
00:07 +19 -5: c:/Works/finance_tracking_app/test/golden_test/welcome_screen_golden_test.dart: WelcomeScreen golden snapshot
00:07 +20 -5: c:/Works/finance_tracking_app/test/golden_test/sign_up_screen_golden_test.dart: SignUpScreen golden (UI-safe) loading state
00:07 +21 -5: c:/Works/finance_tracking_app/test/golden_test/sign_up_screen_golden_test.dart: SignUpScreen golden (UI-safe) loading state
00:08 +22 -5: c:/Works/finance_tracking_app/test/golden_test/sign_up_screen_golden_test.dart: SignUpScreen golden (UI-safe) error state
00:08 +23 -5: c:/Works/finance_tracking_app/test/golden_test/sign_up_screen_golden_test.dart: (tearDownAll)
00:09 +23 -5: c:/Works/finance_tracking_app/test/unit_test/core/network/dio_client_test.dart: (setUpAll)
00:09 +23 -5: c:/Works/finance_tracking_app/test/unit_test/core/network/dio_client_test.dart: DioClient attaches Authorization header
00:09 +24 -5: c:/Works/finance_tracking_app/test/unit_test/core/network/dio_client_test.dart: DioClient uses anonKey when tokenProvider returns null
00:09 +24 -6: c:/Works/finance_tracking_app/test/unit_test/core/network/dio_client_test.dart: DioClient uses anonKey when tokenProvider returns null [E]
  DioException [unknown]: null
  Error: Expected: 'Bearer anon'
    Actual: <null>
     Which: not an <Instance of 'String'>
  
  package:dio/src/dio_mixin.dart 523:7  DioMixin.fetch
  
00:09 +24 -6: c:/Works/finance_tracking_app/test/unit_test/core/network/dio_client_test.dart: (tearDownAll)
00:09 +24 -6: c:/Works/finance_tracking_app/test/unit_test/feature/budgets/data/budgets_repository_impl_test.dart: BudgetsRepositoryImpl getMyBudgets returns list of Budget entities on success
00:10 +25 -6: c:/Works/finance_tracking_app/test/unit_test/feature/budgets/data/budgets_repository_impl_test.dart: BudgetsRepositoryImpl getMyBudgets throws exception when userId is null
â”Œâ”€â”€â”€â”€â”€â”€â”€â”€â”€â”€â”€â”€â”€â”€â”€â”€â”€â”€â”€â”€â”€â”€â”€â”€â”€â”€â”€â”€â”€â”€â”€â”€â”€â”€â”€â”€â”€â”€â”€â”€â”€â”€â”€â”€â”€â”€â”€â”€â”€â”€â”€â”€â”€â”€â”€â”€â”€â”€â”€â”€â”€â”€â”€â”€â”€â”€â”€â”€â”€â”€â”€â”€â”€â”€â”€â”€â”€â”€â”€â”€â”€â”€â”€â”€â”€â”€â”€â”€â”€â”€â”€â”€â”€â”€â”€â”€â”€â”€â”€
â”‚ FormatException: User ID is missing. Please login again.
â”œâ”„â”„â”„â”„â”„â”„â”„â”„â”„â”„â”„â”„â”„â”„â”„â”„â”„â”„â”„â”„â”„â”„â”„â”„â”„â”„â”„â”„â”„â”„â”„â”„â”„â”„â”„â”„â”„â”„â”„â”„â”„â”„â”„â”„â”„â”„â”„â”„â”„â”„â”„â”„â”„â”„â”„â”„â”„â”„â”„â”„â”„â”„â”„â”„â”„â”„â”„â”„â”„â”„â”„â”„â”„â”„â”„â”„â”„â”„â”„â”„â”„â”„â”„â”„â”„â”„â”„â”„â”„â”„â”„â”„â”„â”„â”„â”„â”„â”„â”„
â”‚ #0   BudgetsRepositoryImpl._requireUserId (package:finance_tracker_app/feature/budgets/data/repositories/budgets_repository_impl.dart:107:7)
â”‚ #1   <asynchronous suspension>
â”‚ #2   BudgetsRepositoryImpl.getMyBudgets (package:finance_tracker_app/feature/budgets/data/repositories/budgets_repository_impl.dart:24:19)
â”‚ #3   <asynchronous suspension>
â”‚ #4   Throws._matchFuture (package:matcher/src/expect/throws_matcher.dart:102:19)
â”œâ”„â”„â”„â”„â”„â”„â”„â”„â”„â”„â”„â”„â”„â”„â”„â”„â”„â”„â”„â”„â”„â”„â”„â”„â”„â”„â”„â”„â”„â”„â”„â”„â”„â”„â”„â”„â”„â”„â”„â”„â”„â”„â”„â”„â”„â”„â”„â”„â”„â”„â”„â”„â”„â”„â”„â”„â”„â”„â”„â”„â”„â”„â”„â”„â”„â”„â”„â”„â”„â”„â”„â”„â”„â”„â”„â”„â”„â”„â”„â”„â”„â”„â”„â”„â”„â”„â”„â”„â”„â”„â”„â”„â”„â”„â”„â”„â”„â”„â”„
â”‚ 10:13:59.956 (+0:00:00.004994)
â”œâ”„â”„â”„â”„â”„â”„â”„â”„â”„â”„â”„â”„â”„â”„â”„â”„â”„â”„â”„â”„â”„â”„â”„â”„â”„â”„â”„â”„â”„â”„â”„â”„â”„â”„â”„â”„â”„â”„â”„â”„â”„â”„â”„â”„â”„â”„â”„â”„â”„â”„â”„â”„â”„â”„â”„â”„â”„â”„â”„â”„â”„â”„â”„â”„â”„â”„â”„â”„â”„â”„â”„â”„â”„â”„â”„â”„â”„â”„â”„â”„â”„â”„â”„â”„â”„â”„â”„â”„â”„â”„â”„â”„â”„â”„â”„â”„â”„â”„â”„
â”‚ ğŸ› [REPO] getMyBudgets failed
â””â”€â”€â”€â”€â”€â”€â”€â”€â”€â”€â”€â”€â”€â”€â”€â”€â”€â”€â”€â”€â”€â”€â”€â”€â”€â”€â”€â”€â”€â”€â”€â”€â”€â”€â”€â”€â”€â”€â”€â”€â”€â”€â”€â”€â”€â”€â”€â”€â”€â”€â”€â”€â”€â”€â”€â”€â”€â”€â”€â”€â”€â”€â”€â”€â”€â”€â”€â”€â”€â”€â”€â”€â”€â”€â”€â”€â”€â”€â”€â”€â”€â”€â”€â”€â”€â”€â”€â”€â”€â”€â”€â”€â”€â”€â”€â”€â”€â”€â”€
00:10 +26 -6: c:/Works/finance_tracking_app/test/unit_test/feature/budgets/data/budgets_repository_impl_test.dart: BudgetsRepositoryImpl getMyBudgets throws exception when userId is empty
â”Œâ”€â”€â”€â”€â”€â”€â”€â”€â”€â”€â”€â”€â”€â”€â”€â”€â”€â”€â”€â”€â”€â”€â”€â”€â”€â”€â”€â”€â”€â”€â”€â”€â”€â”€â”€â”€â”€â”€â”€â”€â”€â”€â”€â”€â”€â”€â”€â”€â”€â”€â”€â”€â”€â”€â”€â”€â”€â”€â”€â”€â”€â”€â”€â”€â”€â”€â”€â”€â”€â”€â”€â”€â”€â”€â”€â”€â”€â”€â”€â”€â”€â”€â”€â”€â”€â”€â”€â”€â”€â”€â”€â”€â”€â”€â”€â”€â”€â”€â”€
â”‚ FormatException: User ID is missing. Please login again.
â”œâ”„â”„â”„â”„â”„â”„â”„â”„â”„â”„â”„â”„â”„â”„â”„â”„â”„â”„â”„â”„â”„â”„â”„â”„â”„â”„â”„â”„â”„â”„â”„â”„â”„â”„â”„â”„â”„â”„â”„â”„â”„â”„â”„â”„â”„â”„â”„â”„â”„â”„â”„â”„â”„â”„â”„â”„â”„â”„â”„â”„â”„â”„â”„â”„â”„â”„â”„â”„â”„â”„â”„â”„â”„â”„â”„â”„â”„â”„â”„â”„â”„â”„â”„â”„â”„â”„â”„â”„â”„â”„â”„â”„â”„â”„â”„â”„â”„â”„â”„
â”‚ #0   BudgetsRepositoryImpl._requireUserId (package:finance_tracker_app/feature/budgets/data/repositories/budgets_repository_impl.dart:107:7)
â”‚ #1   <asynchronous suspension>
â”‚ #2   BudgetsRepositoryImpl.getMyBudgets (package:finance_tracker_app/feature/budgets/data/repositories/budgets_repository_impl.dart:24:19)
â”‚ #3   <asynchronous suspension>
â”‚ #4   Throws._matchFuture (package:matcher/src/expect/throws_matcher.dart:102:19)
â”œâ”„â”„â”„â”„â”„â”„â”„â”„â”„â”„â”„â”„â”„â”„â”„â”„â”„â”„â”„â”„â”„â”„â”„â”„â”„â”„â”„â”„â”„â”„â”„â”„â”„â”„â”„â”„â”„â”„â”„â”„â”„â”„â”„â”„â”„â”„â”„â”„â”„â”„â”„â”„â”„â”„â”„â”„â”„â”„â”„â”„â”„â”„â”„â”„â”„â”„â”„â”„â”„â”„â”„â”„â”„â”„â”„â”„â”„â”„â”„â”„â”„â”„â”„â”„â”„â”„â”„â”„â”„â”„â”„â”„â”„â”„â”„â”„â”„â”„â”„
â”‚ 10:14:00.016 (+0:00:00.065678)
â”œâ”„â”„â”„â”„â”„â”„â”„â”„â”„â”„â”„â”„â”„â”„â”„â”„â”„â”„â”„â”„â”„â”„â”„â”„â”„â”„â”„â”„â”„â”„â”„â”„â”„â”„â”„â”„â”„â”„â”„â”„â”„â”„â”„â”„â”„â”„â”„â”„â”„â”„â”„â”„â”„â”„â”„â”„â”„â”„â”„â”„â”„â”„â”„â”„â”„â”„â”„â”„â”„â”„â”„â”„â”„â”„â”„â”„â”„â”„â”„â”„â”„â”„â”„â”„â”„â”„â”„â”„â”„â”„â”„â”„â”„â”„â”„â”„â”„â”„â”„
â”‚ ğŸ› [REPO] getMyBudgets failed
â””â”€â”€â”€â”€â”€â”€â”€â”€â”€â”€â”€â”€â”€â”€â”€â”€â”€â”€â”€â”€â”€â”€â”€â”€â”€â”€â”€â”€â”€â”€â”€â”€â”€â”€â”€â”€â”€â”€â”€â”€â”€â”€â”€â”€â”€â”€â”€â”€â”€â”€â”€â”€â”€â”€â”€â”€â”€â”€â”€â”€â”€â”€â”€â”€â”€â”€â”€â”€â”€â”€â”€â”€â”€â”€â”€â”€â”€â”€â”€â”€â”€â”€â”€â”€â”€â”€â”€â”€â”€â”€â”€â”€â”€â”€â”€â”€â”€â”€â”€
00:10 +27 -6: c:/Works/finance_tracking_app/test/unit_test/feature/budgets/data/budgets_repository_impl_test.dart: BudgetsRepositoryImpl getMyBudgets throws exception when remote throws
â”Œâ”€â”€â”€â”€â”€â”€â”€â”€â”€â”€â”€â”€â”€â”€â”€â”€â”€â”€â”€â”€â”€â”€â”€â”€â”€â”€â”€â”€â”€â”€â”€â”€â”€â”€â”€â”€â”€â”€â”€â”€â”€â”€â”€â”€â”€â”€â”€â”€â”€â”€â”€â”€â”€â”€â”€â”€â”€â”€â”€â”€â”€â”€â”€â”€â”€â”€â”€â”€â”€â”€â”€â”€â”€â”€â”€â”€â”€â”€â”€â”€â”€â”€â”€â”€â”€â”€â”€â”€â”€â”€â”€â”€â”€â”€â”€â”€â”€â”€â”€
â”‚ Exception: Network error
â”œâ”„â”„â”„â”„â”„â”„â”„â”„â”„â”„â”„â”„â”„â”„â”„â”„â”„â”„â”„â”„â”„â”„â”„â”„â”„â”„â”„â”„â”„â”„â”„â”„â”„â”„â”„â”„â”„â”„â”„â”„â”„â”„â”„â”„â”„â”„â”„â”„â”„â”„â”„â”„â”„â”„â”„â”„â”„â”„â”„â”„â”„â”„â”„â”„â”„â”„â”„â”„â”„â”„â”„â”„â”„â”„â”„â”„â”„â”„â”„â”„â”„â”„â”„â”„â”„â”„â”„â”„â”„â”„â”„â”„â”„â”„â”„â”„â”„â”„â”„
â”‚ #0   When.thenThrow.<anonymous closure> (package:mocktail/src/mocktail.dart:249:7)
â”‚ #1   Mock.noSuchMethod (package:mocktail/src/mocktail.dart:131:37)
â”‚ #2   MockBudgetsRemoteDataSource.getMyBudgets (file:///c:/Works/finance_tracking_app/test/unit_test/feature/budgets/data/budgets_repository_impl_test.dart:8:7)
â”‚ #3   BudgetsRepositoryImpl.getMyBudgets (package:finance_tracker_app/feature/budgets/data/repositories/budgets_repository_impl.dart:25:33)
â”‚ #4   <asynchronous suspension>
â”œâ”„â”„â”„â”„â”„â”„â”„â”„â”„â”„â”„â”„â”„â”„â”„â”„â”„â”„â”„â”„â”„â”„â”„â”„â”„â”„â”„â”„â”„â”„â”„â”„â”„â”„â”„â”„â”„â”„â”„â”„â”„â”„â”„â”„â”„â”„â”„â”„â”„â”„â”„â”„â”„â”„â”„â”„â”„â”„â”„â”„â”„â”„â”„â”„â”„â”„â”„â”„â”„â”„â”„â”„â”„â”„â”„â”„â”„â”„â”„â”„â”„â”„â”„â”„â”„â”„â”„â”„â”„â”„â”„â”„â”„â”„â”„â”„â”„â”„â”„
â”‚ 10:14:00.062 (+0:00:00.111736)
â”œâ”„â”„â”„â”„â”„â”„â”„â”„â”„â”„â”„â”„â”„â”„â”„â”„â”„â”„â”„â”„â”„â”„â”„â”„â”„â”„â”„â”„â”„â”„â”„â”„â”„â”„â”„â”„â”„â”„â”„â”„â”„â”„â”„â”„â”„â”„â”„â”„â”„â”„â”„â”„â”„â”„â”„â”„â”„â”„â”„â”„â”„â”„â”„â”„â”„â”„â”„â”„â”„â”„â”„â”„â”„â”„â”„â”„â”„â”„â”„â”„â”„â”„â”„â”„â”„â”„â”„â”„â”„â”„â”„â”„â”„â”„â”„â”„â”„â”„â”„
â”‚ ğŸ› [REPO] getMyBudgets failed
â””â”€â”€â”€â”€â”€â”€â”€â”€â”€â”€â”€â”€â”€â”€â”€â”€â”€â”€â”€â”€â”€â”€â”€â”€â”€â”€â”€â”€â”€â”€â”€â”€â”€â”€â”€â”€â”€â”€â”€â”€â”€â”€â”€â”€â”€â”€â”€â”€â”€â”€â”€â”€â”€â”€â”€â”€â”€â”€â”€â”€â”€â”€â”€â”€â”€â”€â”€â”€â”€â”€â”€â”€â”€â”€â”€â”€â”€â”€â”€â”€â”€â”€â”€â”€â”€â”€â”€â”€â”€â”€â”€â”€â”€â”€â”€â”€â”€â”€â”€
00:10 +28 -6: c:/Works/finance_tracking_app/test/unit_test/feature/budgets/data/budgets_repository_impl_test.dart: BudgetsRepositoryImpl createBudget creates budget and returns Budget entity on success
00:10 +29 -6: c:/Works/finance_tracking_app/test/unit_test/feature/budgets/data/budgets_repository_impl_test.dart: BudgetsRepositoryImpl createBudget throws exception when remote returns empty response
â”Œâ”€â”€â”€â”€â”€â”€â”€â”€â”€â”€â”€â”€â”€â”€â”€â”€â”€â”€â”€â”€â”€â”€â”€â”€â”€â”€â”€â”€â”€â”€â”€â”€â”€â”€â”€â”€â”€â”€â”€â”€â”€â”€â”€â”€â”€â”€â”€â”€â”€â”€â”€â”€â”€â”€â”€â”€â”€â”€â”€â”€â”€â”€â”€â”€â”€â”€â”€â”€â”€â”€â”€â”€â”€â”€â”€â”€â”€â”€â”€â”€â”€â”€â”€â”€â”€â”€â”€â”€â”€â”€â”€â”€â”€â”€â”€â”€â”€â”€â”€
â”‚ FormatException: Create budget failed: empty response
â”œâ”„â”„â”„â”„â”„â”„â”„â”„â”„â”„â”„â”„â”„â”„â”„â”„â”„â”„â”„â”„â”„â”„â”„â”„â”„â”„â”„â”„â”„â”„â”„â”„â”„â”„â”„â”„â”„â”„â”„â”„â”„â”„â”„â”„â”„â”„â”„â”„â”„â”„â”„â”„â”„â”„â”„â”„â”„â”„â”„â”„â”„â”„â”„â”„â”„â”„â”„â”„â”„â”„â”„â”„â”„â”„â”„â”„â”„â”„â”„â”„â”„â”„â”„â”„â”„â”„â”„â”„â”„â”„â”„â”„â”„â”„â”„â”„â”„â”„â”„
â”‚ #0   BudgetsRepositoryImpl.createBudget (package:finance_tracker_app/feature/budgets/data/repositories/budgets_repository_impl.dart:50:9)
â”‚ #1   <asynchronous suspension>
â”‚ #2   Throws._matchFuture (package:matcher/src/expect/throws_matcher.dart:102:19)
â”‚ #3   <asynchronous suspension>
â”‚ #4   _expect.<anonymous closure> (package:matcher/src/expect/expect.dart:123:26)
â”œâ”„â”„â”„â”„â”„â”„â”„â”„â”„â”„â”„â”„â”„â”„â”„â”„â”„â”„â”„â”„â”„â”„â”„â”„â”„â”„â”„â”„â”„â”„â”„â”„â”„â”„â”„â”„â”„â”„â”„â”„â”„â”„â”„â”„â”„â”„â”„â”„â”„â”„â”„â”„â”„â”„â”„â”„â”„â”„â”„â”„â”„â”„â”„â”„â”„â”„â”„â”„â”„â”„â”„â”„â”„â”„â”„â”„â”„â”„â”„â”„â”„â”„â”„â”„â”„â”„â”„â”„â”„â”„â”„â”„â”„â”„â”„â”„â”„â”„â”„
â”‚ 10:14:00.118 (+0:00:00.167775)
â”œâ”„â”„â”„â”„â”„â”„â”„â”„â”„â”„â”„â”„â”„â”„â”„â”„â”„â”„â”„â”„â”„â”„â”„â”„â”„â”„â”„â”„â”„â”„â”„â”„â”„â”„â”„â”„â”„â”„â”„â”„â”„â”„â”„â”„â”„â”„â”„â”„â”„â”„â”„â”„â”„â”„â”„â”„â”„â”„â”„â”„â”„â”„â”„â”„â”„â”„â”„â”„â”„â”„â”„â”„â”„â”„â”„â”„â”„â”„â”„â”„â”„â”„â”„â”„â”„â”„â”„â”„â”„â”„â”„â”„â”„â”„â”„â”„â”„â”„â”„
â”‚ ğŸ› [REPO] createBudget failed
â””â”€â”€â”€â”€â”€â”€â”€â”€â”€â”€â”€â”€â”€â”€â”€â”€â”€â”€â”€â”€â”€â”€â”€â”€â”€â”€â”€â”€â”€â”€â”€â”€â”€â”€â”€â”€â”€â”€â”€â”€â”€â”€â”€â”€â”€â”€â”€â”€â”€â”€â”€â”€â”€â”€â”€â”€â”€â”€â”€â”€â”€â”€â”€â”€â”€â”€â”€â”€â”€â”€â”€â”€â”€â”€â”€â”€â”€â”€â”€â”€â”€â”€â”€â”€â”€â”€â”€â”€â”€â”€â”€â”€â”€â”€â”€â”€â”€â”€â”€
00:10 +30 -6: c:/Works/finance_tracking_app/test/unit_test/feature/budgets/data/budgets_repository_impl_test.dart: BudgetsRepositoryImpl createBudget throws exception when userId is missing
â”Œâ”€â”€â”€â”€â”€â”€â”€â”€â”€â”€â”€â”€â”€â”€â”€â”€â”€â”€â”€â”€â”€â”€â”€â”€â”€â”€â”€â”€â”€â”€â”€â”€â”€â”€â”€â”€â”€â”€â”€â”€â”€â”€â”€â”€â”€â”€â”€â”€â”€â”€â”€â”€â”€â”€â”€â”€â”€â”€â”€â”€â”€â”€â”€â”€â”€â”€â”€â”€â”€â”€â”€â”€â”€â”€â”€â”€â”€â”€â”€â”€â”€â”€â”€â”€â”€â”€â”€â”€â”€â”€â”€â”€â”€â”€â”€â”€â”€â”€â”€
â”‚ FormatException: User ID is missing. Please login again.
â”œâ”„â”„â”„â”„â”„â”„â”„â”„â”„â”„â”„â”„â”„â”„â”„â”„â”„â”„â”„â”„â”„â”„â”„â”„â”„â”„â”„â”„â”„â”„â”„â”„â”„â”„â”„â”„â”„â”„â”„â”„â”„â”„â”„â”„â”„â”„â”„â”„â”„â”„â”„â”„â”„â”„â”„â”„â”„â”„â”„â”„â”„â”„â”„â”„â”„â”„â”„â”„â”„â”„â”„â”„â”„â”„â”„â”„â”„â”„â”„â”„â”„â”„â”„â”„â”„â”„â”„â”„â”„â”„â”„â”„â”„â”„â”„â”„â”„â”„â”„
â”‚ #0   BudgetsRepositoryImpl._requireUserId (package:finance_tracker_app/feature/budgets/data/repositories/budgets_repository_impl.dart:107:7)
â”‚ #1   <asynchronous suspension>
â”‚ #2   BudgetsRepositoryImpl.createBudget (package:finance_tracker_app/feature/budgets/data/repositories/budgets_repository_impl.dart:41:19)
â”‚ #3   <asynchronous suspension>
â”‚ #4   Throws._matchFuture (package:matcher/src/expect/throws_matcher.dart:102:19)
â”œâ”„â”„â”„â”„â”„â”„â”„â”„â”„â”„â”„â”„â”„â”„â”„â”„â”„â”„â”„â”„â”„â”„â”„â”„â”„â”„â”„â”„â”„â”„â”„â”„â”„â”„â”„â”„â”„â”„â”„â”„â”„â”„â”„â”„â”„â”„â”„â”„â”„â”„â”„â”„â”„â”„â”„â”„â”„â”„â”„â”„â”„â”„â”„â”„â”„â”„â”„â”„â”„â”„â”„â”„â”„â”„â”„â”„â”„â”„â”„â”„â”„â”„â”„â”„â”„â”„â”„â”„â”„â”„â”„â”„â”„â”„â”„â”„â”„â”„â”„
â”‚ 10:14:00.165 (+0:00:00.214682)
â”œâ”„â”„â”„â”„â”„â”„â”„â”„â”„â”„â”„â”„â”„â”„â”„â”„â”„â”„â”„â”„â”„â”„â”„â”„â”„â”„â”„â”„â”„â”„â”„â”„â”„â”„â”„â”„â”„â”„â”„â”„â”„â”„â”„â”„â”„â”„â”„â”„â”„â”„â”„â”„â”„â”„â”„â”„â”„â”„â”„â”„â”„â”„â”„â”„â”„â”„â”„â”„â”„â”„â”„â”„â”„â”„â”„â”„â”„â”„â”„â”„â”„â”„â”„â”„â”„â”„â”„â”„â”„â”„â”„â”„â”„â”„â”„â”„â”„â”„â”„
â”‚ ğŸ› [REPO] createBudget failed
â””â”€â”€â”€â”€â”€â”€â”€â”€â”€â”€â”€â”€â”€â”€â”€â”€â”€â”€â”€â”€â”€â”€â”€â”€â”€â”€â”€â”€â”€â”€â”€â”€â”€â”€â”€â”€â”€â”€â”€â”€â”€â”€â”€â”€â”€â”€â”€â”€â”€â”€â”€â”€â”€â”€â”€â”€â”€â”€â”€â”€â”€â”€â”€â”€â”€â”€â”€â”€â”€â”€â”€â”€â”€â”€â”€â”€â”€â”€â”€â”€â”€â”€â”€â”€â”€â”€â”€â”€â”€â”€â”€â”€â”€â”€â”€â”€â”€â”€â”€
00:10 +31 -6: c:/Works/finance_tracking_app/test/unit_test/feature/budgets/data/budgets_repository_impl_test.dart: BudgetsRepositoryImpl updateBudget updates budget and returns Budget entity on success
00:10 +32 -6: c:/Works/finance_tracking_app/test/unit_test/feature/budgets/data/budgets_repository_impl_test.dart: BudgetsRepositoryImpl updateBudget throws exception when remote returns empty response
â”Œâ”€â”€â”€â”€â”€â”€â”€â”€â”€â”€â”€â”€â”€â”€â”€â”€â”€â”€â”€â”€â”€â”€â”€â”€â”€â”€â”€â”€â”€â”€â”€â”€â”€â”€â”€â”€â”€â”€â”€â”€â”€â”€â”€â”€â”€â”€â”€â”€â”€â”€â”€â”€â”€â”€â”€â”€â”€â”€â”€â”€â”€â”€â”€â”€â”€â”€â”€â”€â”€â”€â”€â”€â”€â”€â”€â”€â”€â”€â”€â”€â”€â”€â”€â”€â”€â”€â”€â”€â”€â”€â”€â”€â”€â”€â”€â”€â”€â”€â”€
â”‚ FormatException: Update budget failed: empty response
â”œâ”„â”„â”„â”„â”„â”„â”„â”„â”„â”„â”„â”„â”„â”„â”„â”„â”„â”„â”„â”„â”„â”„â”„â”„â”„â”„â”„â”„â”„â”„â”„â”„â”„â”„â”„â”„â”„â”„â”„â”„â”„â”„â”„â”„â”„â”„â”„â”„â”„â”„â”„â”„â”„â”„â”„â”„â”„â”„â”„â”„â”„â”„â”„â”„â”„â”„â”„â”„â”„â”„â”„â”„â”„â”„â”„â”„â”„â”„â”„â”„â”„â”„â”„â”„â”„â”„â”„â”„â”„â”„â”„â”„â”„â”„â”„â”„â”„â”„â”„
â”‚ #0   BudgetsRepositoryImpl.updateBudget (package:finance_tracker_app/feature/budgets/data/repositories/budgets_repository_impl.dart:77:9)
â”‚ #1   <asynchronous suspension>
â”‚ #2   Throws._matchFuture (package:matcher/src/expect/throws_matcher.dart:102:19)
â”‚ #3   <asynchronous suspension>
â”‚ #4   _expect.<anonymous closure> (package:matcher/src/expect/expect.dart:123:26)
â”œâ”„â”„â”„â”„â”„â”„â”„â”„â”„â”„â”„â”„â”„â”„â”„â”„â”„â”„â”„â”„â”„â”„â”„â”„â”„â”„â”„â”„â”„â”„â”„â”„â”„â”„â”„â”„â”„â”„â”„â”„â”„â”„â”„â”„â”„â”„â”„â”„â”„â”„â”„â”„â”„â”„â”„â”„â”„â”„â”„â”„â”„â”„â”„â”„â”„â”„â”„â”„â”„â”„â”„â”„â”„â”„â”„â”„â”„â”„â”„â”„â”„â”„â”„â”„â”„â”„â”„â”„â”„â”„â”„â”„â”„â”„â”„â”„â”„â”„â”„
â”‚ 10:14:00.208 (+0:00:00.257836)
â”œâ”„â”„â”„â”„â”„â”„â”„â”„â”„â”„â”„â”„â”„â”„â”„â”„â”„â”„â”„â”„â”„â”„â”„â”„â”„â”„â”„â”„â”„â”„â”„â”„â”„â”„â”„â”„â”„â”„â”„â”„â”„â”„â”„â”„â”„â”„â”„â”„â”„â”„â”„â”„â”„â”„â”„â”„â”„â”„â”„â”„â”„â”„â”„â”„â”„â”„â”„â”„â”„â”„â”„â”„â”„â”„â”„â”„â”„â”„â”„â”„â”„â”„â”„â”„â”„â”„â”„â”„â”„â”„â”„â”„â”„â”„â”„â”„â”„â”„â”„
â”‚ ğŸ› [REPO] updateBudget failed
â””â”€â”€â”€â”€â”€â”€â”€â”€â”€â”€â”€â”€â”€â”€â”€â”€â”€â”€â”€â”€â”€â”€â”€â”€â”€â”€â”€â”€â”€â”€â”€â”€â”€â”€â”€â”€â”€â”€â”€â”€â”€â”€â”€â”€â”€â”€â”€â”€â”€â”€â”€â”€â”€â”€â”€â”€â”€â”€â”€â”€â”€â”€â”€â”€â”€â”€â”€â”€â”€â”€â”€â”€â”€â”€â”€â”€â”€â”€â”€â”€â”€â”€â”€â”€â”€â”€â”€â”€â”€â”€â”€â”€â”€â”€â”€â”€â”€â”€â”€
00:10 +33 -6: c:/Works/finance_tracking_app/test/unit_test/feature/budgets/data/budgets_repository_impl_test.dart: BudgetsRepositoryImpl updateBudget throws exception when remote throws
â”Œâ”€â”€â”€â”€â”€â”€â”€â”€â”€â”€â”€â”€â”€â”€â”€â”€â”€â”€â”€â”€â”€â”€â”€â”€â”€â”€â”€â”€â”€â”€â”€â”€â”€â”€â”€â”€â”€â”€â”€â”€â”€â”€â”€â”€â”€â”€â”€â”€â”€â”€â”€â”€â”€â”€â”€â”€â”€â”€â”€â”€â”€â”€â”€â”€â”€â”€â”€â”€â”€â”€â”€â”€â”€â”€â”€â”€â”€â”€â”€â”€â”€â”€â”€â”€â”€â”€â”€â”€â”€â”€â”€â”€â”€â”€â”€â”€â”€â”€â”€
â”‚ Exception: Update failed
â”œâ”„â”„â”„â”„â”„â”„â”„â”„â”„â”„â”„â”„â”„â”„â”„â”„â”„â”„â”„â”„â”„â”„â”„â”„â”„â”„â”„â”„â”„â”„â”„â”„â”„â”„â”„â”„â”„â”„â”„â”„â”„â”„â”„â”„â”„â”„â”„â”„â”„â”„â”„â”„â”„â”„â”„â”„â”„â”„â”„â”„â”„â”„â”„â”„â”„â”„â”„â”„â”„â”„â”„â”„â”„â”„â”„â”„â”„â”„â”„â”„â”„â”„â”„â”„â”„â”„â”„â”„â”„â”„â”„â”„â”„â”„â”„â”„â”„â”„â”„
â”‚ #0   When.thenThrow.<anonymous closure> (package:mocktail/src/mocktail.dart:249:7)
â”‚ #1   Mock.noSuchMethod (package:mocktail/src/mocktail.dart:131:37)
â”‚ #2   MockBudgetsRemoteDataSource.updateBudget (file:///c:/Works/finance_tracking_app/test/unit_test/feature/budgets/data/budgets_repository_impl_test.dart:8:7)
â”‚ #3   BudgetsRepositoryImpl.updateBudget (package:finance_tracker_app/feature/budgets/data/repositories/budgets_repository_impl.dart:69:33)
â”‚ #4   main.<anonymous closure>.<anonymous closure>.<anonymous closure>.<anonymous closure> (file:///c:/Works/finance_tracking_app/test/unit_test/feature/budgets/data/budgets_repository_impl_test.dart:225:22)
â”œâ”„â”„â”„â”„â”„â”„â”„â”„â”„â”„â”„â”„â”„â”„â”„â”„â”„â”„â”„â”„â”„â”„â”„â”„â”„â”„â”„â”„â”„â”„â”„â”„â”„â”„â”„â”„â”„â”„â”„â”„â”„â”„â”„â”„â”„â”„â”„â”„â”„â”„â”„â”„â”„â”„â”„â”„â”„â”„â”„â”„â”„â”„â”„â”„â”„â”„â”„â”„â”„â”„â”„â”„â”„â”„â”„â”„â”„â”„â”„â”„â”„â”„â”„â”„â”„â”„â”„â”„â”„â”„â”„â”„â”„â”„â”„â”„â”„â”„â”„
â”‚ 10:14:00.232 (+0:00:00.281008)
â”œâ”„â”„â”„â”„â”„â”„â”„â”„â”„â”„â”„â”„â”„â”„â”„â”„â”„â”„â”„â”„â”„â”„â”„â”„â”„â”„â”„â”„â”„â”„â”„â”„â”„â”„â”„â”„â”„â”„â”„â”„â”„â”„â”„â”„â”„â”„â”„â”„â”„â”„â”„â”„â”„â”„â”„â”„â”„â”„â”„â”„â”„â”„â”„â”„â”„â”„â”„â”„â”„â”„â”„â”„â”„â”„â”„â”„â”„â”„â”„â”„â”„â”„â”„â”„â”„â”„â”„â”„â”„â”„â”„â”„â”„â”„â”„â”„â”„â”„â”„
â”‚ ğŸ› [REPO] updateBudget failed
â””â”€â”€â”€â”€â”€â”€â”€â”€â”€â”€â”€â”€â”€â”€â”€â”€â”€â”€â”€â”€â”€â”€â”€â”€â”€â”€â”€â”€â”€â”€â”€â”€â”€â”€â”€â”€â”€â”€â”€â”€â”€â”€â”€â”€â”€â”€â”€â”€â”€â”€â”€â”€â”€â”€â”€â”€â”€â”€â”€â”€â”€â”€â”€â”€â”€â”€â”€â”€â”€â”€â”€â”€â”€â”€â”€â”€â”€â”€â”€â”€â”€â”€â”€â”€â”€â”€â”€â”€â”€â”€â”€â”€â”€â”€â”€â”€â”€â”€â”€
00:10 +34 -6: c:/Works/finance_tracking_app/test/unit_test/feature/budgets/data/budgets_repository_impl_test.dart: BudgetsRepositoryImpl deleteBudget deletes budget successfully
00:10 +35 -6: c:/Works/finance_tracking_app/test/unit_test/feature/budgets/data/budgets_repository_impl_test.dart: BudgetsRepositoryImpl deleteBudget throws exception when remote throws
â”Œâ”€â”€â”€â”€â”€â”€â”€â”€â”€â”€â”€â”€â”€â”€â”€â”€â”€â”€â”€â”€â”€â”€â”€â”€â”€â”€â”€â”€â”€â”€â”€â”€â”€â”€â”€â”€â”€â”€â”€â”€â”€â”€â”€â”€â”€â”€â”€â”€â”€â”€â”€â”€â”€â”€â”€â”€â”€â”€â”€â”€â”€â”€â”€â”€â”€â”€â”€â”€â”€â”€â”€â”€â”€â”€â”€â”€â”€â”€â”€â”€â”€â”€â”€â”€â”€â”€â”€â”€â”€â”€â”€â”€â”€â”€â”€â”€â”€â”€â”€
â”‚ Exception: Delete failed
â”œâ”„â”„â”„â”„â”„â”„â”„â”„â”„â”„â”„â”„â”„â”„â”„â”„â”„â”„â”„â”„â”„â”„â”„â”„â”„â”„â”„â”„â”„â”„â”„â”„â”„â”„â”„â”„â”„â”„â”„â”„â”„â”„â”„â”„â”„â”„â”„â”„â”„â”„â”„â”„â”„â”„â”„â”„â”„â”„â”„â”„â”„â”„â”„â”„â”„â”„â”„â”„â”„â”„â”„â”„â”„â”„â”„â”„â”„â”„â”„â”„â”„â”„â”„â”„â”„â”„â”„â”„â”„â”„â”„â”„â”„â”„â”„â”„â”„â”„â”„
â”‚ #0   When.thenThrow.<anonymous closure> (package:mocktail/src/mocktail.dart:249:7)
â”‚ #1   Mock.noSuchMethod (package:mocktail/src/mocktail.dart:131:37)
â”‚ #2   MockBudgetsRemoteDataSource.deleteBudget (file:///c:/Works/finance_tracking_app/test/unit_test/feature/budgets/data/budgets_repository_impl_test.dart:8:7)
â”‚ #3   BudgetsRepositoryImpl.deleteBudget (package:finance_tracker_app/feature/budgets/data/repositories/budgets_repository_impl.dart:91:21)
â”‚ #4   main.<anonymous closure>.<anonymous closure>.<anonymous closure>.<anonymous closure> (file:///c:/Works/finance_tracking_app/test/unit_test/feature/budgets/data/budgets_repository_impl_test.dart:246:22)
â”œâ”„â”„â”„â”„â”„â”„â”„â”„â”„â”„â”„â”„â”„â”„â”„â”„â”„â”„â”„â”„â”„â”„â”„â”„â”„â”„â”„â”„â”„â”„â”„â”„â”„â”„â”„â”„â”„â”„â”„â”„â”„â”„â”„â”„â”„â”„â”„â”„â”„â”„â”„â”„â”„â”„â”„â”„â”„â”„â”„â”„â”„â”„â”„â”„â”„â”„â”„â”„â”„â”„â”„â”„â”„â”„â”„â”„â”„â”„â”„â”„â”„â”„â”„â”„â”„â”„â”„â”„â”„â”„â”„â”„â”„â”„â”„â”„â”„â”„â”„
â”‚ 10:14:00.276 (+0:00:00.325113)
â”œâ”„â”„â”„â”„â”„â”„â”„â”„â”„â”„â”„â”„â”„â”„â”„â”„â”„â”„â”„â”„â”„â”„â”„â”„â”„â”„â”„â”„â”„â”„â”„â”„â”„â”„â”„â”„â”„â”„â”„â”„â”„â”„â”„â”„â”„â”„â”„â”„â”„â”„â”„â”„â”„â”„â”„â”„â”„â”„â”„â”„â”„â”„â”„â”„â”„â”„â”„â”„â”„â”„â”„â”„â”„â”„â”„â”„â”„â”„â”„â”„â”„â”„â”„â”„â”„â”„â”„â”„â”„â”„â”„â”„â”„â”„â”„â”„â”„â”„â”„
â”‚ ğŸ› [REPO] deleteBudget failed
â””â”€â”€â”€â”€â”€â”€â”€â”€â”€â”€â”€â”€â”€â”€â”€â”€â”€â”€â”€â”€â”€â”€â”€â”€â”€â”€â”€â”€â”€â”€â”€â”€â”€â”€â”€â”€â”€â”€â”€â”€â”€â”€â”€â”€â”€â”€â”€â”€â”€â”€â”€â”€â”€â”€â”€â”€â”€â”€â”€â”€â”€â”€â”€â”€â”€â”€â”€â”€â”€â”€â”€â”€â”€â”€â”€â”€â”€â”€â”€â”€â”€â”€â”€â”€â”€â”€â”€â”€â”€â”€â”€â”€â”€â”€â”€â”€â”€â”€â”€
00:10 +36 -6: c:/Works/finance_tracking_app/test/unit_test/feature/budgets/data/budgets_repository_impl_test.dart: BudgetsRepositoryImpl hasAnyBudget returns true when budgets exist
00:10 +37 -6: c:/Works/finance_tracking_app/test/unit_test/feature/budgets/data/budgets_repository_impl_test.dart: BudgetsRepositoryImpl hasAnyBudget returns false when no budgets
00:10 +38 -6: c:/Works/finance_tracking_app/test/unit_test/feature/budgets/domain/usecases/budget_usecases_test.dart: GetBudgets calls repo.getMyBudgets and returns result
00:11 +39 -6: c:/Works/finance_tracking_app/test/unit_test/feature/budgets/domain/usecases/budget_usecases_test.dart: GetBudgets throws when repo throws
00:11 +40 -6: c:/Works/finance_tracking_app/test/unit_test/feature/budgets/domain/usecases/budget_usecases_test.dart: CreateBudget calls repo.createBudget with correct params and returns result
00:11 +41 -6: c:/Works/finance_tracking_app/test/unit_test/feature/budgets/domain/usecases/budget_usecases_test.dart: CreateBudget throws when repo throws
00:11 +42 -6: c:/Works/finance_tracking_app/test/unit_test/feature/budgets/domain/usecases/budget_usecases_test.dart: UpdateBudget calls repo.updateBudget with all params
00:11 +43 -6: c:/Works/finance_tracking_app/test/unit_test/feature/budgets/domain/usecases/budget_usecases_test.dart: UpdateBudget calls repo.updateBudget with partial params
00:11 +44 -6: c:/Works/finance_tracking_app/test/unit_test/feature/budgets/domain/usecases/budget_usecases_test.dart: UpdateBudget throws when repo throws
00:11 +45 -6: c:/Works/finance_tracking_app/test/unit_test/feature/budgets/domain/usecases/budget_usecases_test.dart: DeleteBudget calls repo.deleteBudget with correct budgetId
00:11 +46 -6: c:/Works/finance_tracking_app/test/unit_test/feature/budgets/domain/usecases/budget_usecases_test.dart: DeleteBudget throws when repo throws
00:11 +47 -6: c:/Works/finance_tracking_app/test/unit_test/feature/budgets/domain/usecases/budget_usecases_test.dart: HasAnyBudget returns true when repo.hasAnyBudget returns true
00:11 +48 -6: c:/Works/finance_tracking_app/test/unit_test/feature/budgets/domain/usecases/budget_usecases_test.dart: HasAnyBudget returns false when repo.hasAnyBudget returns false
00:11 +49 -6: c:/Works/finance_tracking_app/test/unit_test/feature/budgets/domain/usecases/budget_usecases_test.dart: HasAnyBudget throws when repo throws
00:11 +50 -6: c:/Works/finance_tracking_app/test/unit_test/feature/budgets/presentation/budgets_cubit_test.dart: BudgetsCubit load emits [isLoading=true, isLoading=false with budgets] on success
00:11 +51 -6: c:/Works/finance_tracking_app/test/unit_test/feature/budgets/presentation/budgets_cubit_test.dart: BudgetsCubit load emits [isLoading=true, isLoading=false with error] on failure
â”Œâ”€â”€â”€â”€â”€â”€â”€â”€â”€â”€â”€â”€â”€â”€â”€â”€â”€â”€â”€â”€â”€â”€â”€â”€â”€â”€â”€â”€â”€â”€â”€â”€â”€â”€â”€â”€â”€â”€â”€â”€â”€â”€â”€â”€â”€â”€â”€â”€â”€â”€â”€â”€â”€â”€â”€â”€â”€â”€â”€â”€â”€â”€â”€â”€â”€â”€â”€â”€â”€â”€â”€â”€â”€â”€â”€â”€â”€â”€â”€â”€â”€â”€â”€â”€â”€â”€â”€â”€â”€â”€â”€â”€â”€â”€â”€â”€â”€â”€â”€
â”‚ Exception: Network error
â”œâ”„â”„â”„â”„â”„â”„â”„â”„â”„â”„â”„â”„â”„â”„â”„â”„â”„â”„â”„â”„â”„â”„â”„â”„â”„â”„â”„â”„â”„â”„â”„â”„â”„â”„â”„â”„â”„â”„â”„â”„â”„â”„â”„â”„â”„â”„â”„â”„â”„â”„â”„â”„â”„â”„â”„â”„â”„â”„â”„â”„â”„â”„â”„â”„â”„â”„â”„â”„â”„â”„â”„â”„â”„â”„â”„â”„â”„â”„â”„â”„â”„â”„â”„â”„â”„â”„â”„â”„â”„â”„â”„â”„â”„â”„â”„â”„â”„â”„â”„
â”‚ #0   When.thenThrow.<anonymous closure> (package:mocktail/src/mocktail.dart:249:7)
â”‚ #1   Mock.noSuchMethod (package:mocktail/src/mocktail.dart:131:37)
â”‚ #2   MockGetBudgets.call (file:///c:/Works/finance_tracking_app/test/unit_test/feature/budgets/presentation/budgets_cubit_test.dart:13:7)
â”‚ #3   BudgetsCubit.load (package:finance_tracker_app/feature/budgets/presentation/cubit/budgets_cubit.dart:33:37)
â”‚ #4   main.<anonymous closure>.<anonymous closure>.<anonymous closure> (file:///c:/Works/finance_tracking_app/test/unit_test/feature/budgets/presentation/budgets_cubit_test.dart:95:23)
â”œâ”„â”„â”„â”„â”„â”„â”„â”„â”„â”„â”„â”„â”„â”„â”„â”„â”„â”„â”„â”„â”„â”„â”„â”„â”„â”„â”„â”„â”„â”„â”„â”„â”„â”„â”„â”„â”„â”„â”„â”„â”„â”„â”„â”„â”„â”„â”„â”„â”„â”„â”„â”„â”„â”„â”„â”„â”„â”„â”„â”„â”„â”„â”„â”„â”„â”„â”„â”„â”„â”„â”„â”„â”„â”„â”„â”„â”„â”„â”„â”„â”„â”„â”„â”„â”„â”„â”„â”„â”„â”„â”„â”„â”„â”„â”„â”„â”„â”„â”„
â”‚ 10:14:01.788 (+0:00:00.008002)
â”œâ”„â”„â”„â”„â”„â”„â”„â”„â”„â”„â”„â”„â”„â”„â”„â”„â”„â”„â”„â”„â”„â”„â”„â”„â”„â”„â”„â”„â”„â”„â”„â”„â”„â”„â”„â”„â”„â”„â”„â”„â”„â”„â”„â”„â”„â”„â”„â”„â”„â”„â”„â”„â”„â”„â”„â”„â”„â”„â”„â”„â”„â”„â”„â”„â”„â”„â”„â”„â”„â”„â”„â”„â”„â”„â”„â”„â”„â”„â”„â”„â”„â”„â”„â”„â”„â”„â”„â”„â”„â”„â”„â”„â”„â”„â”„â”„â”„â”„â”„
â”‚ ğŸ› [REPO] BudgetsCubit.load failed
â””â”€â”€â”€â”€â”€â”€â”€â”€â”€â”€â”€â”€â”€â”€â”€â”€â”€â”€â”€â”€â”€â”€â”€â”€â”€â”€â”€â”€â”€â”€â”€â”€â”€â”€â”€â”€â”€â”€â”€â”€â”€â”€â”€â”€â”€â”€â”€â”€â”€â”€â”€â”€â”€â”€â”€â”€â”€â”€â”€â”€â”€â”€â”€â”€â”€â”€â”€â”€â”€â”€â”€â”€â”€â”€â”€â”€â”€â”€â”€â”€â”€â”€â”€â”€â”€â”€â”€â”€â”€â”€â”€â”€â”€â”€â”€â”€â”€â”€â”€
00:11 +52 -6: c:/Works/finance_tracking_app/test/unit_test/feature/budgets/presentation/budgets_cubit_test.dart: BudgetsCubit refresh calls load() internally
00:12 +53 -6: c:/Works/finance_tracking_app/test/unit_test/feature/budgets/presentation/budgets_cubit_test.dart: BudgetsCubit createOrUpdate creates new budget when no existing budget for category+month
00:12 +54 -6: c:/Works/finance_tracking_app/test/unit_test/feature/budgets/presentation/budgets_cubit_test.dart: BudgetsCubit createOrUpdate updates existing budget when budget exists for category+month
00:12 +55 -6: c:/Works/finance_tracking_app/test/unit_test/feature/budgets/presentation/budgets_cubit_test.dart: BudgetsCubit createOrUpdate fetches budgets first if state.budgets is empty before checking
00:12 +56 -6: c:/Works/finance_tracking_app/test/unit_test/feature/budgets/presentation/budgets_cubit_test.dart: BudgetsCubit createOrUpdate emits error on failure
â”Œâ”€â”€â”€â”€â”€â”€â”€â”€â”€â”€â”€â”€â”€â”€â”€â”€â”€â”€â”€â”€â”€â”€â”€â”€â”€â”€â”€â”€â”€â”€â”€â”€â”€â”€â”€â”€â”€â”€â”€â”€â”€â”€â”€â”€â”€â”€â”€â”€â”€â”€â”€â”€â”€â”€â”€â”€â”€â”€â”€â”€â”€â”€â”€â”€â”€â”€â”€â”€â”€â”€â”€â”€â”€â”€â”€â”€â”€â”€â”€â”€â”€â”€â”€â”€â”€â”€â”€â”€â”€â”€â”€â”€â”€â”€â”€â”€â”€â”€â”€
â”‚ Exception: Create failed
â”œâ”„â”„â”„â”„â”„â”„â”„â”„â”„â”„â”„â”„â”„â”„â”„â”„â”„â”„â”„â”„â”„â”„â”„â”„â”„â”„â”„â”„â”„â”„â”„â”„â”„â”„â”„â”„â”„â”„â”„â”„â”„â”„â”„â”„â”„â”„â”„â”„â”„â”„â”„â”„â”„â”„â”„â”„â”„â”„â”„â”„â”„â”„â”„â”„â”„â”„â”„â”„â”„â”„â”„â”„â”„â”„â”„â”„â”„â”„â”„â”„â”„â”„â”„â”„â”„â”„â”„â”„â”„â”„â”„â”„â”„â”„â”„â”„â”„â”„â”„
â”‚ #0   When.thenThrow.<anonymous closure> (package:mocktail/src/mocktail.dart:249:7)
â”‚ #1   Mock.noSuchMethod (package:mocktail/src/mocktail.dart:131:37)
â”‚ #2   MockCreateBudget.call (file:///c:/Works/finance_tracking_app/test/unit_test/feature/budgets/presentation/budgets_cubit_test.dart:15:7)
â”‚ #3   BudgetsCubit.createOrUpdate (package:finance_tracker_app/feature/budgets/presentation/cubit/budgets_cubit.dart:77:36)
â”‚ #4   <asynchronous suspension>
â”œâ”„â”„â”„â”„â”„â”„â”„â”„â”„â”„â”„â”„â”„â”„â”„â”„â”„â”„â”„â”„â”„â”„â”„â”„â”„â”„â”„â”„â”„â”„â”„â”„â”„â”„â”„â”„â”„â”„â”„â”„â”„â”„â”„â”„â”„â”„â”„â”„â”„â”„â”„â”„â”„â”„â”„â”„â”„â”„â”„â”„â”„â”„â”„â”„â”„â”„â”„â”„â”„â”„â”„â”„â”„â”„â”„â”„â”„â”„â”„â”„â”„â”„â”„â”„â”„â”„â”„â”„â”„â”„â”„â”„â”„â”„â”„â”„â”„â”„â”„
â”‚ 10:14:02.023 (+0:00:00.242813)
â”œâ”„â”„â”„â”„â”„â”„â”„â”„â”„â”„â”„â”„â”„â”„â”„â”„â”„â”„â”„â”„â”„â”„â”„â”„â”„â”„â”„â”„â”„â”„â”„â”„â”„â”„â”„â”„â”„â”„â”„â”„â”„â”„â”„â”„â”„â”„â”„â”„â”„â”„â”„â”„â”„â”„â”„â”„â”„â”„â”„â”„â”„â”„â”„â”„â”„â”„â”„â”„â”„â”„â”„â”„â”„â”„â”„â”„â”„â”„â”„â”„â”„â”„â”„â”„â”„â”„â”„â”„â”„â”„â”„â”„â”„â”„â”„â”„â”„â”„â”„
â”‚ ğŸ› [REPO] BudgetsCubit.createOrUpdate failed
â””â”€â”€â”€â”€â”€â”€â”€â”€â”€â”€â”€â”€â”€â”€â”€â”€â”€â”€â”€â”€â”€â”€â”€â”€â”€â”€â”€â”€â”€â”€â”€â”€â”€â”€â”€â”€â”€â”€â”€â”€â”€â”€â”€â”€â”€â”€â”€â”€â”€â”€â”€â”€â”€â”€â”€â”€â”€â”€â”€â”€â”€â”€â”€â”€â”€â”€â”€â”€â”€â”€â”€â”€â”€â”€â”€â”€â”€â”€â”€â”€â”€â”€â”€â”€â”€â”€â”€â”€â”€â”€â”€â”€â”€â”€â”€â”€â”€â”€â”€
00:12 +57 -6: c:/Works/finance_tracking_app/test/unit_test/feature/budgets/presentation/budgets_cubit_test.dart: BudgetsCubit update updates budget and emits new state with updated list
00:12 +58 -6: c:/Works/finance_tracking_app/test/unit_test/feature/budgets/presentation/budgets_cubit_test.dart: BudgetsCubit update emits error on failure
â”Œâ”€â”€â”€â”€â”€â”€â”€â”€â”€â”€â”€â”€â”€â”€â”€â”€â”€â”€â”€â”€â”€â”€â”€â”€â”€â”€â”€â”€â”€â”€â”€â”€â”€â”€â”€â”€â”€â”€â”€â”€â”€â”€â”€â”€â”€â”€â”€â”€â”€â”€â”€â”€â”€â”€â”€â”€â”€â”€â”€â”€â”€â”€â”€â”€â”€â”€â”€â”€â”€â”€â”€â”€â”€â”€â”€â”€â”€â”€â”€â”€â”€â”€â”€â”€â”€â”€â”€â”€â”€â”€â”€â”€â”€â”€â”€â”€â”€â”€â”€
â”‚ Exception: Update failed
â”œâ”„â”„â”„â”„â”„â”„â”„â”„â”„â”„â”„â”„â”„â”„â”„â”„â”„â”„â”„â”„â”„â”„â”„â”„â”„â”„â”„â”„â”„â”„â”„â”„â”„â”„â”„â”„â”„â”„â”„â”„â”„â”„â”„â”„â”„â”„â”„â”„â”„â”„â”„â”„â”„â”„â”„â”„â”„â”„â”„â”„â”„â”„â”„â”„â”„â”„â”„â”„â”„â”„â”„â”„â”„â”„â”„â”„â”„â”„â”„â”„â”„â”„â”„â”„â”„â”„â”„â”„â”„â”„â”„â”„â”„â”„â”„â”„â”„â”„â”„
â”‚ #0   When.thenThrow.<anonymous closure> (package:mocktail/src/mocktail.dart:249:7)
â”‚ #1   Mock.noSuchMethod (package:mocktail/src/mocktail.dart:131:37)
â”‚ #2   MockUpdateBudget.call (file:///c:/Works/finance_tracking_app/test/unit_test/feature/budgets/presentation/budgets_cubit_test.dart:17:7)
â”‚ #3   BudgetsCubit.update (package:finance_tracker_app/feature/budgets/presentation/cubit/budgets_cubit.dart:100:40)
â”‚ #4   main.<anonymous closure>.<anonymous closure>.<anonymous closure> (file:///c:/Works/finance_tracking_app/test/unit_test/feature/budgets/presentation/budgets_cubit_test.dart:305:23)
â”œâ”„â”„â”„â”„â”„â”„â”„â”„â”„â”„â”„â”„â”„â”„â”„â”„â”„â”„â”„â”„â”„â”„â”„â”„â”„â”„â”„â”„â”„â”„â”„â”„â”„â”„â”„â”„â”„â”„â”„â”„â”„â”„â”„â”„â”„â”„â”„â”„â”„â”„â”„â”„â”„â”„â”„â”„â”„â”„â”„â”„â”„â”„â”„â”„â”„â”„â”„â”„â”„â”„â”„â”„â”„â”„â”„â”„â”„â”„â”„â”„â”„â”„â”„â”„â”„â”„â”„â”„â”„â”„â”„â”„â”„â”„â”„â”„â”„â”„â”„
â”‚ 10:14:02.098 (+0:00:00.317656)
â”œâ”„â”„â”„â”„â”„â”„â”„â”„â”„â”„â”„â”„â”„â”„â”„â”„â”„â”„â”„â”„â”„â”„â”„â”„â”„â”„â”„â”„â”„â”„â”„â”„â”„â”„â”„â”„â”„â”„â”„â”„â”„â”„â”„â”„â”„â”„â”„â”„â”„â”„â”„â”„â”„â”„â”„â”„â”„â”„â”„â”„â”„â”„â”„â”„â”„â”„â”„â”„â”„â”„â”„â”„â”„â”„â”„â”„â”„â”„â”„â”„â”„â”„â”„â”„â”„â”„â”„â”„â”„â”„â”„â”„â”„â”„â”„â”„â”„â”„â”„
â”‚ ğŸ› [REPO] BudgetsCubit.update failed
â””â”€â”€â”€â”€â”€â”€â”€â”€â”€â”€â”€â”€â”€â”€â”€â”€â”€â”€â”€â”€â”€â”€â”€â”€â”€â”€â”€â”€â”€â”€â”€â”€â”€â”€â”€â”€â”€â”€â”€â”€â”€â”€â”€â”€â”€â”€â”€â”€â”€â”€â”€â”€â”€â”€â”€â”€â”€â”€â”€â”€â”€â”€â”€â”€â”€â”€â”€â”€â”€â”€â”€â”€â”€â”€â”€â”€â”€â”€â”€â”€â”€â”€â”€â”€â”€â”€â”€â”€â”€â”€â”€â”€â”€â”€â”€â”€â”€â”€â”€
00:12 +59 -6: c:/Works/finance_tracking_app/test/unit_test/feature/budgets/presentation/budgets_cubit_test.dart: BudgetsCubit delete deletes budget and removes from list
00:12 +60 -6: c:/Works/finance_tracking_app/test/unit_test/feature/budgets/presentation/budgets_cubit_test.dart: BudgetsCubit delete emits error on failure and keeps budgets
â”Œâ”€â”€â”€â”€â”€â”€â”€â”€â”€â”€â”€â”€â”€â”€â”€â”€â”€â”€â”€â”€â”€â”€â”€â”€â”€â”€â”€â”€â”€â”€â”€â”€â”€â”€â”€â”€â”€â”€â”€â”€â”€â”€â”€â”€â”€â”€â”€â”€â”€â”€â”€â”€â”€â”€â”€â”€â”€â”€â”€â”€â”€â”€â”€â”€â”€â”€â”€â”€â”€â”€â”€â”€â”€â”€â”€â”€â”€â”€â”€â”€â”€â”€â”€â”€â”€â”€â”€â”€â”€â”€â”€â”€â”€â”€â”€â”€â”€â”€â”€
â”‚ Exception: Delete failed
â”œâ”„â”„â”„â”„â”„â”„â”„â”„â”„â”„â”„â”„â”„â”„â”„â”„â”„â”„â”„â”„â”„â”„â”„â”„â”„â”„â”„â”„â”„â”„â”„â”„â”„â”„â”„â”„â”„â”„â”„â”„â”„â”„â”„â”„â”„â”„â”„â”„â”„â”„â”„â”„â”„â”„â”„â”„â”„â”„â”„â”„â”„â”„â”„â”„â”„â”„â”„â”„â”„â”„â”„â”„â”„â”„â”„â”„â”„â”„â”„â”„â”„â”„â”„â”„â”„â”„â”„â”„â”„â”„â”„â”„â”„â”„â”„â”„â”„â”„â”„
â”‚ #0   When.thenThrow.<anonymous closure> (package:mocktail/src/mocktail.dart:249:7)
â”‚ #1   Mock.noSuchMethod (package:mocktail/src/mocktail.dart:131:37)
â”‚ #2   MockDeleteBudget.call (file:///c:/Works/finance_tracking_app/test/unit_test/feature/budgets/presentation/budgets_cubit_test.dart:19:7)
â”‚ #3   BudgetsCubit.delete (package:finance_tracker_app/feature/budgets/presentation/cubit/budgets_cubit.dart:125:26)
â”‚ #4   main.<anonymous closure>.<anonymous closure>.<anonymous closure> (file:///c:/Works/finance_tracking_app/test/unit_test/feature/budgets/presentation/budgets_cubit_test.dart:358:23)
â”œâ”„â”„â”„â”„â”„â”„â”„â”„â”„â”„â”„â”„â”„â”„â”„â”„â”„â”„â”„â”„â”„â”„â”„â”„â”„â”„â”„â”„â”„â”„â”„â”„â”„â”„â”„â”„â”„â”„â”„â”„â”„â”„â”„â”„â”„â”„â”„â”„â”„â”„â”„â”„â”„â”„â”„â”„â”„â”„â”„â”„â”„â”„â”„â”„â”„â”„â”„â”„â”„â”„â”„â”„â”„â”„â”„â”„â”„â”„â”„â”„â”„â”„â”„â”„â”„â”„â”„â”„â”„â”„â”„â”„â”„â”„â”„â”„â”„â”„â”„
â”‚ 10:14:02.160 (+0:00:00.380113)
â”œâ”„â”„â”„â”„â”„â”„â”„â”„â”„â”„â”„â”„â”„â”„â”„â”„â”„â”„â”„â”„â”„â”„â”„â”„â”„â”„â”„â”„â”„â”„â”„â”„â”„â”„â”„â”„â”„â”„â”„â”„â”„â”„â”„â”„â”„â”„â”„â”„â”„â”„â”„â”„â”„â”„â”„â”„â”„â”„â”„â”„â”„â”„â”„â”„â”„â”„â”„â”„â”„â”„â”„â”„â”„â”„â”„â”„â”„â”„â”„â”„â”„â”„â”„â”„â”„â”„â”„â”„â”„â”„â”„â”„â”„â”„â”„â”„â”„â”„â”„
â”‚ ğŸ› [REPO] BudgetsCubit.delete failed
â””â”€â”€â”€â”€â”€â”€â”€â”€â”€â”€â”€â”€â”€â”€â”€â”€â”€â”€â”€â”€â”€â”€â”€â”€â”€â”€â”€â”€â”€â”€â”€â”€â”€â”€â”€â”€â”€â”€â”€â”€â”€â”€â”€â”€â”€â”€â”€â”€â”€â”€â”€â”€â”€â”€â”€â”€â”€â”€â”€â”€â”€â”€â”€â”€â”€â”€â”€â”€â”€â”€â”€â”€â”€â”€â”€â”€â”€â”€â”€â”€â”€â”€â”€â”€â”€â”€â”€â”€â”€â”€â”€â”€â”€â”€â”€â”€â”€â”€â”€
00:12 +61 -6: c:/Works/finance_tracking_app/test/unit_test/feature/budgets/presentation/budgets_cubit_test.dart: BudgetsCubit clearLastSaved clears lastCreatedOrUpdated when not null
00:12 +62 -6: c:/Works/finance_tracking_app/test/unit_test/feature/budgets/presentation/budgets_cubit_test.dart: BudgetsCubit clearLastSaved does nothing when lastCreatedOrUpdated is already null
00:12 +63 -6: c:/Works/finance_tracking_app/test/unit_test/feature/dashboard/data/dashboard_repository_impl_test.dart: getDashboardData aggregates all dashboard data
00:13 +64 -6: c:/Works/finance_tracking_app/test/unit_test/feature/dashboard/presentation/dashboard_cubit_test.dart: (setUpAll)
00:13 +64 -6: c:/Works/finance_tracking_app/test/unit_test/feature/dashboard/presentation/dashboard_cubit_test.dart: initial state should be DashboardState.initial()
00:13 +65 -6: c:/Works/finance_tracking_app/test/unit_test/feature/dashboard/presentation/dashboard_cubit_test.dart: load() success emits loading then data
00:13 +65 -7: c:/Works/finance_tracking_app/test/unit_test/feature/dashboard/presentation/dashboard_cubit_test.dart: load() success emits loading then data [E]
  Expected: [
              <<Instance of 'DashboardState'> with `isLoading`: <true> and `error`: null and `month`: DateTime:<2026-01-01 00:00:00.000>>,
              <<Instance of 'DashboardState'> with `isLoading`: <false> and `error`: null and `data`: not null and `month`: DateTime:<2026-01-01 00:00:00.000>>
            ]
    Actual: [
              DashboardState:DashboardState(true, null, 2026-01-01 00:00:00.000, null),
              DashboardState:DashboardState(false, type 'Null' is not a subtype of type 'Future<DashboardData>', 2026-01-01 00:00:00.000, null)
            ]
     Which: at location [1] is DashboardState:<DashboardState(false, type 'Null' is not a subtype of type 'Future<DashboardData>', 2026-01-01 00:00:00.000, null)> which has `error` with value 'type \'Null\' is not a subtype of type \'Future<DashboardData>\''
  
  package:matcher                              expect
  package:bloc_test/src/bloc_test.dart 218:16  testBloc.<fn>
  ===== asynchronous gap ===========================
  dart:async                                   _Completer.completeError
  package:bloc_test/src/bloc_test.dart 255:43  _runZonedGuarded.<fn>
  ===== asynchronous gap ===========================
  dart:async                                   _CustomZone.registerBinaryCallback
  package:bloc_test/src/bloc_test.dart 252:5   _runZonedGuarded.<fn>
  dart:async                                   runZonedGuarded
  package:bloc_test/src/bloc_test.dart 251:3   _runZonedGuarded
  package:bloc_test/src/bloc_test.dart 198:11  testBloc
  package:bloc_test/src/bloc_test.dart 156:13  blocTest.<fn>
  
00:13 +65 -7: c:/Works/finance_tracking_app/test/unit_test/feature/dashboard/presentation/dashboard_cubit_test.dart: load() error emits loading then error
00:13 +65 -8: c:/Works/finance_tracking_app/test/unit_test/feature/dashboard/presentation/dashboard_cubit_test.dart: load() error emits loading then error [E]
  Expected: [
              <<Instance of 'DashboardState'> with `isLoading`: <true> and `error`: null and `month`: DateTime:<2026-01-01 00:00:00.000>>,
              <<Instance of 'DashboardState'> with `isLoading`: <false> and `data`: null and `error`: contains 'boom'>
            ]
    Actual: [
              DashboardState:DashboardState(true, null, 2026-01-01 00:00:00.000, null),
              DashboardState:DashboardState(false, type 'Null' is not a subtype of type 'Future<DashboardData>', 2026-01-01 00:00:00.000, null)
            ]
     Which: at location [1] is DashboardState:<DashboardState(false, type 'Null' is not a subtype of type 'Future<DashboardData>', 2026-01-01 00:00:00.000, null)> which has `error` with value 'type \'Null\' is not a subtype of type \'Future<DashboardData>\'' which does not contain 'boom'
  
  package:matcher                              expect
  package:bloc_test/src/bloc_test.dart 218:16  testBloc.<fn>
  ===== asynchronous gap ===========================
  dart:async                                   _Completer.completeError
  package:bloc_test/src/bloc_test.dart 255:43  _runZonedGuarded.<fn>
  ===== asynchronous gap ===========================
  dart:async                                   _CustomZone.registerBinaryCallback
  package:bloc_test/src/bloc_test.dart 252:5   _runZonedGuarded.<fn>
  dart:async                                   runZonedGuarded
  package:bloc_test/src/bloc_test.dart 251:3   _runZonedGuarded
  package:bloc_test/src/bloc_test.dart 198:11  testBloc
  package:bloc_test/src/bloc_test.dart 156:13  blocTest.<fn>
  
00:13 +65 -8: c:/Works/finance_tracking_app/test/unit_test/feature/dashboard/presentation/dashboard_cubit_test.dart: prevMonth() loads previous month (normalized to first day)
00:13 +65 -9: c:/Works/finance_tracking_app/test/unit_test/feature/dashboard/presentation/dashboard_cubit_test.dart: prevMonth() loads previous month (normalized to first day) [E]
  No matching calls. All calls: _MockGetDashboardData.call({month: 2026-01-01 00:00:00.000, recentLimit: 3, cancelToken: Instance of 'CancelToken'})
  (If you called `verify(...).called(0);`, please instead use `verifyNever(...);`.)
  package:matcher                                                                 fail
  package:mocktail/src/mocktail.dart 728:7                                        _VerifyCall._checkWith
  package:mocktail/src/mocktail.dart 519:18                                       _makeVerify.<fn>
  test\unit_test\feature\dashboard\presentation\dashboard_cubit_test.dart 136:13  main.<fn>
  package:bloc_test/src/bloc_test.dart 228:21                                     testBloc.<fn>
  ===== asynchronous gap ===========================
  dart:async                                                                      _Completer.completeError
  package:bloc_test/src/bloc_test.dart 255:43                                     _runZonedGuarded.<fn>
  ===== asynchronous gap ===========================
  dart:async                                                                      _CustomZone.registerBinaryCallback
  package:bloc_test/src/bloc_test.dart 252:5                                      _runZonedGuarded.<fn>
  dart:async                                                                      runZonedGuarded
  package:bloc_test/src/bloc_test.dart 251:3                                      _runZonedGuarded
  package:bloc_test/src/bloc_test.dart 198:11                                     testBloc
  package:bloc_test/src/bloc_test.dart 156:13                                     blocTest.<fn>
  
00:13 +65 -9: c:/Works/finance_tracking_app/test/unit_test/feature/dashboard/presentation/dashboard_cubit_test.dart: nextMonth() loads next month (normalized to first day)
00:13 +65 -10: c:/Works/finance_tracking_app/test/unit_test/feature/dashboard/presentation/dashboard_cubit_test.dart: nextMonth() loads next month (normalized to first day) [E]
  No matching calls. All calls: _MockGetDashboardData.call({month: 2026-02-01 00:00:00.000, recentLimit: 3, cancelToken: Instance of 'CancelToken'})
  (If you called `verify(...).called(0);`, please instead use `verifyNever(...);`.)
  package:matcher                                                                 fail
  package:mocktail/src/mocktail.dart 728:7                                        _VerifyCall._checkWith
  package:mocktail/src/mocktail.dart 519:18                                       _makeVerify.<fn>
  test\unit_test\feature\dashboard\presentation\dashboard_cubit_test.dart 154:13  main.<fn>
  package:bloc_test/src/bloc_test.dart 228:21                                     testBloc.<fn>
  ===== asynchronous gap ===========================
  dart:async                                                                      _Completer.completeError
  package:bloc_test/src/bloc_test.dart 255:43                                     _runZonedGuarded.<fn>
  ===== asynchronous gap ===========================
  dart:async                                                                      _CustomZone.registerBinaryCallback
  package:bloc_test/src/bloc_test.dart 252:5                                      _runZonedGuarded.<fn>
  dart:async                                                                      runZonedGuarded
  package:bloc_test/src/bloc_test.dart 251:3                                      _runZonedGuarded
  package:bloc_test/src/bloc_test.dart 198:11                                     testBloc
  package:bloc_test/src/bloc_test.dart 156:13                                     blocTest.<fn>
  
00:13 +65 -10: c:/Works/finance_tracking_app/test/unit_test/feature/dashboard/presentation/dashboard_cubit_test.dart: refresh() forces load even if isLoading=true
00:13 +65 -11: c:/Works/finance_tracking_app/test/unit_test/feature/dashboard/presentation/dashboard_cubit_test.dart: refresh() forces load even if isLoading=true [E]
  No matching calls. All calls: _MockGetDashboardData.call({month: 2026-01-01 00:00:00.000, recentLimit: 3, cancelToken: Instance of 'CancelToken'})
  (If you called `verify(...).called(0);`, please instead use `verifyNever(...);`.)
  package:matcher                                                                 fail
  package:mocktail/src/mocktail.dart 728:7                                        _VerifyCall._checkWith
  package:mocktail/src/mocktail.dart 519:18                                       _makeVerify.<fn>
  test\unit_test\feature\dashboard\presentation\dashboard_cubit_test.dart 176:13  main.<fn>
  package:bloc_test/src/bloc_test.dart 228:21                                     testBloc.<fn>
  ===== asynchronous gap ===========================
  dart:async                                                                      _Completer.completeError
  package:bloc_test/src/bloc_test.dart 255:43                                     _runZonedGuarded.<fn>
  ===== asynchronous gap ===========================
  dart:async                                                                      _CustomZone.registerBinaryCallback
  package:bloc_test/src/bloc_test.dart 252:5                                      _runZonedGuarded.<fn>
  dart:async                                                                      runZonedGuarded
  package:bloc_test/src/bloc_test.dart 251:3                                      _runZonedGuarded
  package:bloc_test/src/bloc_test.dart 198:11                                     testBloc
  package:bloc_test/src/bloc_test.dart 156:13                                     blocTest.<fn>
  
00:13 +65 -11: c:/Works/finance_tracking_app/test/unit_test/feature/dashboard/presentation/dashboard_cubit_test.dart: (tearDownAll)
00:13 +65 -11: c:/Works/finance_tracking_app/test/unit_test/feature/monthly_report/data/monthly_report_repository_impl_test.dart: MonthlyReportRepositoryImpl getYearTotals returns list of MonthTotal on success
00:14 +66 -11: c:/Works/finance_tracking_app/test/unit_test/feature/monthly_report/data/monthly_report_repository_impl_test.dart: MonthlyReportRepositoryImpl getYearTotals returns empty list when no data
00:14 +67 -11: c:/Works/finance_tracking_app/test/unit_test/feature/monthly_report/data/monthly_report_repository_impl_test.dart: MonthlyReportRepositoryImpl getYearTotals throws mapped exception on error
â”Œâ”€â”€â”€â”€â”€â”€â”€â”€â”€â”€â”€â”€â”€â”€â”€â”€â”€â”€â”€â”€â”€â”€â”€â”€â”€â”€â”€â”€â”€â”€â”€â”€â”€â”€â”€â”€â”€â”€â”€â”€â”€â”€â”€â”€â”€â”€â”€â”€â”€â”€â”€â”€â”€â”€â”€â”€â”€â”€â”€â”€â”€â”€â”€â”€â”€â”€â”€â”€â”€â”€â”€â”€â”€â”€â”€â”€â”€â”€â”€â”€â”€â”€â”€â”€â”€â”€â”€â”€â”€â”€â”€â”€â”€â”€â”€â”€â”€â”€â”€
â”‚ Exception: Network error
â”œâ”„â”„â”„â”„â”„â”„â”„â”„â”„â”„â”„â”„â”„â”„â”„â”„â”„â”„â”„â”„â”„â”„â”„â”„â”„â”„â”„â”„â”„â”„â”„â”„â”„â”„â”„â”„â”„â”„â”„â”„â”„â”„â”„â”„â”„â”„â”„â”„â”„â”„â”„â”„â”„â”„â”„â”„â”„â”„â”„â”„â”„â”„â”„â”„â”„â”„â”„â”„â”„â”„â”„â”„â”„â”„â”„â”„â”„â”„â”„â”„â”„â”„â”„â”„â”„â”„â”„â”„â”„â”„â”„â”„â”„â”„â”„â”„â”„â”„â”„
â”‚ #0   When.thenThrow.<anonymous closure> (package:mocktail/src/mocktail.dart:249:7)
â”‚ #1   Mock.noSuchMethod (package:mocktail/src/mocktail.dart:131:37)
â”‚ #2   MockRemoteDataSource.fetchMonthTotals (file:///c:/Works/finance_tracking_app/test/unit_test/feature/monthly_report/data/monthly_report_repository_impl_test.dart:11:7)
â”‚ #3   MonthlyReportRepositoryImpl.getYearTotals (package:finance_tracker_app/feature/monthly_report/data/repositories/monthly_report_repository_impl.dart:49:37)
â”‚ #4   main.<anonymous closure>.<anonymous closure>.<anonymous closure>.<anonymous closure> (file:///c:/Works/finance_tracking_app/test/unit_test/feature/monthly_report/data/monthly_report_repository_impl_test.dart:89:22)
â”œâ”„â”„â”„â”„â”„â”„â”„â”„â”„â”„â”„â”„â”„â”„â”„â”„â”„â”„â”„â”„â”„â”„â”„â”„â”„â”„â”„â”„â”„â”„â”„â”„â”„â”„â”„â”„â”„â”„â”„â”„â”„â”„â”„â”„â”„â”„â”„â”„â”„â”„â”„â”„â”„â”„â”„â”„â”„â”„â”„â”„â”„â”„â”„â”„â”„â”„â”„â”„â”„â”„â”„â”„â”„â”„â”„â”„â”„â”„â”„â”„â”„â”„â”„â”„â”„â”„â”„â”„â”„â”„â”„â”„â”„â”„â”„â”„â”„â”„â”„
â”‚ 10:14:04.020 (+0:00:00.005985)
â”œâ”„â”„â”„â”„â”„â”„â”„â”„â”„â”„â”„â”„â”„â”„â”„â”„â”„â”„â”„â”„â”„â”„â”„â”„â”„â”„â”„â”„â”„â”„â”„â”„â”„â”„â”„â”„â”„â”„â”„â”„â”„â”„â”„â”„â”„â”„â”„â”„â”„â”„â”„â”„â”„â”„â”„â”„â”„â”„â”„â”„â”„â”„â”„â”„â”„â”„â”„â”„â”„â”„â”„â”„â”„â”„â”„â”„â”„â”„â”„â”„â”„â”„â”„â”„â”„â”„â”„â”„â”„â”„â”„â”„â”„â”„â”„â”„â”„â”„â”„
â”‚ ğŸ› [REPO] getYearTotals failed
â””â”€â”€â”€â”€â”€â”€â”€â”€â”€â”€â”€â”€â”€â”€â”€â”€â”€â”€â”€â”€â”€â”€â”€â”€â”€â”€â”€â”€â”€â”€â”€â”€â”€â”€â”€â”€â”€â”€â”€â”€â”€â”€â”€â”€â”€â”€â”€â”€â”€â”€â”€â”€â”€â”€â”€â”€â”€â”€â”€â”€â”€â”€â”€â”€â”€â”€â”€â”€â”€â”€â”€â”€â”€â”€â”€â”€â”€â”€â”€â”€â”€â”€â”€â”€â”€â”€â”€â”€â”€â”€â”€â”€â”€â”€â”€â”€â”€â”€â”€
00:14 +68 -11: c:/Works/finance_tracking_app/test/unit_test/feature/monthly_report/data/monthly_report_repository_impl_test.dart: MonthlyReportRepositoryImpl getMonthTotal returns Money amount on success
00:14 +69 -11: c:/Works/finance_tracking_app/test/unit_test/feature/monthly_report/data/monthly_report_repository_impl_test.dart: MonthlyReportRepositoryImpl getMonthTotal returns Money.zero when no data
00:14 +70 -11: c:/Works/finance_tracking_app/test/unit_test/feature/monthly_report/data/monthly_report_repository_impl_test.dart: MonthlyReportRepositoryImpl getMonthTotal throws when userId is missing
â”Œâ”€â”€â”€â”€â”€â”€â”€â”€â”€â”€â”€â”€â”€â”€â”€â”€â”€â”€â”€â”€â”€â”€â”€â”€â”€â”€â”€â”€â”€â”€â”€â”€â”€â”€â”€â”€â”€â”€â”€â”€â”€â”€â”€â”€â”€â”€â”€â”€â”€â”€â”€â”€â”€â”€â”€â”€â”€â”€â”€â”€â”€â”€â”€â”€â”€â”€â”€â”€â”€â”€â”€â”€â”€â”€â”€â”€â”€â”€â”€â”€â”€â”€â”€â”€â”€â”€â”€â”€â”€â”€â”€â”€â”€â”€â”€â”€â”€â”€â”€
â”‚ FormatException: User ID is missing. Please login again.
â”œâ”„â”„â”„â”„â”„â”„â”„â”„â”„â”„â”„â”„â”„â”„â”„â”„â”„â”„â”„â”„â”„â”„â”„â”„â”„â”„â”„â”„â”„â”„â”„â”„â”„â”„â”„â”„â”„â”„â”„â”„â”„â”„â”„â”„â”„â”„â”„â”„â”„â”„â”„â”„â”„â”„â”„â”„â”„â”„â”„â”„â”„â”„â”„â”„â”„â”„â”„â”„â”„â”„â”„â”„â”„â”„â”„â”„â”„â”„â”„â”„â”„â”„â”„â”„â”„â”„â”„â”„â”„â”„â”„â”„â”„â”„â”„â”„â”„â”„â”„
â”‚ #0   MonthlyReportRepositoryImpl._requireUserId (package:finance_tracker_app/feature/monthly_report/data/repositories/monthly_report_repository_impl.dart:153:7)
â”‚ #1   <asynchronous suspension>
â”‚ #2   MonthlyReportRepositoryImpl.getMonthTotal (package:finance_tracker_app/feature/monthly_report/data/repositories/monthly_report_repository_impl.dart:72:19)
â”‚ #3   <asynchronous suspension>
â”‚ #4   Throws._matchFuture (package:matcher/src/expect/throws_matcher.dart:102:19)
â”œâ”„â”„â”„â”„â”„â”„â”„â”„â”„â”„â”„â”„â”„â”„â”„â”„â”„â”„â”„â”„â”„â”„â”„â”„â”„â”„â”„â”„â”„â”„â”„â”„â”„â”„â”„â”„â”„â”„â”„â”„â”„â”„â”„â”„â”„â”„â”„â”„â”„â”„â”„â”„â”„â”„â”„â”„â”„â”„â”„â”„â”„â”„â”„â”„â”„â”„â”„â”„â”„â”„â”„â”„â”„â”„â”„â”„â”„â”„â”„â”„â”„â”„â”„â”„â”„â”„â”„â”„â”„â”„â”„â”„â”„â”„â”„â”„â”„â”„â”„
â”‚ 10:14:04.142 (+0:00:00.127550)
â”œâ”„â”„â”„â”„â”„â”„â”„â”„â”„â”„â”„â”„â”„â”„â”„â”„â”„â”„â”„â”„â”„â”„â”„â”„â”„â”„â”„â”„â”„â”„â”„â”„â”„â”„â”„â”„â”„â”„â”„â”„â”„â”„â”„â”„â”„â”„â”„â”„â”„â”„â”„â”„â”„â”„â”„â”„â”„â”„â”„â”„â”„â”„â”„â”„â”„â”„â”„â”„â”„â”„â”„â”„â”„â”„â”„â”„â”„â”„â”„â”„â”„â”„â”„â”„â”„â”„â”„â”„â”„â”„â”„â”„â”„â”„â”„â”„â”„â”„â”„
â”‚ ğŸ› [REPO] getMonthTotal failed
â””â”€â”€â”€â”€â”€â”€â”€â”€â”€â”€â”€â”€â”€â”€â”€â”€â”€â”€â”€â”€â”€â”€â”€â”€â”€â”€â”€â”€â”€â”€â”€â”€â”€â”€â”€â”€â”€â”€â”€â”€â”€â”€â”€â”€â”€â”€â”€â”€â”€â”€â”€â”€â”€â”€â”€â”€â”€â”€â”€â”€â”€â”€â”€â”€â”€â”€â”€â”€â”€â”€â”€â”€â”€â”€â”€â”€â”€â”€â”€â”€â”€â”€â”€â”€â”€â”€â”€â”€â”€â”€â”€â”€â”€â”€â”€â”€â”€â”€â”€
00:14 +71 -11: c:/Works/finance_tracking_app/test/unit_test/feature/monthly_report/data/monthly_report_repository_impl_test.dart: MonthlyReportRepositoryImpl getCategoryTotals returns list of CategoryTotal on success
00:14 +72 -11: c:/Works/finance_tracking_app/test/unit_test/feature/monthly_report/data/monthly_report_repository_impl_test.dart: MonthlyReportRepositoryImpl getCategoryTotals returns empty list when no data
00:14 +73 -11: c:/Works/finance_tracking_app/test/unit_test/feature/monthly_report/data/monthly_report_repository_impl_test.dart: MonthlyReportRepositoryImpl getTopExpenses returns list of TopExpense on success
00:14 +74 -11: c:/Works/finance_tracking_app/test/unit_test/feature/monthly_report/data/monthly_report_repository_impl_test.dart: MonthlyReportRepositoryImpl getTopExpenses uses default limit of 3
00:14 +75 -11: c:/Works/finance_tracking_app/test/unit_test/feature/monthly_report/data/monthly_report_repository_impl_test.dart: MonthlyReportRepositoryImpl getTopExpenses returns empty list when no expenses
00:14 +76 -11: c:/Works/finance_tracking_app/test/unit_test/feature/monthly_report/domain/usecases/monthly_report_usecases_test.dart: (setUpAll)
00:14 +76 -11: c:/Works/finance_tracking_app/test/unit_test/feature/monthly_report/domain/usecases/monthly_report_usecases_test.dart: GetMonthlySummary returns MonthlySummary with income, expense, balance, and top expenses
00:14 +77 -11: c:/Works/finance_tracking_app/test/unit_test/feature/monthly_report/domain/usecases/monthly_report_usecases_test.dart: GetMonthlySummary uses default topLimit of 3
00:14 +78 -11: c:/Works/finance_tracking_app/test/unit_test/feature/monthly_report/domain/usecases/monthly_report_usecases_test.dart: GetMonthlySummary propagates exception from repository
00:14 +79 -11: c:/Works/finance_tracking_app/test/unit_test/feature/monthly_report/domain/usecases/monthly_report_usecases_test.dart: GetCategoryBreakdown returns list of CategoryTotal for expenses
00:14 +80 -11: c:/Works/finance_tracking_app/test/unit_test/feature/monthly_report/domain/usecases/monthly_report_usecases_test.dart: GetCategoryBreakdown returns list of CategoryTotal for income
00:14 +81 -11: c:/Works/finance_tracking_app/test/unit_test/feature/monthly_report/domain/usecases/monthly_report_usecases_test.dart: GetCategoryBreakdown returns empty list when no categories
00:14 +82 -11: c:/Works/finance_tracking_app/test/unit_test/feature/monthly_report/domain/usecases/monthly_report_usecases_test.dart: GetCategoryBreakdown propagates exception from repository
00:14 +83 -11: c:/Works/finance_tracking_app/test/unit_test/feature/monthly_report/domain/usecases/monthly_report_usecases_test.dart: GetMonthlyTrend returns MonthlyTrend with income and expense by month
00:14 +84 -11: c:/Works/finance_tracking_app/test/unit_test/feature/monthly_report/domain/usecases/monthly_report_usecases_test.dart: GetMonthlyTrend fills all 12 months with zero for missing data
00:14 +85 -11: c:/Works/finance_tracking_app/test/unit_test/feature/monthly_report/domain/usecases/monthly_report_usecases_test.dart: GetMonthlyTrend calls repository for both income and expense types
00:14 +86 -11: c:/Works/finance_tracking_app/test/unit_test/feature/monthly_report/domain/usecases/monthly_report_usecases_test.dart: GetMonthlyTrend propagates exception from repository
00:14 +87 -11: c:/Works/finance_tracking_app/test/unit_test/feature/monthly_report/domain/usecases/monthly_report_usecases_test.dart: (tearDownAll)
00:15 +87 -11: c:/Works/finance_tracking_app/test/unit_test/feature/monthly_report/presentation/monthly_report_cubit_test.dart: (setUpAll)
00:15 +87 -11: c:/Works/finance_tracking_app/test/unit_test/feature/monthly_report/presentation/monthly_report_cubit_test.dart: MonthlyReportCubit init loads trend and month data in parallel on init
00:15 +88 -11: c:/Works/finance_tracking_app/test/unit_test/feature/monthly_report/presentation/monthly_report_cubit_test.dart: MonthlyReportCubit changeTab changes tab and clears error
00:15 +89 -11: c:/Works/finance_tracking_app/test/unit_test/feature/monthly_report/presentation/monthly_report_cubit_test.dart: MonthlyReportCubit changeTab does nothing when tab is the same
00:15 +90 -11: c:/Works/finance_tracking_app/test/unit_test/feature/monthly_report/presentation/monthly_report_cubit_test.dart: MonthlyReportCubit changeMonth does nothing when month is the same
00:15 +91 -11: c:/Works/finance_tracking_app/test/unit_test/feature/monthly_report/presentation/monthly_report_cubit_test.dart: MonthlyReportCubit changeMonth reloads trend when year changes
00:15 +92 -11: c:/Works/finance_tracking_app/test/unit_test/feature/monthly_report/presentation/monthly_report_cubit_test.dart: MonthlyReportCubit changeMonth does not reload trend when same year, different month
00:15 +93 -11: c:/Works/finance_tracking_app/test/unit_test/feature/monthly_report/presentation/monthly_report_cubit_test.dart: MonthlyReportCubit loadTrend emits loading then data on success
00:15 +94 -11: c:/Works/finance_tracking_app/test/unit_test/feature/monthly_report/presentation/monthly_report_cubit_test.dart: MonthlyReportCubit loadTrend emits error on failure
00:15 +95 -11: c:/Works/finance_tracking_app/test/unit_test/feature/monthly_report/presentation/monthly_report_cubit_test.dart: MonthlyReportCubit loadMonthData emits loading then data on success
00:15 +96 -11: c:/Works/finance_tracking_app/test/unit_test/feature/monthly_report/presentation/monthly_report_cubit_test.dart: MonthlyReportCubit loadMonthData emits error on failure
00:15 +97 -11: c:/Works/finance_tracking_app/test/unit_test/feature/monthly_report/presentation/monthly_report_cubit_test.dart: MonthlyReportCubit clearError clears error message when error exists
00:15 +98 -11: c:/Works/finance_tracking_app/test/unit_test/feature/monthly_report/presentation/monthly_report_cubit_test.dart: MonthlyReportCubit clearError does nothing when no error
00:15 +99 -11: c:/Works/finance_tracking_app/test/unit_test/feature/monthly_report/presentation/monthly_report_cubit_test.dart: MonthlyReportCubit retry reloads both trend and month data
00:15 +100 -11: c:/Works/finance_tracking_app/test/unit_test/feature/monthly_report/presentation/monthly_report_cubit_test.dart: (tearDownAll)
00:16 +100 -11: c:/Works/finance_tracking_app/test/unit_test/feature/settings/data/settings_repository_impl_test.dart: SettingsRepositoryImpl getMine returns AppSettings when user has saved settings
00:16 +101 -11: c:/Works/finance_tracking_app/test/unit_test/feature/settings/data/settings_repository_impl_test.dart: SettingsRepositoryImpl getMine returns null when user has no saved settings
00:16 +102 -11: c:/Works/finance_tracking_app/test/unit_test/feature/settings/data/settings_repository_impl_test.dart: SettingsRepositoryImpl getMine throws when userId is missing
â”Œâ”€â”€â”€â”€â”€â”€â”€â”€â”€â”€â”€â”€â”€â”€â”€â”€â”€â”€â”€â”€â”€â”€â”€â”€â”€â”€â”€â”€â”€â”€â”€â”€â”€â”€â”€â”€â”€â”€â”€â”€â”€â”€â”€â”€â”€â”€â”€â”€â”€â”€â”€â”€â”€â”€â”€â”€â”€â”€â”€â”€â”€â”€â”€â”€â”€â”€â”€â”€â”€â”€â”€â”€â”€â”€â”€â”€â”€â”€â”€â”€â”€â”€â”€â”€â”€â”€â”€â”€â”€â”€â”€â”€â”€â”€â”€â”€â”€â”€â”€
â”‚ FormatException: User ID is missing. Please login again.
â”œâ”„â”„â”„â”„â”„â”„â”„â”„â”„â”„â”„â”„â”„â”„â”„â”„â”„â”„â”„â”„â”„â”„â”„â”„â”„â”„â”„â”„â”„â”„â”„â”„â”„â”„â”„â”„â”„â”„â”„â”„â”„â”„â”„â”„â”„â”„â”„â”„â”„â”„â”„â”„â”„â”„â”„â”„â”„â”„â”„â”„â”„â”„â”„â”„â”„â”„â”„â”„â”„â”„â”„â”„â”„â”„â”„â”„â”„â”„â”„â”„â”„â”„â”„â”„â”„â”„â”„â”„â”„â”„â”„â”„â”„â”„â”„â”„â”„â”„â”„
â”‚ #0   SettingsRepositoryImpl._requireUserId (package:finance_tracker_app/feature/settings/data/repositories/settings_repository_impl.dart:72:7)
â”‚ #1   <asynchronous suspension>
â”‚ #2   SettingsRepositoryImpl.getMine (package:finance_tracker_app/feature/settings/data/repositories/settings_repository_impl.dart:23:19)
â”‚ #3   <asynchronous suspension>
â”‚ #4   Throws._matchFuture (package:matcher/src/expect/throws_matcher.dart:102:19)
â”œâ”„â”„â”„â”„â”„â”„â”„â”„â”„â”„â”„â”„â”„â”„â”„â”„â”„â”„â”„â”„â”„â”„â”„â”„â”„â”„â”„â”„â”„â”„â”„â”„â”„â”„â”„â”„â”„â”„â”„â”„â”„â”„â”„â”„â”„â”„â”„â”„â”„â”„â”„â”„â”„â”„â”„â”„â”„â”„â”„â”„â”„â”„â”„â”„â”„â”„â”„â”„â”„â”„â”„â”„â”„â”„â”„â”„â”„â”„â”„â”„â”„â”„â”„â”„â”„â”„â”„â”„â”„â”„â”„â”„â”„â”„â”„â”„â”„â”„â”„
â”‚ 10:14:06.225 (+0:00:00.005996)
â”œâ”„â”„â”„â”„â”„â”„â”„â”„â”„â”„â”„â”„â”„â”„â”„â”„â”„â”„â”„â”„â”„â”„â”„â”„â”„â”„â”„â”„â”„â”„â”„â”„â”„â”„â”„â”„â”„â”„â”„â”„â”„â”„â”„â”„â”„â”„â”„â”„â”„â”„â”„â”„â”„â”„â”„â”„â”„â”„â”„â”„â”„â”„â”„â”„â”„â”„â”„â”„â”„â”„â”„â”„â”„â”„â”„â”„â”„â”„â”„â”„â”„â”„â”„â”„â”„â”„â”„â”„â”„â”„â”„â”„â”„â”„â”„â”„â”„â”„â”„
â”‚ ğŸ› [REPO] SettingsRepository.getMine failed
â””â”€â”€â”€â”€â”€â”€â”€â”€â”€â”€â”€â”€â”€â”€â”€â”€â”€â”€â”€â”€â”€â”€â”€â”€â”€â”€â”€â”€â”€â”€â”€â”€â”€â”€â”€â”€â”€â”€â”€â”€â”€â”€â”€â”€â”€â”€â”€â”€â”€â”€â”€â”€â”€â”€â”€â”€â”€â”€â”€â”€â”€â”€â”€â”€â”€â”€â”€â”€â”€â”€â”€â”€â”€â”€â”€â”€â”€â”€â”€â”€â”€â”€â”€â”€â”€â”€â”€â”€â”€â”€â”€â”€â”€â”€â”€â”€â”€â”€â”€
00:16 +103 -11: c:/Works/finance_tracking_app/test/unit_test/feature/settings/data/settings_repository_impl_test.dart: SettingsRepositoryImpl getMine throws when userId is empty
â”Œâ”€â”€â”€â”€â”€â”€â”€â”€â”€â”€â”€â”€â”€â”€â”€â”€â”€â”€â”€â”€â”€â”€â”€â”€â”€â”€â”€â”€â”€â”€â”€â”€â”€â”€â”€â”€â”€â”€â”€â”€â”€â”€â”€â”€â”€â”€â”€â”€â”€â”€â”€â”€â”€â”€â”€â”€â”€â”€â”€â”€â”€â”€â”€â”€â”€â”€â”€â”€â”€â”€â”€â”€â”€â”€â”€â”€â”€â”€â”€â”€â”€â”€â”€â”€â”€â”€â”€â”€â”€â”€â”€â”€â”€â”€â”€â”€â”€â”€â”€
â”‚ FormatException: User ID is missing. Please login again.
â”œâ”„â”„â”„â”„â”„â”„â”„â”„â”„â”„â”„â”„â”„â”„â”„â”„â”„â”„â”„â”„â”„â”„â”„â”„â”„â”„â”„â”„â”„â”„â”„â”„â”„â”„â”„â”„â”„â”„â”„â”„â”„â”„â”„â”„â”„â”„â”„â”„â”„â”„â”„â”„â”„â”„â”„â”„â”„â”„â”„â”„â”„â”„â”„â”„â”„â”„â”„â”„â”„â”„â”„â”„â”„â”„â”„â”„â”„â”„â”„â”„â”„â”„â”„â”„â”„â”„â”„â”„â”„â”„â”„â”„â”„â”„â”„â”„â”„â”„â”„
â”‚ #0   SettingsRepositoryImpl._requireUserId (package:finance_tracker_app/feature/settings/data/repositories/settings_repository_impl.dart:72:7)
â”‚ #1   <asynchronous suspension>
â”‚ #2   SettingsRepositoryImpl.getMine (package:finance_tracker_app/feature/settings/data/repositories/settings_repository_impl.dart:23:19)
â”‚ #3   <asynchronous suspension>
â”‚ #4   Throws._matchFuture (package:matcher/src/expect/throws_matcher.dart:102:19)
â”œâ”„â”„â”„â”„â”„â”„â”„â”„â”„â”„â”„â”„â”„â”„â”„â”„â”„â”„â”„â”„â”„â”„â”„â”„â”„â”„â”„â”„â”„â”„â”„â”„â”„â”„â”„â”„â”„â”„â”„â”„â”„â”„â”„â”„â”„â”„â”„â”„â”„â”„â”„â”„â”„â”„â”„â”„â”„â”„â”„â”„â”„â”„â”„â”„â”„â”„â”„â”„â”„â”„â”„â”„â”„â”„â”„â”„â”„â”„â”„â”„â”„â”„â”„â”„â”„â”„â”„â”„â”„â”„â”„â”„â”„â”„â”„â”„â”„â”„â”„
â”‚ 10:14:06.349 (+0:00:00.130039)
â”œâ”„â”„â”„â”„â”„â”„â”„â”„â”„â”„â”„â”„â”„â”„â”„â”„â”„â”„â”„â”„â”„â”„â”„â”„â”„â”„â”„â”„â”„â”„â”„â”„â”„â”„â”„â”„â”„â”„â”„â”„â”„â”„â”„â”„â”„â”„â”„â”„â”„â”„â”„â”„â”„â”„â”„â”„â”„â”„â”„â”„â”„â”„â”„â”„â”„â”„â”„â”„â”„â”„â”„â”„â”„â”„â”„â”„â”„â”„â”„â”„â”„â”„â”„â”„â”„â”„â”„â”„â”„â”„â”„â”„â”„â”„â”„â”„â”„â”„â”„
â”‚ ğŸ› [REPO] SettingsRepository.getMine failed
â””â”€â”€â”€â”€â”€â”€â”€â”€â”€â”€â”€â”€â”€â”€â”€â”€â”€â”€â”€â”€â”€â”€â”€â”€â”€â”€â”€â”€â”€â”€â”€â”€â”€â”€â”€â”€â”€â”€â”€â”€â”€â”€â”€â”€â”€â”€â”€â”€â”€â”€â”€â”€â”€â”€â”€â”€â”€â”€â”€â”€â”€â”€â”€â”€â”€â”€â”€â”€â”€â”€â”€â”€â”€â”€â”€â”€â”€â”€â”€â”€â”€â”€â”€â”€â”€â”€â”€â”€â”€â”€â”€â”€â”€â”€â”€â”€â”€â”€â”€
00:16 +104 -11: c:/Works/finance_tracking_app/test/unit_test/feature/settings/data/settings_repository_impl_test.dart: SettingsRepositoryImpl getMine throws mapped exception on remote error
â”Œâ”€â”€â”€â”€â”€â”€â”€â”€â”€â”€â”€â”€â”€â”€â”€â”€â”€â”€â”€â”€â”€â”€â”€â”€â”€â”€â”€â”€â”€â”€â”€â”€â”€â”€â”€â”€â”€â”€â”€â”€â”€â”€â”€â”€â”€â”€â”€â”€â”€â”€â”€â”€â”€â”€â”€â”€â”€â”€â”€â”€â”€â”€â”€â”€â”€â”€â”€â”€â”€â”€â”€â”€â”€â”€â”€â”€â”€â”€â”€â”€â”€â”€â”€â”€â”€â”€â”€â”€â”€â”€â”€â”€â”€â”€â”€â”€â”€â”€â”€
â”‚ Exception: Network error
â”œâ”„â”„â”„â”„â”„â”„â”„â”„â”„â”„â”„â”„â”„â”„â”„â”„â”„â”„â”„â”„â”„â”„â”„â”„â”„â”„â”„â”„â”„â”„â”„â”„â”„â”„â”„â”„â”„â”„â”„â”„â”„â”„â”„â”„â”„â”„â”„â”„â”„â”„â”„â”„â”„â”„â”„â”„â”„â”„â”„â”„â”„â”„â”„â”„â”„â”„â”„â”„â”„â”„â”„â”„â”„â”„â”„â”„â”„â”„â”„â”„â”„â”„â”„â”„â”„â”„â”„â”„â”„â”„â”„â”„â”„â”„â”„â”„â”„â”„â”„
â”‚ #0   When.thenThrow.<anonymous closure> (package:mocktail/src/mocktail.dart:249:7)
â”‚ #1   Mock.noSuchMethod (package:mocktail/src/mocktail.dart:131:37)
â”‚ #2   MockSettingsRemoteDataSource.getMine (file:///c:/Works/finance_tracking_app/test/unit_test/feature/settings/data/settings_repository_impl_test.dart:9:7)
â”‚ #3   SettingsRepositoryImpl.getMine (package:finance_tracker_app/feature/settings/data/repositories/settings_repository_impl.dart:24:33)
â”‚ #4   <asynchronous suspension>
â”œâ”„â”„â”„â”„â”„â”„â”„â”„â”„â”„â”„â”„â”„â”„â”„â”„â”„â”„â”„â”„â”„â”„â”„â”„â”„â”„â”„â”„â”„â”„â”„â”„â”„â”„â”„â”„â”„â”„â”„â”„â”„â”„â”„â”„â”„â”„â”„â”„â”„â”„â”„â”„â”„â”„â”„â”„â”„â”„â”„â”„â”„â”„â”„â”„â”„â”„â”„â”„â”„â”„â”„â”„â”„â”„â”„â”„â”„â”„â”„â”„â”„â”„â”„â”„â”„â”„â”„â”„â”„â”„â”„â”„â”„â”„â”„â”„â”„â”„â”„
â”‚ 10:14:06.377 (+0:00:00.158327)
â”œâ”„â”„â”„â”„â”„â”„â”„â”„â”„â”„â”„â”„â”„â”„â”„â”„â”„â”„â”„â”„â”„â”„â”„â”„â”„â”„â”„â”„â”„â”„â”„â”„â”„â”„â”„â”„â”„â”„â”„â”„â”„â”„â”„â”„â”„â”„â”„â”„â”„â”„â”„â”„â”„â”„â”„â”„â”„â”„â”„â”„â”„â”„â”„â”„â”„â”„â”„â”„â”„â”„â”„â”„â”„â”„â”„â”„â”„â”„â”„â”„â”„â”„â”„â”„â”„â”„â”„â”„â”„â”„â”„â”„â”„â”„â”„â”„â”„â”„â”„
â”‚ ğŸ› [REPO] SettingsRepository.getMine failed
â””â”€â”€â”€â”€â”€â”€â”€â”€â”€â”€â”€â”€â”€â”€â”€â”€â”€â”€â”€â”€â”€â”€â”€â”€â”€â”€â”€â”€â”€â”€â”€â”€â”€â”€â”€â”€â”€â”€â”€â”€â”€â”€â”€â”€â”€â”€â”€â”€â”€â”€â”€â”€â”€â”€â”€â”€â”€â”€â”€â”€â”€â”€â”€â”€â”€â”€â”€â”€â”€â”€â”€â”€â”€â”€â”€â”€â”€â”€â”€â”€â”€â”€â”€â”€â”€â”€â”€â”€â”€â”€â”€â”€â”€â”€â”€â”€â”€â”€â”€
00:16 +105 -11: c:/Works/finance_tracking_app/test/unit_test/feature/settings/data/settings_repository_impl_test.dart: SettingsRepositoryImpl upsert returns updated AppSettings on success
00:16 +106 -11: c:/Works/finance_tracking_app/test/unit_test/feature/settings/data/settings_repository_impl_test.dart: SettingsRepositoryImpl upsert passes correct JSON to remote
00:16 +107 -11: c:/Works/finance_tracking_app/test/unit_test/feature/settings/data/settings_repository_impl_test.dart: SettingsRepositoryImpl upsert throws when userId is missing
â”Œâ”€â”€â”€â”€â”€â”€â”€â”€â”€â”€â”€â”€â”€â”€â”€â”€â”€â”€â”€â”€â”€â”€â”€â”€â”€â”€â”€â”€â”€â”€â”€â”€â”€â”€â”€â”€â”€â”€â”€â”€â”€â”€â”€â”€â”€â”€â”€â”€â”€â”€â”€â”€â”€â”€â”€â”€â”€â”€â”€â”€â”€â”€â”€â”€â”€â”€â”€â”€â”€â”€â”€â”€â”€â”€â”€â”€â”€â”€â”€â”€â”€â”€â”€â”€â”€â”€â”€â”€â”€â”€â”€â”€â”€â”€â”€â”€â”€â”€â”€
â”‚ FormatException: User ID is missing. Please login again.
â”œâ”„â”„â”„â”„â”„â”„â”„â”„â”„â”„â”„â”„â”„â”„â”„â”„â”„â”„â”„â”„â”„â”„â”„â”„â”„â”„â”„â”„â”„â”„â”„â”„â”„â”„â”„â”„â”„â”„â”„â”„â”„â”„â”„â”„â”„â”„â”„â”„â”„â”„â”„â”„â”„â”„â”„â”„â”„â”„â”„â”„â”„â”„â”„â”„â”„â”„â”„â”„â”„â”„â”„â”„â”„â”„â”„â”„â”„â”„â”„â”„â”„â”„â”„â”„â”„â”„â”„â”„â”„â”„â”„â”„â”„â”„â”„â”„â”„â”„â”„
â”‚ #0   SettingsRepositoryImpl._requireUserId (package:finance_tracker_app/feature/settings/data/repositories/settings_repository_impl.dart:72:7)
â”‚ #1   <asynchronous suspension>
â”‚ #2   SettingsRepositoryImpl.upsert (package:finance_tracker_app/feature/settings/data/repositories/settings_repository_impl.dart:37:19)
â”‚ #3   <asynchronous suspension>
â”‚ #4   Throws._matchFuture (package:matcher/src/expect/throws_matcher.dart:102:19)
â”œâ”„â”„â”„â”„â”„â”„â”„â”„â”„â”„â”„â”„â”„â”„â”„â”„â”„â”„â”„â”„â”„â”„â”„â”„â”„â”„â”„â”„â”„â”„â”„â”„â”„â”„â”„â”„â”„â”„â”„â”„â”„â”„â”„â”„â”„â”„â”„â”„â”„â”„â”„â”„â”„â”„â”„â”„â”„â”„â”„â”„â”„â”„â”„â”„â”„â”„â”„â”„â”„â”„â”„â”„â”„â”„â”„â”„â”„â”„â”„â”„â”„â”„â”„â”„â”„â”„â”„â”„â”„â”„â”„â”„â”„â”„â”„â”„â”„â”„â”„
â”‚ 10:14:06.431 (+0:00:00.212461)
â”œâ”„â”„â”„â”„â”„â”„â”„â”„â”„â”„â”„â”„â”„â”„â”„â”„â”„â”„â”„â”„â”„â”„â”„â”„â”„â”„â”„â”„â”„â”„â”„â”„â”„â”„â”„â”„â”„â”„â”„â”„â”„â”„â”„â”„â”„â”„â”„â”„â”„â”„â”„â”„â”„â”„â”„â”„â”„â”„â”„â”„â”„â”„â”„â”„â”„â”„â”„â”„â”„â”„â”„â”„â”„â”„â”„â”„â”„â”„â”„â”„â”„â”„â”„â”„â”„â”„â”„â”„â”„â”„â”„â”„â”„â”„â”„â”„â”„â”„â”„
â”‚ ğŸ› [REPO] SettingsRepository.upsert failed
â””â”€â”€â”€â”€â”€â”€â”€â”€â”€â”€â”€â”€â”€â”€â”€â”€â”€â”€â”€â”€â”€â”€â”€â”€â”€â”€â”€â”€â”€â”€â”€â”€â”€â”€â”€â”€â”€â”€â”€â”€â”€â”€â”€â”€â”€â”€â”€â”€â”€â”€â”€â”€â”€â”€â”€â”€â”€â”€â”€â”€â”€â”€â”€â”€â”€â”€â”€â”€â”€â”€â”€â”€â”€â”€â”€â”€â”€â”€â”€â”€â”€â”€â”€â”€â”€â”€â”€â”€â”€â”€â”€â”€â”€â”€â”€â”€â”€â”€â”€
00:16 +108 -11: c:/Works/finance_tracking_app/test/unit_test/feature/settings/data/settings_repository_impl_test.dart: SettingsRepositoryImpl upsert throws mapped exception on remote error
â”Œâ”€â”€â”€â”€â”€â”€â”€â”€â”€â”€â”€â”€â”€â”€â”€â”€â”€â”€â”€â”€â”€â”€â”€â”€â”€â”€â”€â”€â”€â”€â”€â”€â”€â”€â”€â”€â”€â”€â”€â”€â”€â”€â”€â”€â”€â”€â”€â”€â”€â”€â”€â”€â”€â”€â”€â”€â”€â”€â”€â”€â”€â”€â”€â”€â”€â”€â”€â”€â”€â”€â”€â”€â”€â”€â”€â”€â”€â”€â”€â”€â”€â”€â”€â”€â”€â”€â”€â”€â”€â”€â”€â”€â”€â”€â”€â”€â”€â”€â”€
â”‚ Exception: Save failed
â”œâ”„â”„â”„â”„â”„â”„â”„â”„â”„â”„â”„â”„â”„â”„â”„â”„â”„â”„â”„â”„â”„â”„â”„â”„â”„â”„â”„â”„â”„â”„â”„â”„â”„â”„â”„â”„â”„â”„â”„â”„â”„â”„â”„â”„â”„â”„â”„â”„â”„â”„â”„â”„â”„â”„â”„â”„â”„â”„â”„â”„â”„â”„â”„â”„â”„â”„â”„â”„â”„â”„â”„â”„â”„â”„â”„â”„â”„â”„â”„â”„â”„â”„â”„â”„â”„â”„â”„â”„â”„â”„â”„â”„â”„â”„â”„â”„â”„â”„â”„
â”‚ #0   When.thenThrow.<anonymous closure> (package:mocktail/src/mocktail.dart:249:7)
â”‚ #1   Mock.noSuchMethod (package:mocktail/src/mocktail.dart:131:37)
â”‚ #2   MockSettingsRemoteDataSource.upsert (file:///c:/Works/finance_tracking_app/test/unit_test/feature/settings/data/settings_repository_impl_test.dart:9:7)
â”‚ #3   SettingsRepositoryImpl.upsert (package:finance_tracker_app/feature/settings/data/repositories/settings_repository_impl.dart:38:33)
â”‚ #4   <asynchronous suspension>
â”œâ”„â”„â”„â”„â”„â”„â”„â”„â”„â”„â”„â”„â”„â”„â”„â”„â”„â”„â”„â”„â”„â”„â”„â”„â”„â”„â”„â”„â”„â”„â”„â”„â”„â”„â”„â”„â”„â”„â”„â”„â”„â”„â”„â”„â”„â”„â”„â”„â”„â”„â”„â”„â”„â”„â”„â”„â”„â”„â”„â”„â”„â”„â”„â”„â”„â”„â”„â”„â”„â”„â”„â”„â”„â”„â”„â”„â”„â”„â”„â”„â”„â”„â”„â”„â”„â”„â”„â”„â”„â”„â”„â”„â”„â”„â”„â”„â”„â”„â”„
â”‚ 10:14:06.456 (+0:00:00.237841)
â”œâ”„â”„â”„â”„â”„â”„â”„â”„â”„â”„â”„â”„â”„â”„â”„â”„â”„â”„â”„â”„â”„â”„â”„â”„â”„â”„â”„â”„â”„â”„â”„â”„â”„â”„â”„â”„â”„â”„â”„â”„â”„â”„â”„â”„â”„â”„â”„â”„â”„â”„â”„â”„â”„â”„â”„â”„â”„â”„â”„â”„â”„â”„â”„â”„â”„â”„â”„â”„â”„â”„â”„â”„â”„â”„â”„â”„â”„â”„â”„â”„â”„â”„â”„â”„â”„â”„â”„â”„â”„â”„â”„â”„â”„â”„â”„â”„â”„â”„â”„
â”‚ ğŸ› [REPO] SettingsRepository.upsert failed
â””â”€â”€â”€â”€â”€â”€â”€â”€â”€â”€â”€â”€â”€â”€â”€â”€â”€â”€â”€â”€â”€â”€â”€â”€â”€â”€â”€â”€â”€â”€â”€â”€â”€â”€â”€â”€â”€â”€â”€â”€â”€â”€â”€â”€â”€â”€â”€â”€â”€â”€â”€â”€â”€â”€â”€â”€â”€â”€â”€â”€â”€â”€â”€â”€â”€â”€â”€â”€â”€â”€â”€â”€â”€â”€â”€â”€â”€â”€â”€â”€â”€â”€â”€â”€â”€â”€â”€â”€â”€â”€â”€â”€â”€â”€â”€â”€â”€â”€â”€
00:16 +109 -11: c:/Works/finance_tracking_app/test/unit_test/feature/settings/data/settings_repository_impl_test.dart: SettingsRepositoryImpl patch returns updated AppSettings when patching reminderOn
00:16 +110 -11: c:/Works/finance_tracking_app/test/unit_test/feature/settings/data/settings_repository_impl_test.dart: SettingsRepositoryImpl patch returns updated AppSettings when patching budgetAlertOn
00:16 +111 -11: c:/Works/finance_tracking_app/test/unit_test/feature/settings/data/settings_repository_impl_test.dart: SettingsRepositoryImpl patch returns updated AppSettings when patching tipsOn
00:16 +112 -11: c:/Works/finance_tracking_app/test/unit_test/feature/settings/data/settings_repository_impl_test.dart: SettingsRepositoryImpl patch patches multiple fields at once
00:16 +113 -11: c:/Works/finance_tracking_app/test/unit_test/feature/settings/data/settings_repository_impl_test.dart: SettingsRepositoryImpl patch sends empty body when no fields specified
00:16 +114 -11: c:/Works/finance_tracking_app/test/unit_test/feature/settings/data/settings_repository_impl_test.dart: SettingsRepositoryImpl patch throws when userId is missing
â”Œâ”€â”€â”€â”€â”€â”€â”€â”€â”€â”€â”€â”€â”€â”€â”€â”€â”€â”€â”€â”€â”€â”€â”€â”€â”€â”€â”€â”€â”€â”€â”€â”€â”€â”€â”€â”€â”€â”€â”€â”€â”€â”€â”€â”€â”€â”€â”€â”€â”€â”€â”€â”€â”€â”€â”€â”€â”€â”€â”€â”€â”€â”€â”€â”€â”€â”€â”€â”€â”€â”€â”€â”€â”€â”€â”€â”€â”€â”€â”€â”€â”€â”€â”€â”€â”€â”€â”€â”€â”€â”€â”€â”€â”€â”€â”€â”€â”€â”€â”€
â”‚ FormatException: User ID is missing. Please login again.
â”œâ”„â”„â”„â”„â”„â”„â”„â”„â”„â”„â”„â”„â”„â”„â”„â”„â”„â”„â”„â”„â”„â”„â”„â”„â”„â”„â”„â”„â”„â”„â”„â”„â”„â”„â”„â”„â”„â”„â”„â”„â”„â”„â”„â”„â”„â”„â”„â”„â”„â”„â”„â”„â”„â”„â”„â”„â”„â”„â”„â”„â”„â”„â”„â”„â”„â”„â”„â”„â”„â”„â”„â”„â”„â”„â”„â”„â”„â”„â”„â”„â”„â”„â”„â”„â”„â”„â”„â”„â”„â”„â”„â”„â”„â”„â”„â”„â”„â”„â”„
â”‚ #0   SettingsRepositoryImpl._requireUserId (package:finance_tracker_app/feature/settings/data/repositories/settings_repository_impl.dart:72:7)
â”‚ #1   <asynchronous suspension>
â”‚ #2   SettingsRepositoryImpl.patch (package:finance_tracker_app/feature/settings/data/repositories/settings_repository_impl.dart:54:19)
â”‚ #3   <asynchronous suspension>
â”‚ #4   Throws._matchFuture (package:matcher/src/expect/throws_matcher.dart:102:19)
â”œâ”„â”„â”„â”„â”„â”„â”„â”„â”„â”„â”„â”„â”„â”„â”„â”„â”„â”„â”„â”„â”„â”„â”„â”„â”„â”„â”„â”„â”„â”„â”„â”„â”„â”„â”„â”„â”„â”„â”„â”„â”„â”„â”„â”„â”„â”„â”„â”„â”„â”„â”„â”„â”„â”„â”„â”„â”„â”„â”„â”„â”„â”„â”„â”„â”„â”„â”„â”„â”„â”„â”„â”„â”„â”„â”„â”„â”„â”„â”„â”„â”„â”„â”„â”„â”„â”„â”„â”„â”„â”„â”„â”„â”„â”„â”„â”„â”„â”„â”„
â”‚ 10:14:06.528 (+0:00:00.309109)
â”œâ”„â”„â”„â”„â”„â”„â”„â”„â”„â”„â”„â”„â”„â”„â”„â”„â”„â”„â”„â”„â”„â”„â”„â”„â”„â”„â”„â”„â”„â”„â”„â”„â”„â”„â”„â”„â”„â”„â”„â”„â”„â”„â”„â”„â”„â”„â”„â”„â”„â”„â”„â”„â”„â”„â”„â”„â”„â”„â”„â”„â”„â”„â”„â”„â”„â”„â”„â”„â”„â”„â”„â”„â”„â”„â”„â”„â”„â”„â”„â”„â”„â”„â”„â”„â”„â”„â”„â”„â”„â”„â”„â”„â”„â”„â”„â”„â”„â”„â”„
â”‚ ğŸ› [REPO] SettingsRepository.patch failed
â””â”€â”€â”€â”€â”€â”€â”€â”€â”€â”€â”€â”€â”€â”€â”€â”€â”€â”€â”€â”€â”€â”€â”€â”€â”€â”€â”€â”€â”€â”€â”€â”€â”€â”€â”€â”€â”€â”€â”€â”€â”€â”€â”€â”€â”€â”€â”€â”€â”€â”€â”€â”€â”€â”€â”€â”€â”€â”€â”€â”€â”€â”€â”€â”€â”€â”€â”€â”€â”€â”€â”€â”€â”€â”€â”€â”€â”€â”€â”€â”€â”€â”€â”€â”€â”€â”€â”€â”€â”€â”€â”€â”€â”€â”€â”€â”€â”€â”€â”€
00:16 +115 -11: c:/Works/finance_tracking_app/test/unit_test/feature/settings/data/settings_repository_impl_test.dart: SettingsRepositoryImpl patch throws mapped exception on remote error
â”Œâ”€â”€â”€â”€â”€â”€â”€â”€â”€â”€â”€â”€â”€â”€â”€â”€â”€â”€â”€â”€â”€â”€â”€â”€â”€â”€â”€â”€â”€â”€â”€â”€â”€â”€â”€â”€â”€â”€â”€â”€â”€â”€â”€â”€â”€â”€â”€â”€â”€â”€â”€â”€â”€â”€â”€â”€â”€â”€â”€â”€â”€â”€â”€â”€â”€â”€â”€â”€â”€â”€â”€â”€â”€â”€â”€â”€â”€â”€â”€â”€â”€â”€â”€â”€â”€â”€â”€â”€â”€â”€â”€â”€â”€â”€â”€â”€â”€â”€â”€
â”‚ Exception: Patch failed
â”œâ”„â”„â”„â”„â”„â”„â”„â”„â”„â”„â”„â”„â”„â”„â”„â”„â”„â”„â”„â”„â”„â”„â”„â”„â”„â”„â”„â”„â”„â”„â”„â”„â”„â”„â”„â”„â”„â”„â”„â”„â”„â”„â”„â”„â”„â”„â”„â”„â”„â”„â”„â”„â”„â”„â”„â”„â”„â”„â”„â”„â”„â”„â”„â”„â”„â”„â”„â”„â”„â”„â”„â”„â”„â”„â”„â”„â”„â”„â”„â”„â”„â”„â”„â”„â”„â”„â”„â”„â”„â”„â”„â”„â”„â”„â”„â”„â”„â”„â”„
â”‚ #0   When.thenThrow.<anonymous closure> (package:mocktail/src/mocktail.dart:249:7)
â”‚ #1   Mock.noSuchMethod (package:mocktail/src/mocktail.dart:131:37)
â”‚ #2   MockSettingsRemoteDataSource.patch (file:///c:/Works/finance_tracking_app/test/unit_test/feature/settings/data/settings_repository_impl_test.dart:9:7)
â”‚ #3   SettingsRepositoryImpl.patch (package:finance_tracker_app/feature/settings/data/repositories/settings_repository_impl.dart:60:33)
â”‚ #4   <asynchronous suspension>
â”œâ”„â”„â”„â”„â”„â”„â”„â”„â”„â”„â”„â”„â”„â”„â”„â”„â”„â”„â”„â”„â”„â”„â”„â”„â”„â”„â”„â”„â”„â”„â”„â”„â”„â”„â”„â”„â”„â”„â”„â”„â”„â”„â”„â”„â”„â”„â”„â”„â”„â”„â”„â”„â”„â”„â”„â”„â”„â”„â”„â”„â”„â”„â”„â”„â”„â”„â”„â”„â”„â”„â”„â”„â”„â”„â”„â”„â”„â”„â”„â”„â”„â”„â”„â”„â”„â”„â”„â”„â”„â”„â”„â”„â”„â”„â”„â”„â”„â”„â”„
â”‚ 10:14:06.546 (+0:00:00.327115)
â”œâ”„â”„â”„â”„â”„â”„â”„â”„â”„â”„â”„â”„â”„â”„â”„â”„â”„â”„â”„â”„â”„â”„â”„â”„â”„â”„â”„â”„â”„â”„â”„â”„â”„â”„â”„â”„â”„â”„â”„â”„â”„â”„â”„â”„â”„â”„â”„â”„â”„â”„â”„â”„â”„â”„â”„â”„â”„â”„â”„â”„â”„â”„â”„â”„â”„â”„â”„â”„â”„â”„â”„â”„â”„â”„â”„â”„â”„â”„â”„â”„â”„â”„â”„â”„â”„â”„â”„â”„â”„â”„â”„â”„â”„â”„â”„â”„â”„â”„â”„
â”‚ ğŸ› [REPO] SettingsRepository.patch failed
â””â”€â”€â”€â”€â”€â”€â”€â”€â”€â”€â”€â”€â”€â”€â”€â”€â”€â”€â”€â”€â”€â”€â”€â”€â”€â”€â”€â”€â”€â”€â”€â”€â”€â”€â”€â”€â”€â”€â”€â”€â”€â”€â”€â”€â”€â”€â”€â”€â”€â”€â”€â”€â”€â”€â”€â”€â”€â”€â”€â”€â”€â”€â”€â”€â”€â”€â”€â”€â”€â”€â”€â”€â”€â”€â”€â”€â”€â”€â”€â”€â”€â”€â”€â”€â”€â”€â”€â”€â”€â”€â”€â”€â”€â”€â”€â”€â”€â”€â”€
00:16 +116 -11: c:/Works/finance_tracking_app/test/unit_test/feature/settings/domain/usecases/settings_usecases_test.dart: (setUpAll)
00:16 +116 -11: c:/Works/finance_tracking_app/test/unit_test/feature/settings/domain/usecases/settings_usecases_test.dart: GetMySettings returns saved settings when user has settings
00:16 +117 -11: c:/Works/finance_tracking_app/test/unit_test/feature/settings/domain/usecases/settings_usecases_test.dart: GetMySettings returns default settings when user has no saved settings
00:16 +118 -11: c:/Works/finance_tracking_app/test/unit_test/feature/settings/domain/usecases/settings_usecases_test.dart: GetMySettings propagates exception from repository
00:16 +119 -11: c:/Works/finance_tracking_app/test/unit_test/feature/settings/domain/usecases/settings_usecases_test.dart: UpsertSettings returns updated settings from repository
00:17 +120 -11: c:/Works/finance_tracking_app/test/unit_test/feature/settings/domain/usecases/settings_usecases_test.dart: UpsertSettings passes settings object to repository
00:17 +121 -11: c:/Works/finance_tracking_app/test/unit_test/feature/settings/domain/usecases/settings_usecases_test.dart: UpsertSettings propagates exception from repository
00:17 +122 -11: c:/Works/finance_tracking_app/test/unit_test/feature/settings/domain/usecases/settings_usecases_test.dart: GetAllBudgets returns list of budgets from repository
00:17 +123 -11: c:/Works/finance_tracking_app/test/unit_test/feature/settings/domain/usecases/settings_usecases_test.dart: GetAllBudgets returns empty list when user has no budgets
00:17 +124 -11: c:/Works/finance_tracking_app/test/unit_test/feature/settings/domain/usecases/settings_usecases_test.dart: GetAllBudgets propagates exception from repository
00:17 +125 -11: c:/Works/finance_tracking_app/test/unit_test/feature/settings/domain/usecases/settings_usecases_test.dart: (tearDownAll)
00:17 +125 -11: c:/Works/finance_tracking_app/test/unit_test/feature/settings/presentation/settings_cubit_test.dart: (setUpAll)
00:17 +125 -11: c:/Works/finance_tracking_app/test/unit_test/feature/settings/presentation/settings_cubit_test.dart: SettingsCubit load emits [isLoading=true, isLoading=false with settings and budgets] on success
â”Œâ”€â”€â”€â”€â”€â”€â”€â”€â”€â”€â”€â”€â”€â”€â”€â”€â”€â”€â”€â”€â”€â”€â”€â”€â”€â”€â”€â”€â”€â”€â”€â”€â”€â”€â”€â”€â”€â”€â”€â”€â”€â”€â”€â”€â”€â”€â”€â”€â”€â”€â”€â”€â”€â”€â”€â”€â”€â”€â”€â”€â”€â”€â”€â”€â”€â”€â”€â”€â”€â”€â”€â”€â”€â”€â”€â”€â”€â”€â”€â”€â”€â”€â”€â”€â”€â”€â”€â”€â”€â”€â”€â”€â”€â”€â”€â”€â”€â”€â”€
â”‚ 10:14:07.639 (+0:00:00.002996)
â”œâ”„â”„â”„â”„â”„â”„â”„â”„â”„â”„â”„â”„â”„â”„â”„â”„â”„â”„â”„â”„â”„â”„â”„â”„â”„â”„â”„â”„â”„â”„â”„â”„â”„â”„â”„â”„â”„â”„â”„â”„â”„â”„â”„â”„â”„â”„â”„â”„â”„â”„â”„â”„â”„â”„â”„â”„â”„â”„â”„â”„â”„â”„â”„â”„â”„â”„â”„â”„â”„â”„â”„â”„â”„â”„â”„â”„â”„â”„â”„â”„â”„â”„â”„â”„â”„â”„â”„â”„â”„â”„â”„â”„â”„â”„â”„â”„â”„â”„â”„
â”‚ ğŸ› [REPO] SettingsCubit.load: budgets.length=1, hasAnyBudget=true
â””â”€â”€â”€â”€â”€â”€â”€â”€â”€â”€â”€â”€â”€â”€â”€â”€â”€â”€â”€â”€â”€â”€â”€â”€â”€â”€â”€â”€â”€â”€â”€â”€â”€â”€â”€â”€â”€â”€â”€â”€â”€â”€â”€â”€â”€â”€â”€â”€â”€â”€â”€â”€â”€â”€â”€â”€â”€â”€â”€â”€â”€â”€â”€â”€â”€â”€â”€â”€â”€â”€â”€â”€â”€â”€â”€â”€â”€â”€â”€â”€â”€â”€â”€â”€â”€â”€â”€â”€â”€â”€â”€â”€â”€â”€â”€â”€â”€â”€â”€
00:17 +126 -11: c:/Works/finance_tracking_app/test/unit_test/feature/settings/presentation/settings_cubit_test.dart: SettingsCubit load sets hasAnyBudget=false when no budgets
â”Œâ”€â”€â”€â”€â”€â”€â”€â”€â”€â”€â”€â”€â”€â”€â”€â”€â”€â”€â”€â”€â”€â”€â”€â”€â”€â”€â”€â”€â”€â”€â”€â”€â”€â”€â”€â”€â”€â”€â”€â”€â”€â”€â”€â”€â”€â”€â”€â”€â”€â”€â”€â”€â”€â”€â”€â”€â”€â”€â”€â”€â”€â”€â”€â”€â”€â”€â”€â”€â”€â”€â”€â”€â”€â”€â”€â”€â”€â”€â”€â”€â”€â”€â”€â”€â”€â”€â”€â”€â”€â”€â”€â”€â”€â”€â”€â”€â”€â”€â”€
â”‚ 10:14:07.677 (+0:00:00.041599)
â”œâ”„â”„â”„â”„â”„â”„â”„â”„â”„â”„â”„â”„â”„â”„â”„â”„â”„â”„â”„â”„â”„â”„â”„â”„â”„â”„â”„â”„â”„â”„â”„â”„â”„â”„â”„â”„â”„â”„â”„â”„â”„â”„â”„â”„â”„â”„â”„â”„â”„â”„â”„â”„â”„â”„â”„â”„â”„â”„â”„â”„â”„â”„â”„â”„â”„â”„â”„â”„â”„â”„â”„â”„â”„â”„â”„â”„â”„â”„â”„â”„â”„â”„â”„â”„â”„â”„â”„â”„â”„â”„â”„â”„â”„â”„â”„â”„â”„â”„â”„
â”‚ ğŸ› [REPO] SettingsCubit.load: budgets.length=0, hasAnyBudget=false
â””â”€â”€â”€â”€â”€â”€â”€â”€â”€â”€â”€â”€â”€â”€â”€â”€â”€â”€â”€â”€â”€â”€â”€â”€â”€â”€â”€â”€â”€â”€â”€â”€â”€â”€â”€â”€â”€â”€â”€â”€â”€â”€â”€â”€â”€â”€â”€â”€â”€â”€â”€â”€â”€â”€â”€â”€â”€â”€â”€â”€â”€â”€â”€â”€â”€â”€â”€â”€â”€â”€â”€â”€â”€â”€â”€â”€â”€â”€â”€â”€â”€â”€â”€â”€â”€â”€â”€â”€â”€â”€â”€â”€â”€â”€â”€â”€â”€â”€â”€
00:17 +127 -11: c:/Works/finance_tracking_app/test/unit_test/feature/settings/presentation/settings_cubit_test.dart: SettingsCubit load emits error on failure
â”Œâ”€â”€â”€â”€â”€â”€â”€â”€â”€â”€â”€â”€â”€â”€â”€â”€â”€â”€â”€â”€â”€â”€â”€â”€â”€â”€â”€â”€â”€â”€â”€â”€â”€â”€â”€â”€â”€â”€â”€â”€â”€â”€â”€â”€â”€â”€â”€â”€â”€â”€â”€â”€â”€â”€â”€â”€â”€â”€â”€â”€â”€â”€â”€â”€â”€â”€â”€â”€â”€â”€â”€â”€â”€â”€â”€â”€â”€â”€â”€â”€â”€â”€â”€â”€â”€â”€â”€â”€â”€â”€â”€â”€â”€â”€â”€â”€â”€â”€â”€
â”‚ Exception: Network error
â”œâ”„â”„â”„â”„â”„â”„â”„â”„â”„â”„â”„â”„â”„â”„â”„â”„â”„â”„â”„â”„â”„â”„â”„â”„â”„â”„â”„â”„â”„â”„â”„â”„â”„â”„â”„â”„â”„â”„â”„â”„â”„â”„â”„â”„â”„â”„â”„â”„â”„â”„â”„â”„â”„â”„â”„â”„â”„â”„â”„â”„â”„â”„â”„â”„â”„â”„â”„â”„â”„â”„â”„â”„â”„â”„â”„â”„â”„â”„â”„â”„â”„â”„â”„â”„â”„â”„â”„â”„â”„â”„â”„â”„â”„â”„â”„â”„â”„â”„â”„
â”‚ #0   When.thenThrow.<anonymous closure> (package:mocktail/src/mocktail.dart:249:7)
â”‚ #1   Mock.noSuchMethod (package:mocktail/src/mocktail.dart:131:37)
â”‚ #2   MockGetMySettings.call (file:///c:/Works/finance_tracking_app/test/unit_test/feature/settings/presentation/settings_cubit_test.dart:13:7)
â”‚ #3   SettingsCubit.load (package:finance_tracker_app/feature/settings/presentation/cubit/settings_cubit.dart:29:44)
â”‚ #4   main.<anonymous closure>.<anonymous closure>.<anonymous closure> (file:///c:/Works/finance_tracking_app/test/unit_test/feature/settings/presentation/settings_cubit_test.dart:110:23)
â”œâ”„â”„â”„â”„â”„â”„â”„â”„â”„â”„â”„â”„â”„â”„â”„â”„â”„â”„â”„â”„â”„â”„â”„â”„â”„â”„â”„â”„â”„â”„â”„â”„â”„â”„â”„â”„â”„â”„â”„â”„â”„â”„â”„â”„â”„â”„â”„â”„â”„â”„â”„â”„â”„â”„â”„â”„â”„â”„â”„â”„â”„â”„â”„â”„â”„â”„â”„â”„â”„â”„â”„â”„â”„â”„â”„â”„â”„â”„â”„â”„â”„â”„â”„â”„â”„â”„â”„â”„â”„â”„â”„â”„â”„â”„â”„â”„â”„â”„â”„
â”‚ 10:14:07.690 (+0:00:00.054599)
â”œâ”„â”„â”„â”„â”„â”„â”„â”„â”„â”„â”„â”„â”„â”„â”„â”„â”„â”„â”„â”„â”„â”„â”„â”„â”„â”„â”„â”„â”„â”„â”„â”„â”„â”„â”„â”„â”„â”„â”„â”„â”„â”„â”„â”„â”„â”„â”„â”„â”„â”„â”„â”„â”„â”„â”„â”„â”„â”„â”„â”„â”„â”„â”„â”„â”„â”„â”„â”„â”„â”„â”„â”„â”„â”„â”„â”„â”„â”„â”„â”„â”„â”„â”„â”„â”„â”„â”„â”„â”„â”„â”„â”„â”„â”„â”„â”„â”„â”„â”„
â”‚ ğŸ› [REPO] SettingsCubit.load failed
â””â”€â”€â”€â”€â”€â”€â”€â”€â”€â”€â”€â”€â”€â”€â”€â”€â”€â”€â”€â”€â”€â”€â”€â”€â”€â”€â”€â”€â”€â”€â”€â”€â”€â”€â”€â”€â”€â”€â”€â”€â”€â”€â”€â”€â”€â”€â”€â”€â”€â”€â”€â”€â”€â”€â”€â”€â”€â”€â”€â”€â”€â”€â”€â”€â”€â”€â”€â”€â”€â”€â”€â”€â”€â”€â”€â”€â”€â”€â”€â”€â”€â”€â”€â”€â”€â”€â”€â”€â”€â”€â”€â”€â”€â”€â”€â”€â”€â”€â”€
00:17 +128 -11: c:/Works/finance_tracking_app/test/unit_test/feature/settings/presentation/settings_cubit_test.dart: SettingsCubit consumePrompt sets shouldPromptSetBudget to false
00:17 +129 -11: c:/Works/finance_tracking_app/test/unit_test/feature/settings/presentation/settings_cubit_test.dart: SettingsCubit consumePrompt does nothing when shouldPromptSetBudget is already false
00:17 +130 -11: c:/Works/finance_tracking_app/test/unit_test/feature/settings/presentation/settings_cubit_test.dart: SettingsCubit toggleReminder saves settings with reminderOn toggled
00:17 +131 -11: c:/Works/finance_tracking_app/test/unit_test/feature/settings/presentation/settings_cubit_test.dart: SettingsCubit toggleTips saves settings with tipsOn toggled
00:17 +132 -11: c:/Works/finance_tracking_app/test/unit_test/feature/settings/presentation/settings_cubit_test.dart: SettingsCubit toggleBudgetLimit shows prompt when enabling budget limit with no budgets
â”Œâ”€â”€â”€â”€â”€â”€â”€â”€â”€â”€â”€â”€â”€â”€â”€â”€â”€â”€â”€â”€â”€â”€â”€â”€â”€â”€â”€â”€â”€â”€â”€â”€â”€â”€â”€â”€â”€â”€â”€â”€â”€â”€â”€â”€â”€â”€â”€â”€â”€â”€â”€â”€â”€â”€â”€â”€â”€â”€â”€â”€â”€â”€â”€â”€â”€â”€â”€â”€â”€â”€â”€â”€â”€â”€â”€â”€â”€â”€â”€â”€â”€â”€â”€â”€â”€â”€â”€â”€â”€â”€â”€â”€â”€â”€â”€â”€â”€â”€â”€
â”‚ 10:14:07.812 (+0:00:00.175945)
â”œâ”„â”„â”„â”„â”„â”„â”„â”„â”„â”„â”„â”„â”„â”„â”„â”„â”„â”„â”„â”„â”„â”„â”„â”„â”„â”„â”„â”„â”„â”„â”„â”„â”„â”„â”„â”„â”„â”„â”„â”„â”„â”„â”„â”„â”„â”„â”„â”„â”„â”„â”„â”„â”„â”„â”„â”„â”„â”„â”„â”„â”„â”„â”„â”„â”„â”„â”„â”„â”„â”„â”„â”„â”„â”„â”„â”„â”„â”„â”„â”„â”„â”„â”„â”„â”„â”„â”„â”„â”„â”„â”„â”„â”„â”„â”„â”„â”„â”„â”„
â”‚ ğŸ› [REPO] toggleBudgetLimit: v=true, hasAnyBudget=false
â””â”€â”€â”€â”€â”€â”€â”€â”€â”€â”€â”€â”€â”€â”€â”€â”€â”€â”€â”€â”€â”€â”€â”€â”€â”€â”€â”€â”€â”€â”€â”€â”€â”€â”€â”€â”€â”€â”€â”€â”€â”€â”€â”€â”€â”€â”€â”€â”€â”€â”€â”€â”€â”€â”€â”€â”€â”€â”€â”€â”€â”€â”€â”€â”€â”€â”€â”€â”€â”€â”€â”€â”€â”€â”€â”€â”€â”€â”€â”€â”€â”€â”€â”€â”€â”€â”€â”€â”€â”€â”€â”€â”€â”€â”€â”€â”€â”€â”€â”€
â”Œâ”€â”€â”€â”€â”€â”€â”€â”€â”€â”€â”€â”€â”€â”€â”€â”€â”€â”€â”€â”€â”€â”€â”€â”€â”€â”€â”€â”€â”€â”€â”€â”€â”€â”€â”€â”€â”€â”€â”€â”€â”€â”€â”€â”€â”€â”€â”€â”€â”€â”€â”€â”€â”€â”€â”€â”€â”€â”€â”€â”€â”€â”€â”€â”€â”€â”€â”€â”€â”€â”€â”€â”€â”€â”€â”€â”€â”€â”€â”€â”€â”€â”€â”€â”€â”€â”€â”€â”€â”€â”€â”€â”€â”€â”€â”€â”€â”€â”€â”€
â”‚ 10:14:07.812 (+0:00:00.175945)
â”œâ”„â”„â”„â”„â”„â”„â”„â”„â”„â”„â”„â”„â”„â”„â”„â”„â”„â”„â”„â”„â”„â”„â”„â”„â”„â”„â”„â”„â”„â”„â”„â”„â”„â”„â”„â”„â”„â”„â”„â”„â”„â”„â”„â”„â”„â”„â”„â”„â”„â”„â”„â”„â”„â”„â”„â”„â”„â”„â”„â”„â”„â”„â”„â”„â”„â”„â”„â”„â”„â”„â”„â”„â”„â”„â”„â”„â”„â”„â”„â”„â”„â”„â”„â”„â”„â”„â”„â”„â”„â”„â”„â”„â”„â”„â”„â”„â”„â”„â”„
â”‚ ğŸ› [REPO] toggleBudgetLimit: showing prompt dialog
â””â”€â”€â”€â”€â”€â”€â”€â”€â”€â”€â”€â”€â”€â”€â”€â”€â”€â”€â”€â”€â”€â”€â”€â”€â”€â”€â”€â”€â”€â”€â”€â”€â”€â”€â”€â”€â”€â”€â”€â”€â”€â”€â”€â”€â”€â”€â”€â”€â”€â”€â”€â”€â”€â”€â”€â”€â”€â”€â”€â”€â”€â”€â”€â”€â”€â”€â”€â”€â”€â”€â”€â”€â”€â”€â”€â”€â”€â”€â”€â”€â”€â”€â”€â”€â”€â”€â”€â”€â”€â”€â”€â”€â”€â”€â”€â”€â”€â”€â”€
00:17 +133 -11: c:/Works/finance_tracking_app/test/unit_test/feature/settings/presentation/settings_cubit_test.dart: SettingsCubit toggleBudgetLimit saves settings when enabling budget limit with existing budgets
â”Œâ”€â”€â”€â”€â”€â”€â”€â”€â”€â”€â”€â”€â”€â”€â”€â”€â”€â”€â”€â”€â”€â”€â”€â”€â”€â”€â”€â”€â”€â”€â”€â”€â”€â”€â”€â”€â”€â”€â”€â”€â”€â”€â”€â”€â”€â”€â”€â”€â”€â”€â”€â”€â”€â”€â”€â”€â”€â”€â”€â”€â”€â”€â”€â”€â”€â”€â”€â”€â”€â”€â”€â”€â”€â”€â”€â”€â”€â”€â”€â”€â”€â”€â”€â”€â”€â”€â”€â”€â”€â”€â”€â”€â”€â”€â”€â”€â”€â”€â”€
â”‚ 10:14:07.830 (+0:00:00.193947)
â”œâ”„â”„â”„â”„â”„â”„â”„â”„â”„â”„â”„â”„â”„â”„â”„â”„â”„â”„â”„â”„â”„â”„â”„â”„â”„â”„â”„â”„â”„â”„â”„â”„â”„â”„â”„â”„â”„â”„â”„â”„â”„â”„â”„â”„â”„â”„â”„â”„â”„â”„â”„â”„â”„â”„â”„â”„â”„â”„â”„â”„â”„â”„â”„â”„â”„â”„â”„â”„â”„â”„â”„â”„â”„â”„â”„â”„â”„â”„â”„â”„â”„â”„â”„â”„â”„â”„â”„â”„â”„â”„â”„â”„â”„â”„â”„â”„â”„â”„â”„
â”‚ ğŸ› [REPO] toggleBudgetLimit: v=true, hasAnyBudget=true
â””â”€â”€â”€â”€â”€â”€â”€â”€â”€â”€â”€â”€â”€â”€â”€â”€â”€â”€â”€â”€â”€â”€â”€â”€â”€â”€â”€â”€â”€â”€â”€â”€â”€â”€â”€â”€â”€â”€â”€â”€â”€â”€â”€â”€â”€â”€â”€â”€â”€â”€â”€â”€â”€â”€â”€â”€â”€â”€â”€â”€â”€â”€â”€â”€â”€â”€â”€â”€â”€â”€â”€â”€â”€â”€â”€â”€â”€â”€â”€â”€â”€â”€â”€â”€â”€â”€â”€â”€â”€â”€â”€â”€â”€â”€â”€â”€â”€â”€â”€
00:17 +134 -11: c:/Works/finance_tracking_app/test/unit_test/feature/settings/presentation/settings_cubit_test.dart: SettingsCubit toggleBudgetLimit saves settings when disabling budget limit
â”Œâ”€â”€â”€â”€â”€â”€â”€â”€â”€â”€â”€â”€â”€â”€â”€â”€â”€â”€â”€â”€â”€â”€â”€â”€â”€â”€â”€â”€â”€â”€â”€â”€â”€â”€â”€â”€â”€â”€â”€â”€â”€â”€â”€â”€â”€â”€â”€â”€â”€â”€â”€â”€â”€â”€â”€â”€â”€â”€â”€â”€â”€â”€â”€â”€â”€â”€â”€â”€â”€â”€â”€â”€â”€â”€â”€â”€â”€â”€â”€â”€â”€â”€â”€â”€â”€â”€â”€â”€â”€â”€â”€â”€â”€â”€â”€â”€â”€â”€â”€
â”‚ 10:14:07.854 (+0:00:00.217942)
â”œâ”„â”„â”„â”„â”„â”„â”„â”„â”„â”„â”„â”„â”„â”„â”„â”„â”„â”„â”„â”„â”„â”„â”„â”„â”„â”„â”„â”„â”„â”„â”„â”„â”„â”„â”„â”„â”„â”„â”„â”„â”„â”„â”„â”„â”„â”„â”„â”„â”„â”„â”„â”„â”„â”„â”„â”„â”„â”„â”„â”„â”„â”„â”„â”„â”„â”„â”„â”„â”„â”„â”„â”„â”„â”„â”„â”„â”„â”„â”„â”„â”„â”„â”„â”„â”„â”„â”„â”„â”„â”„â”„â”„â”„â”„â”„â”„â”„â”„â”„
â”‚ ğŸ› [REPO] toggleBudgetLimit: v=false, hasAnyBudget=false
â””â”€â”€â”€â”€â”€â”€â”€â”€â”€â”€â”€â”€â”€â”€â”€â”€â”€â”€â”€â”€â”€â”€â”€â”€â”€â”€â”€â”€â”€â”€â”€â”€â”€â”€â”€â”€â”€â”€â”€â”€â”€â”€â”€â”€â”€â”€â”€â”€â”€â”€â”€â”€â”€â”€â”€â”€â”€â”€â”€â”€â”€â”€â”€â”€â”€â”€â”€â”€â”€â”€â”€â”€â”€â”€â”€â”€â”€â”€â”€â”€â”€â”€â”€â”€â”€â”€â”€â”€â”€â”€â”€â”€â”€â”€â”€â”€â”€â”€â”€
00:17 +135 -11: c:/Works/finance_tracking_app/test/unit_test/feature/settings/presentation/settings_cubit_test.dart: SettingsCubit toggleBudgetLimit emits error when save fails
â”Œâ”€â”€â”€â”€â”€â”€â”€â”€â”€â”€â”€â”€â”€â”€â”€â”€â”€â”€â”€â”€â”€â”€â”€â”€â”€â”€â”€â”€â”€â”€â”€â”€â”€â”€â”€â”€â”€â”€â”€â”€â”€â”€â”€â”€â”€â”€â”€â”€â”€â”€â”€â”€â”€â”€â”€â”€â”€â”€â”€â”€â”€â”€â”€â”€â”€â”€â”€â”€â”€â”€â”€â”€â”€â”€â”€â”€â”€â”€â”€â”€â”€â”€â”€â”€â”€â”€â”€â”€â”€â”€â”€â”€â”€â”€â”€â”€â”€â”€â”€
â”‚ 10:14:07.869 (+0:00:00.233497)
â”œâ”„â”„â”„â”„â”„â”„â”„â”„â”„â”„â”„â”„â”„â”„â”„â”„â”„â”„â”„â”„â”„â”„â”„â”„â”„â”„â”„â”„â”„â”„â”„â”„â”„â”„â”„â”„â”„â”„â”„â”„â”„â”„â”„â”„â”„â”„â”„â”„â”„â”„â”„â”„â”„â”„â”„â”„â”„â”„â”„â”„â”„â”„â”„â”„â”„â”„â”„â”„â”„â”„â”„â”„â”„â”„â”„â”„â”„â”„â”„â”„â”„â”„â”„â”„â”„â”„â”„â”„â”„â”„â”„â”„â”„â”„â”„â”„â”„â”„â”„
â”‚ ğŸ› [REPO] toggleBudgetLimit: v=true, hasAnyBudget=true
â””â”€â”€â”€â”€â”€â”€â”€â”€â”€â”€â”€â”€â”€â”€â”€â”€â”€â”€â”€â”€â”€â”€â”€â”€â”€â”€â”€â”€â”€â”€â”€â”€â”€â”€â”€â”€â”€â”€â”€â”€â”€â”€â”€â”€â”€â”€â”€â”€â”€â”€â”€â”€â”€â”€â”€â”€â”€â”€â”€â”€â”€â”€â”€â”€â”€â”€â”€â”€â”€â”€â”€â”€â”€â”€â”€â”€â”€â”€â”€â”€â”€â”€â”€â”€â”€â”€â”€â”€â”€â”€â”€â”€â”€â”€â”€â”€â”€â”€â”€
â”Œâ”€â”€â”€â”€â”€â”€â”€â”€â”€â”€â”€â”€â”€â”€â”€â”€â”€â”€â”€â”€â”€â”€â”€â”€â”€â”€â”€â”€â”€â”€â”€â”€â”€â”€â”€â”€â”€â”€â”€â”€â”€â”€â”€â”€â”€â”€â”€â”€â”€â”€â”€â”€â”€â”€â”€â”€â”€â”€â”€â”€â”€â”€â”€â”€â”€â”€â”€â”€â”€â”€â”€â”€â”€â”€â”€â”€â”€â”€â”€â”€â”€â”€â”€â”€â”€â”€â”€â”€â”€â”€â”€â”€â”€â”€â”€â”€â”€â”€â”€
â”‚ Exception: Save failed
â”œâ”„â”„â”„â”„â”„â”„â”„â”„â”„â”„â”„â”„â”„â”„â”„â”„â”„â”„â”„â”„â”„â”„â”„â”„â”„â”„â”„â”„â”„â”„â”„â”„â”„â”„â”„â”„â”„â”„â”„â”„â”„â”„â”„â”„â”„â”„â”„â”„â”„â”„â”„â”„â”„â”„â”„â”„â”„â”„â”„â”„â”„â”„â”„â”„â”„â”„â”„â”„â”„â”„â”„â”„â”„â”„â”„â”„â”„â”„â”„â”„â”„â”„â”„â”„â”„â”„â”„â”„â”„â”„â”„â”„â”„â”„â”„â”„â”„â”„â”„
â”‚ #0   When.thenThrow.<anonymous closure> (package:mocktail/src/mocktail.dart:249:7)
â”‚ #1   Mock.noSuchMethod (package:mocktail/src/mocktail.dart:131:37)
â”‚ #2   MockUpsertSettings.call (file:///c:/Works/finance_tracking_app/test/unit_test/feature/settings/presentation/settings_cubit_test.dart:15:7)
â”‚ #3   SettingsCubit._save (package:finance_tracker_app/feature/settings/presentation/cubit/settings_cubit.dart:85:42)
â”‚ #4   SettingsCubit.toggleBudgetLimit (package:finance_tracker_app/feature/settings/presentation/cubit/settings_cubit.dart:79:11)
â”œâ”„â”„â”„â”„â”„â”„â”„â”„â”„â”„â”„â”„â”„â”„â”„â”„â”„â”„â”„â”„â”„â”„â”„â”„â”„â”„â”„â”„â”„â”„â”„â”„â”„â”„â”„â”„â”„â”„â”„â”„â”„â”„â”„â”„â”„â”„â”„â”„â”„â”„â”„â”„â”„â”„â”„â”„â”„â”„â”„â”„â”„â”„â”„â”„â”„â”„â”„â”„â”„â”„â”„â”„â”„â”„â”„â”„â”„â”„â”„â”„â”„â”„â”„â”„â”„â”„â”„â”„â”„â”„â”„â”„â”„â”„â”„â”„â”„â”„â”„
â”‚ 10:14:07.870 (+0:00:00.234517)
â”œâ”„â”„â”„â”„â”„â”„â”„â”„â”„â”„â”„â”„â”„â”„â”„â”„â”„â”„â”„â”„â”„â”„â”„â”„â”„â”„â”„â”„â”„â”„â”„â”„â”„â”„â”„â”„â”„â”„â”„â”„â”„â”„â”„â”„â”„â”„â”„â”„â”„â”„â”„â”„â”„â”„â”„â”„â”„â”„â”„â”„â”„â”„â”„â”„â”„â”„â”„â”„â”„â”„â”„â”„â”„â”„â”„â”„â”„â”„â”„â”„â”„â”„â”„â”„â”„â”„â”„â”„â”„â”„â”„â”„â”„â”„â”„â”„â”„â”„â”„
â”‚ ğŸ› [REPO] SettingsCubit._save failed
â””â”€â”€â”€â”€â”€â”€â”€â”€â”€â”€â”€â”€â”€â”€â”€â”€â”€â”€â”€â”€â”€â”€â”€â”€â”€â”€â”€â”€â”€â”€â”€â”€â”€â”€â”€â”€â”€â”€â”€â”€â”€â”€â”€â”€â”€â”€â”€â”€â”€â”€â”€â”€â”€â”€â”€â”€â”€â”€â”€â”€â”€â”€â”€â”€â”€â”€â”€â”€â”€â”€â”€â”€â”€â”€â”€â”€â”€â”€â”€â”€â”€â”€â”€â”€â”€â”€â”€â”€â”€â”€â”€â”€â”€â”€â”€â”€â”€â”€â”€
00:18 +136 -11: c:/Works/finance_tracking_app/test/unit_test/feature/settings/presentation/settings_cubit_test.dart: (tearDownAll)
00:18 +136 -11: c:/Works/finance_tracking_app/test/unit_test/feature/transactions/domain/usecases/add_transaction_test.dart: (setUpAll)
00:18 +136 -11: c:/Works/finance_tracking_app/test/unit_test/feature/transactions/domain/usecases/add_transaction_test.dart: AddTransaction usecase calls repo.addTransaction when tx is valid
00:18 +137 -11: c:/Works/finance_tracking_app/test/unit_test/feature/transactions/domain/usecases/add_transaction_test.dart: AddTransaction usecase throws ValidationException when userId is empty
00:18 +138 -11: c:/Works/finance_tracking_app/test/unit_test/feature/transactions/domain/usecases/add_transaction_test.dart: AddTransaction usecase throws ValidationException when categoryId <= 0
00:18 +139 -11: c:/Works/finance_tracking_app/test/unit_test/feature/transactions/domain/usecases/add_transaction_test.dart: AddTransaction usecase throws ValidationException when amount <= 0
00:18 +140 -11: c:/Works/finance_tracking_app/test/unit_test/feature/transactions/domain/usecases/add_transaction_test.dart: AddTransaction usecase throws ValidationException when date.year < 2000
00:18 +141 -11: c:/Works/finance_tracking_app/test/unit_test/feature/transactions/domain/usecases/add_transaction_test.dart: AddTransaction usecase throws ValidationException when note length > 300
00:18 +142 -11: c:/Works/finance_tracking_app/test/unit_test/feature/transactions/domain/usecases/add_transaction_test.dart: (tearDownAll)
00:19 +142 -11: c:/Works/finance_tracking_app/test/unit_test/feature/transactions/domain/usecases/get_categories_test.dart: returns categories from repo
00:19 +143 -11: c:/Works/finance_tracking_app/test/unit_test/feature/transactions/presentation/add_transaction/add_transaction_cubit_test.dart: (setUpAll)
00:19 +143 -11: c:/Works/finance_tracking_app/test/unit_test/feature/transactions/presentation/add_transaction/add_transaction_cubit_test.dart: AddTransactionCubit - setters setCategory infers type from category
00:20 +144 -11: c:/Works/finance_tracking_app/test/unit_test/feature/transactions/presentation/add_transaction/add_transaction_cubit_test.dart: AddTransactionCubit - setters setDate normalizes to yyyy-mm-dd (no time)
00:20 +145 -11: c:/Works/finance_tracking_app/test/unit_test/feature/transactions/presentation/add_transaction/add_transaction_cubit_test.dart: AddTransactionCubit - setters clearCategory clears category
00:20 +146 -11: c:/Works/finance_tracking_app/test/unit_test/feature/transactions/presentation/add_transaction/add_transaction_cubit_test.dart: AddTransactionCubit - submit validations submit returns false & emits error when amount <= 0
00:20 +147 -11: c:/Works/finance_tracking_app/test/unit_test/feature/transactions/presentation/add_transaction/add_transaction_cubit_test.dart: AddTransactionCubit - submit validations submit returns false & emits error when category is missing
00:20 +148 -11: c:/Works/finance_tracking_app/test/unit_test/feature/transactions/presentation/add_transaction/add_transaction_cubit_test.dart: AddTransactionCubit - submit validations submit returns false & emits error when userId is null/empty
00:20 +149 -11: c:/Works/finance_tracking_app/test/unit_test/feature/transactions/presentation/add_transaction/add_transaction_cubit_test.dart: AddTransactionCubit - submit success/failure submit success: calls usecase with correct TransactionEntity, then resets state & returns true
00:20 +149 -12: c:/Works/finance_tracking_app/test/unit_test/feature/transactions/presentation/add_transaction/add_transaction_cubit_test.dart: AddTransactionCubit - submit success/failure submit success: calls usecase with correct TransactionEntity, then resets state & returns true [E]
  Expected: true
    Actual: <false>
  
  package:matcher                                                                                         expect
  package:flutter_test/src/widget_tester.dart 473:18                                                      expect
  test\unit_test\feature\transactions\presentation\add_transaction\add_transaction_cubit_test.dart 190:5  main.<fn>.<fn>
  ===== asynchronous gap ===========================
  dart:async                                                                                              _Completer.completeError
  package:bloc_test/src/bloc_test.dart 255:43                                                             _runZonedGuarded.<fn>
  ===== asynchronous gap ===========================
  dart:async                                                                                              _CustomZone.registerBinaryCallback
  package:bloc_test/src/bloc_test.dart 252:5                                                              _runZonedGuarded.<fn>
  dart:async                                                                                              runZonedGuarded
  package:bloc_test/src/bloc_test.dart 251:3                                                              _runZonedGuarded
  package:bloc_test/src/bloc_test.dart 198:11                                                             testBloc
  package:bloc_test/src/bloc_test.dart 156:13                                                             blocTest.<fn>
  
00:20 +149 -12: c:/Works/finance_tracking_app/test/unit_test/feature/transactions/presentation/add_transaction/add_transaction_cubit_test.dart: AddTransactionCubit - submit success/failure submit failure: when usecase throws, emits isLoading=false & error not empty, returns false
00:20 +149 -13: c:/Works/finance_tracking_app/test/unit_test/feature/transactions/presentation/add_transaction/add_transaction_cubit_test.dart: AddTransactionCubit - submit success/failure submit failure: when usecase throws, emits isLoading=false & error not empty, returns false [E]
  No matching calls. All calls: MockAddTransaction.call(Instance of 'TransactionEntity', {cancelToken: Instance of 'CancelToken'})
  (If you called `verify(...).called(0);`, please instead use `verifyNever(...);`.)
  package:matcher                                                                                          fail
  package:mocktail/src/mocktail.dart 728:7                                                                 _VerifyCall._checkWith
  package:mocktail/src/mocktail.dart 519:18                                                                _makeVerify.<fn>
  test\unit_test\feature\transactions\presentation\add_transaction\add_transaction_cubit_test.dart 258:15  main.<fn>.<fn>
  package:bloc_test/src/bloc_test.dart 228:21                                                              testBloc.<fn>
  ===== asynchronous gap ===========================
  dart:async                                                                                               _Completer.completeError
  package:bloc_test/src/bloc_test.dart 255:43                                                              _runZonedGuarded.<fn>
  ===== asynchronous gap ===========================
  dart:async                                                                                               _CustomZone.registerBinaryCallback
  package:bloc_test/src/bloc_test.dart 252:5                                                               _runZonedGuarded.<fn>
  dart:async                                                                                               runZonedGuarded
  package:bloc_test/src/bloc_test.dart 251:3                                                               _runZonedGuarded
  package:bloc_test/src/bloc_test.dart 198:11                                                              testBloc
  package:bloc_test/src/bloc_test.dart 156:13                                                              blocTest.<fn>
  
00:20 +149 -13: c:/Works/finance_tracking_app/test/unit_test/feature/transactions/presentation/add_transaction/add_transaction_cubit_test.dart: (tearDownAll)
00:20 +149 -13: c:/Works/finance_tracking_app/test/unit_test/feature/transactions/presentation/select_category/select_category_cubit_test.dart: SelectCategoryCubit load success: splits categories into expense & income
00:20 +149 -14: c:/Works/finance_tracking_app/test/unit_test/feature/transactions/presentation/select_category/select_category_cubit_test.dart: SelectCategoryCubit load success: splits categories into expense & income [E]
  Expected: [
              SelectCategoryState:SelectCategoryState(true, null, [], [], 2),
              SelectCategoryState:SelectCategoryState(false, null, [Instance of 'CategoryEntity', Instance of 'CategoryEntity'], [Instance of 'CategoryEntity'], 2)
            ]
    Actual: [
              SelectCategoryState:SelectCategoryState(true, null, [], [], 2),
              SelectCategoryState:SelectCategoryState(false, type 'Null' is not a subtype of type 'Future<List<CategoryEntity>>', [], [], 2)
            ]
     Which: at location [1] is SelectCategoryState:<SelectCategoryState(false, type 'Null' is not a subtype of type 'Future<List<CategoryEntity>>', [], [], 2)> instead of SelectCategoryState:<SelectCategoryState(false, null, [Instance of 'CategoryEntity', Instance of 'CategoryEntity'], [Instance of 'CategoryEntity'], 2)>
  
  ==== diff ========================================
  
  [90m[SelectCategoryState(true, null, [], [], 2), SelectCategoryState(false, [0m[31m[-n-][0m[32m{+type 'N+}[0m[90mull[0m[31m[-,-][0m[32m{+'+}[0m[90m [0m[31m[-[In-][0m[32m{+i+}[0m[90ms[0m[31m[-tance-][0m[90m [0m[32m{+n+}[0m[90mo[0m[31m[-f-][0m[32m{+t+}[0m[90m [0m[31m[-'C-][0m[90ma[0m[31m[-tegoryEntity',-][0m[90m [0m[31m[-In-][0m[90ms[0m[32m{+ub+}[0m[90mt[0m[31m[-anc-][0m[32m{+yp+}[0m[90me of [0m[32m{+type +}[0m[90m'[0m[31m[-Ca-][0m[32m{+Fu+}[0m[90mt[0m[31m[-ego-][0m[32m{+u+}[0m[90mr[0m[31m[-yEnt-][0m[32m{+e<L+}[0m[90mi[0m[31m[-ty'], [In-][0m[90mst[0m[31m[-ance of '-][0m[32m{+<+}[0m[90mCategoryEntity[0m[32m{+>>+}[0m[90m'[0m[32m{+, [], [+}[0m[90m], 2)][0m
  
  ==== end diff ====================================
  
  package:bloc_test/src/bloc_test.dart 224:11  testBloc.<fn>
  ===== asynchronous gap ===========================
  dart:async                                   _Completer.completeError
  package:bloc_test/src/bloc_test.dart 255:43  _runZonedGuarded.<fn>
  ===== asynchronous gap ===========================
  dart:async                                   _CustomZone.registerBinaryCallback
  package:bloc_test/src/bloc_test.dart 252:5   _runZonedGuarded.<fn>
  dart:async                                   runZonedGuarded
  package:bloc_test/src/bloc_test.dart 251:3   _runZonedGuarded
  package:bloc_test/src/bloc_test.dart 198:11  testBloc
  package:bloc_test/src/bloc_test.dart 156:13  blocTest.<fn>
  
00:20 +149 -14: c:/Works/finance_tracking_app/test/unit_test/feature/transactions/presentation/select_category/select_category_cubit_test.dart: SelectCategoryCubit load does nothing when already loading and force=false
00:20 +150 -14: c:/Works/finance_tracking_app/test/unit_test/feature/transactions/presentation/select_category/select_category_cubit_test.dart: SelectCategoryCubit load(force=true) runs even if currently loading
00:21 +150 -15: c:/Works/finance_tracking_app/test/unit_test/feature/transactions/presentation/select_category/select_category_cubit_test.dart: SelectCategoryCubit load(force=true) runs even if currently loading [E]
  Expected: [
              <<Instance of 'SelectCategoryState'> with `isLoading`: <false> and `error`: null and `income`: [Instance of 'CategoryEntity'] and `expense`: empty>
            ]
    Actual: [
              SelectCategoryState:SelectCategoryState(false, type 'Null' is not a subtype of type 'Future<List<CategoryEntity>>', [], [], null)
            ]
     Which: at location [0] is SelectCategoryState:<SelectCategoryState(false, type 'Null' is not a subtype of type 'Future<List<CategoryEntity>>', [], [], null)> which has `error` with value 'type \'Null\' is not a subtype of type \'Future<List<CategoryEntity>>\''
  
  package:matcher                              expect
  package:bloc_test/src/bloc_test.dart 218:16  testBloc.<fn>
  ===== asynchronous gap ===========================
  dart:async                                   _Completer.completeError
  package:bloc_test/src/bloc_test.dart 255:43  _runZonedGuarded.<fn>
  ===== asynchronous gap ===========================
  dart:async                                   _CustomZone.registerBinaryCallback
  package:bloc_test/src/bloc_test.dart 252:5   _runZonedGuarded.<fn>
  dart:async                                   runZonedGuarded
  package:bloc_test/src/bloc_test.dart 251:3   _runZonedGuarded
  package:bloc_test/src/bloc_test.dart 198:11  testBloc
  package:bloc_test/src/bloc_test.dart 156:13  blocTest.<fn>
  
00:21 +150 -15: c:/Works/finance_tracking_app/test/unit_test/feature/transactions/presentation/select_category/select_category_cubit_test.dart: SelectCategoryCubit select updates selectedCategoryId
00:21 +151 -15: c:/Works/finance_tracking_app/test/unit_test/feature/transactions/presentation/select_category/select_category_cubit_test.dart: SelectCategoryCubit load failure: emits error and isLoading=false
00:21 +151 -16: c:/Works/finance_tracking_app/test/unit_test/feature/transactions/presentation/select_category/select_category_cubit_test.dart: SelectCategoryCubit load failure: emits error and isLoading=false [E]
  No matching calls. All calls: MockGetCategories.call({cancelToken: Instance of 'CancelToken'})
  (If you called `verify(...).called(0);`, please instead use `verifyNever(...);`.)
  package:matcher                                                                                          fail
  package:mocktail/src/mocktail.dart 728:7                                                                 _VerifyCall._checkWith
  package:mocktail/src/mocktail.dart 519:18                                                                _makeVerify.<fn>
  test\unit_test\feature\transactions\presentation\select_category\select_category_cubit_test.dart 106:28  main.<fn>.<fn>
  package:bloc_test/src/bloc_test.dart 228:21                                                              testBloc.<fn>
  ===== asynchronous gap ===========================
  dart:async                                                                                               _Completer.completeError
  package:bloc_test/src/bloc_test.dart 255:43                                                              _runZonedGuarded.<fn>
  ===== asynchronous gap ===========================
  dart:async                                                                                               _CustomZone.registerBinaryCallback
  package:bloc_test/src/bloc_test.dart 252:5                                                               _runZonedGuarded.<fn>
  dart:async                                                                                               runZonedGuarded
  package:bloc_test/src/bloc_test.dart 251:3                                                               _runZonedGuarded
  package:bloc_test/src/bloc_test.dart 198:11                                                              testBloc
  package:bloc_test/src/bloc_test.dart 156:13                                                              blocTest.<fn>
  
00:21 +151 -16: c:/Works/finance_tracking_app/test/unit_test/feature/transactions/presentation/transaction_history/helpers/history_formatters_test.dart: HistoryFormatters formatMoney adds sign based on type
00:21 +152 -16: c:/Works/finance_tracking_app/test/unit_test/feature/transactions/presentation/transaction_history/helpers/history_formatters_test.dart: HistoryFormatters formatMoney handles NaN/Infinity
00:21 +153 -16: c:/Works/finance_tracking_app/test/unit_test/feature/transactions/presentation/transaction_history/helpers/history_formatters_test.dart: HistoryFormatters safeNote trims and nulls empty
00:21 +154 -16: c:/Works/finance_tracking_app/test/unit_test/feature/transactions/presentation/transaction_history/helpers/history_formatters_test.dart: HistoryFormatters safeCategoryName fallback to Unknown
00:21 +155 -16: c:/Works/finance_tracking_app/test/unit_test/feature/transactions/presentation/transaction_history/helpers/history_formatters_test.dart: HistoryFormatters dateOnly strips time (local)
00:22 +156 -16: c:/Works/finance_tracking_app/test/unit_test/feature/transactions/presentation/transaction_history/helpers/history_grouping_test.dart: HistoryGrouping.groupByDay returns empty when input empty
00:22 +157 -16: c:/Works/finance_tracking_app/test/unit_test/feature/transactions/presentation/transaction_history/helpers/history_grouping_test.dart: HistoryGrouping.groupByDay groups by local date and sorts sections newest first
00:22 +158 -16: c:/Works/finance_tracking_app/test/unit_test/feature/transactions/presentation/transaction_history/helpers/history_grouping_test.dart: HistoryGrouping.groupByDay sorts items inside section by date desc then id desc
00:22 +159 -16: c:/Works/finance_tracking_app/test/unit_test/feature/transactions/presentation/transaction_history/helpers/history_grouping_test.dart: HistoryGrouping.groupByDay computes totals using abs; ignores NaN/Infinity
00:22 +160 -16: c:/Works/finance_tracking_app/test/unit_test/feature/transactions/presentation/transaction_history/transaction_history_cubit_test.dart: (setUpAll)
00:22 +160 -16: c:/Works/finance_tracking_app/test/unit_test/feature/transactions/presentation/transaction_history/transaction_history_cubit_test.dart: TransactionHistoryCubit load success: resets list, fetch page 1, hasMore true when >= 20
00:23 +160 -17: c:/Works/finance_tracking_app/test/unit_test/feature/transactions/presentation/transaction_history/transaction_history_cubit_test.dart: TransactionHistoryCubit load success: resets list, fetch page 1, hasMore true when >= 20 [E]
  Expected: [
              <<Instance of 'TransactionHistoryState'> with `isLoading`: <true> and `isLoadingMore`: <false> and `hasMore`: <true> and `items.length`: <0> and `error`: null>,
              <<Instance of 'TransactionHistoryState'> with `isLoading`: <false> and `isLoadingMore`: <false> and `items.length`: <20> and `hasMore`: <true> and `error`: null>
            ]
    Actual: [
              TransactionHistoryState:TransactionHistoryState(true, false, true, [], null, null, null),
              TransactionHistoryState:TransactionHistoryState(false, false, true, [], type 'Null' is not a subtype of type 'Future<List<TransactionEntity>>', null, null)
            ]
     Which: at location [1] is TransactionHistoryState:<TransactionHistoryState(false, false, true, [], type 'Null' is not a subtype of type 'Future<List<TransactionEntity>>', null, null)> which has `items.length` with value <0>
  
  package:matcher                              expect
  package:bloc_test/src/bloc_test.dart 218:16  testBloc.<fn>
  ===== asynchronous gap ===========================
  dart:async                                   _Completer.completeError
  package:bloc_test/src/bloc_test.dart 255:43  _runZonedGuarded.<fn>
  ===== asynchronous gap ===========================
  dart:async                                   _CustomZone.registerBinaryCallback
  package:bloc_test/src/bloc_test.dart 252:5   _runZonedGuarded.<fn>
  dart:async                                   runZonedGuarded
  package:bloc_test/src/bloc_test.dart 251:3   _runZonedGuarded
  package:bloc_test/src/bloc_test.dart 198:11  testBloc
  package:bloc_test/src/bloc_test.dart 156:13  blocTest.<fn>
  
00:23 +160 -17: c:/Works/finance_tracking_app/test/unit_test/feature/transactions/presentation/transaction_history/transaction_history_cubit_test.dart: TransactionHistoryCubit load success: hasMore false when < 20
00:23 +160 -18: c:/Works/finance_tracking_app/test/unit_test/feature/transactions/presentation/transaction_history/transaction_history_cubit_test.dart: TransactionHistoryCubit load success: hasMore false when < 20 [E]
  Expected: [
              <<Instance of 'TransactionHistoryState'> with `isLoading`: <true> and `items.length`: <0> and `hasMore`: <true> and `error`: null>,
              <<Instance of 'TransactionHistoryState'> with `isLoading`: <false> and `items.length`: <5> and `hasMore`: <false> and `error`: null>
            ]
    Actual: [
              TransactionHistoryState:TransactionHistoryState(true, false, true, [], null, null, null),
              TransactionHistoryState:TransactionHistoryState(false, false, true, [], type 'Null' is not a subtype of type 'Future<List<TransactionEntity>>', null, null)
            ]
     Which: at location [1] is TransactionHistoryState:<TransactionHistoryState(false, false, true, [], type 'Null' is not a subtype of type 'Future<List<TransactionEntity>>', null, null)> which has `items.length` with value <0>
  
  package:matcher                              expect
  package:bloc_test/src/bloc_test.dart 218:16  testBloc.<fn>
  ===== asynchronous gap ===========================
  dart:async                                   _Completer.completeError
  package:bloc_test/src/bloc_test.dart 255:43  _runZonedGuarded.<fn>
  ===== asynchronous gap ===========================
  dart:async                                   _CustomZone.registerBinaryCallback
  package:bloc_test/src/bloc_test.dart 252:5   _runZonedGuarded.<fn>
  dart:async                                   runZonedGuarded
  package:bloc_test/src/bloc_test.dart 251:3   _runZonedGuarded
  package:bloc_test/src/bloc_test.dart 198:11  testBloc
  package:bloc_test/src/bloc_test.dart 156:13  blocTest.<fn>
  
00:23 +160 -18: c:/Works/finance_tracking_app/test/unit_test/feature/transactions/presentation/transaction_history/transaction_history_cubit_test.dart: TransactionHistoryCubit load ignores when state.isLoading == true
00:23 +161 -18: c:/Works/finance_tracking_app/test/unit_test/feature/transactions/presentation/transaction_history/transaction_history_cubit_test.dart: TransactionHistoryCubit load error: emits error and isLoading=false (list cleared)
00:23 +162 -18: c:/Works/finance_tracking_app/test/unit_test/feature/transactions/presentation/transaction_history/transaction_history_cubit_test.dart: TransactionHistoryCubit loadMore does nothing when hasMore=false
00:23 +163 -18: c:/Works/finance_tracking_app/test/unit_test/feature/transactions/presentation/transaction_history/transaction_history_cubit_test.dart: TransactionHistoryCubit loadMore success: appends items and updates hasMore
00:23 +163 -19: c:/Works/finance_tracking_app/test/unit_test/feature/transactions/presentation/transaction_history/transaction_history_cubit_test.dart: TransactionHistoryCubit loadMore success: appends items and updates hasMore [E]
  Expected: [
              <<Instance of 'TransactionHistoryState'> with `isLoadingMore`: <true> and `hasMore`: <true> and `error`: null and `items.length`: <2>>,
              <<Instance of 'TransactionHistoryState'> with `isLoadingMore`: <false> and `hasMore`: <false> and `error`: null and `items.length`: <3>>
            ]
    Actual: [
              TransactionHistoryState:TransactionHistoryState(false, true, true, [Instance of 'TransactionEntity', Instance of 'TransactionEntity'], null, null, null),
              TransactionHistoryState:TransactionHistoryState(false, false, true, [Instance of 'TransactionEntity', Instance of 'TransactionEntity'], type 'Null' is not a subtype of type 'Future<List<TransactionEntity>>', null, null)
            ]
     Which: at location [1] is TransactionHistoryState:<TransactionHistoryState(false, false, true, [Instance of 'TransactionEntity', Instance of 'TransactionEntity'], type 'Null' is not a subtype of type 'Future<List<TransactionEntity>>', null, null)> which has `hasMore` with value <true>
  
  package:matcher                              expect
  package:bloc_test/src/bloc_test.dart 218:16  testBloc.<fn>
  ===== asynchronous gap ===========================
  dart:async                                   _Completer.completeError
  package:bloc_test/src/bloc_test.dart 255:43  _runZonedGuarded.<fn>
  ===== asynchronous gap ===========================
  dart:async                                   _CustomZone.registerBinaryCallback
  package:bloc_test/src/bloc_test.dart 252:5   _runZonedGuarded.<fn>
  dart:async                                   runZonedGuarded
  package:bloc_test/src/bloc_test.dart 251:3   _runZonedGuarded
  package:bloc_test/src/bloc_test.dart 198:11  testBloc
  package:bloc_test/src/bloc_test.dart 156:13  blocTest.<fn>
  
00:23 +163 -19: c:/Works/finance_tracking_app/test/unit_test/feature/transactions/presentation/transaction_history/transaction_history_cubit_test.dart: TransactionHistoryCubit loadMore error: emits error and isLoadingMore=false (keeps existing items)
00:23 +164 -19: c:/Works/finance_tracking_app/test/unit_test/feature/transactions/presentation/transaction_history/transaction_history_cubit_test.dart: (tearDownAll)
00:23 +164 -19: c:/Works/finance_tracking_app/test/unit_test/feature/users/auth/data/auth_remote_data_source_test.dart: (setUpAll)
00:23 +164 -19: c:/Works/finance_tracking_app/test/unit_test/feature/users/auth/data/auth_remote_data_source_test.dart: AuthRemoteDataSourceImpl login throws ServerException on malformed response (null data)
00:23 +165 -19: c:/Works/finance_tracking_app/test/unit_test/feature/users/auth/data/auth_remote_data_source_test.dart: (tearDownAll)
00:24 +165 -19: c:/Works/finance_tracking_app/test/unit_test/feature/users/auth/data/auth_repository_impl_test.dart: (setUpAll)
00:24 +165 -19: c:/Works/finance_tracking_app/test/unit_test/feature/users/auth/data/auth_repository_impl_test.dart: AuthRepositoryImpl login saves tokens then fetches me and saves userId
00:24 +166 -19: c:/Works/finance_tracking_app/test/unit_test/feature/users/auth/data/auth_repository_impl_test.dart: (tearDownAll)
00:25 +166 -19: c:/Works/finance_tracking_app/test/unit_test/feature/users/auth/presentation/auth_cubit_test.dart: (setUpAll)
00:25 +166 -19: c:/Works/finance_tracking_app/test/unit_test/feature/users/auth/presentation/auth_cubit_test.dart: AuthCubit emits [Loading(1/2), Loading(2/2), Failure] on timeout with retry
[38;5;12mâ”Œâ”€â”€â”€â”€â”€â”€â”€â”€â”€â”€â”€â”€â”€â”€â”€â”€â”€â”€â”€â”€â”€â”€â”€â”€â”€â”€â”€â”€â”€â”€â”€â”€â”€â”€â”€â”€â”€â”€â”€â”€â”€â”€â”€â”€â”€â”€â”€â”€â”€â”€â”€â”€â”€â”€â”€â”€â”€â”€â”€â”€â”€â”€â”€â”€â”€â”€â”€â”€â”€â”€â”€â”€â”€â”€â”€â”€â”€â”€â”€â”€â”€â”€â”€â”€â”€â”€â”€â”€â”€â”€â”€â”€â”€â”€â”€â”€â”€â”€â”€[0m
[38;5;12mâ”‚ 10:14:15.002 (+0:00:00.006010)[0m
[38;5;12mâ”œâ”„â”„â”„â”„â”„â”„â”„â”„â”„â”„â”„â”„â”„â”„â”„â”„â”„â”„â”„â”„â”„â”„â”„â”„â”„â”„â”„â”„â”„â”„â”„â”„â”„â”„â”„â”„â”„â”„â”„â”„â”„â”„â”„â”„â”„â”„â”„â”„â”„â”„â”„â”„â”„â”„â”„â”„â”„â”„â”„â”„â”„â”„â”„â”„â”„â”„â”„â”„â”„â”„â”„â”„â”„â”„â”„â”„â”„â”„â”„â”„â”„â”„â”„â”„â”„â”„â”„â”„â”„â”„â”„â”„â”„â”„â”„â”„â”„â”„â”„[0m
[38;5;12mâ”‚ ğŸ’¡ [AUTH] Login started[0m
[38;5;12mâ””â”€â”€â”€â”€â”€â”€â”€â”€â”€â”€â”€â”€â”€â”€â”€â”€â”€â”€â”€â”€â”€â”€â”€â”€â”€â”€â”€â”€â”€â”€â”€â”€â”€â”€â”€â”€â”€â”€â”€â”€â”€â”€â”€â”€â”€â”€â”€â”€â”€â”€â”€â”€â”€â”€â”€â”€â”€â”€â”€â”€â”€â”€â”€â”€â”€â”€â”€â”€â”€â”€â”€â”€â”€â”€â”€â”€â”€â”€â”€â”€â”€â”€â”€â”€â”€â”€â”€â”€â”€â”€â”€â”€â”€â”€â”€â”€â”€â”€â”€[0m
[38;5;208mâ”Œâ”€â”€â”€â”€â”€â”€â”€â”€â”€â”€â”€â”€â”€â”€â”€â”€â”€â”€â”€â”€â”€â”€â”€â”€â”€â”€â”€â”€â”€â”€â”€â”€â”€â”€â”€â”€â”€â”€â”€â”€â”€â”€â”€â”€â”€â”€â”€â”€â”€â”€â”€â”€â”€â”€â”€â”€â”€â”€â”€â”€â”€â”€â”€â”€â”€â”€â”€â”€â”€â”€â”€â”€â”€â”€â”€â”€â”€â”€â”€â”€â”€â”€â”€â”€â”€â”€â”€â”€â”€â”€â”€â”€â”€â”€â”€â”€â”€â”€â”€[0m
[38;5;208mâ”‚ Timeout[0m
[38;5;208mâ”œâ”„â”„â”„â”„â”„â”„â”„â”„â”„â”„â”„â”„â”„â”„â”„â”„â”„â”„â”„â”„â”„â”„â”„â”„â”„â”„â”„â”„â”„â”„â”„â”„â”„â”„â”„â”„â”„â”„â”„â”„â”„â”„â”„â”„â”„â”„â”„â”„â”„â”„â”„â”„â”„â”„â”„â”„â”„â”„â”„â”„â”„â”„â”„â”„â”„â”„â”„â”„â”„â”„â”„â”„â”„â”„â”„â”„â”„â”„â”„â”„â”„â”„â”„â”„â”„â”„â”„â”„â”„â”„â”„â”„â”„â”„â”„â”„â”„â”„â”„[0m
[38;5;208mâ”‚ #0   AppLogger.network (package:finance_tracker_app/core/utils/app_logger.dart:54:14)[0m
[38;5;208mâ”‚ #1   AuthActionRunner.run (package:finance_tracker_app/feature/users/auth/presentation/cubit/helper/auth_action_runner.dart:69:21)[0m
[38;5;208mâ”‚ #2   AuthCubit.login (package:finance_tracker_app/feature/users/auth/presentation/cubit/auth_cubit.dart:47:18)[0m
[38;5;208mâ”‚ #3   main.<anonymous closure>.<anonymous closure> (file:///c:/Works/finance_tracking_app/test/unit_test/feature/users/auth/presentation/auth_cubit_test.dart:43:25)[0m
[38;5;208mâ”‚ #4   testBloc.<anonymous closure> (package:bloc_test/src/bloc_test.dart:206:20)[0m
[38;5;208mâ”œâ”„â”„â”„â”„â”„â”„â”„â”„â”„â”„â”„â”„â”„â”„â”„â”„â”„â”„â”„â”„â”„â”„â”„â”„â”„â”„â”„â”„â”„â”„â”„â”„â”„â”„â”„â”„â”„â”„â”„â”„â”„â”„â”„â”„â”„â”„â”„â”„â”„â”„â”„â”„â”„â”„â”„â”„â”„â”„â”„â”„â”„â”„â”„â”„â”„â”„â”„â”„â”„â”„â”„â”„â”„â”„â”„â”„â”„â”„â”„â”„â”„â”„â”„â”„â”„â”„â”„â”„â”„â”„â”„â”„â”„â”„â”„â”„â”„â”„â”„[0m
[38;5;208mâ”‚ 10:14:15.027 (+0:00:00.031481)[0m
[38;5;208mâ”œâ”„â”„â”„â”„â”„â”„â”„â”„â”„â”„â”„â”„â”„â”„â”„â”„â”„â”„â”„â”„â”„â”„â”„â”„â”„â”„â”„â”„â”„â”„â”„â”„â”„â”„â”„â”„â”„â”„â”„â”„â”„â”„â”„â”„â”„â”„â”„â”„â”„â”„â”„â”„â”„â”„â”„â”„â”„â”„â”„â”„â”„â”„â”„â”„â”„â”„â”„â”„â”„â”„â”„â”„â”„â”„â”„â”„â”„â”„â”„â”„â”„â”„â”„â”„â”„â”„â”„â”„â”„â”„â”„â”„â”„â”„â”„â”„â”„â”„â”„[0m
[38;5;208mâ”‚ âš ï¸ [NETWORK] Login NetworkException (attempt 1/2)[0m
[38;5;208mâ””â”€â”€â”€â”€â”€â”€â”€â”€â”€â”€â”€â”€â”€â”€â”€â”€â”€â”€â”€â”€â”€â”€â”€â”€â”€â”€â”€â”€â”€â”€â”€â”€â”€â”€â”€â”€â”€â”€â”€â”€â”€â”€â”€â”€â”€â”€â”€â”€â”€â”€â”€â”€â”€â”€â”€â”€â”€â”€â”€â”€â”€â”€â”€â”€â”€â”€â”€â”€â”€â”€â”€â”€â”€â”€â”€â”€â”€â”€â”€â”€â”€â”€â”€â”€â”€â”€â”€â”€â”€â”€â”€â”€â”€â”€â”€â”€â”€â”€â”€[0m
[38;5;208mâ”Œâ”€â”€â”€â”€â”€â”€â”€â”€â”€â”€â”€â”€â”€â”€â”€â”€â”€â”€â”€â”€â”€â”€â”€â”€â”€â”€â”€â”€â”€â”€â”€â”€â”€â”€â”€â”€â”€â”€â”€â”€â”€â”€â”€â”€â”€â”€â”€â”€â”€â”€â”€â”€â”€â”€â”€â”€â”€â”€â”€â”€â”€â”€â”€â”€â”€â”€â”€â”€â”€â”€â”€â”€â”€â”€â”€â”€â”€â”€â”€â”€â”€â”€â”€â”€â”€â”€â”€â”€â”€â”€â”€â”€â”€â”€â”€â”€â”€â”€â”€[0m
[38;5;208mâ”‚ 10:14:15.040 (+0:00:00.044338)[0m
[38;5;208mâ”œâ”„â”„â”„â”„â”„â”„â”„â”„â”„â”„â”„â”„â”„â”„â”„â”„â”„â”„â”„â”„â”„â”„â”„â”„â”„â”„â”„â”„â”„â”„â”„â”„â”„â”„â”„â”„â”„â”„â”„â”„â”„â”„â”„â”„â”„â”„â”„â”„â”„â”„â”„â”„â”„â”„â”„â”„â”„â”„â”„â”„â”„â”„â”„â”„â”„â”„â”„â”„â”„â”„â”„â”„â”„â”„â”„â”„â”„â”„â”„â”„â”„â”„â”„â”„â”„â”„â”„â”„â”„â”„â”„â”„â”„â”„â”„â”„â”„â”„â”„[0m
[38;5;208mâ”‚ âš ï¸ [NETWORK] Retrying in 1107ms...[0m
[38;5;208mâ””â”€â”€â”€â”€â”€â”€â”€â”€â”€â”€â”€â”€â”€â”€â”€â”€â”€â”€â”€â”€â”€â”€â”€â”€â”€â”€â”€â”€â”€â”€â”€â”€â”€â”€â”€â”€â”€â”€â”€â”€â”€â”€â”€â”€â”€â”€â”€â”€â”€â”€â”€â”€â”€â”€â”€â”€â”€â”€â”€â”€â”€â”€â”€â”€â”€â”€â”€â”€â”€â”€â”€â”€â”€â”€â”€â”€â”€â”€â”€â”€â”€â”€â”€â”€â”€â”€â”€â”€â”€â”€â”€â”€â”€â”€â”€â”€â”€â”€â”€[0m
00:25 +166 -19: c:/Works/finance_tracking_app/test/unit_test/login/auth_cubit_login_test.dart: AuthCubit.login emits [AuthLoading, AuthSuccess] when login success
[38;5;12mâ”Œâ”€â”€â”€â”€â”€â”€â”€â”€â”€â”€â”€â”€â”€â”€â”€â”€â”€â”€â”€â”€â”€â”€â”€â”€â”€â”€â”€â”€â”€â”€â”€â”€â”€â”€â”€â”€â”€â”€â”€â”€â”€â”€â”€â”€â”€â”€â”€â”€â”€â”€â”€â”€â”€â”€â”€â”€â”€â”€â”€â”€â”€â”€â”€â”€â”€â”€â”€â”€â”€â”€â”€â”€â”€â”€â”€â”€â”€â”€â”€â”€â”€â”€â”€â”€â”€â”€â”€â”€â”€â”€â”€â”€â”€â”€â”€â”€â”€â”€â”€[0m
[38;5;12mâ”‚ 10:14:15.626 (+0:00:00.003987)[0m
[38;5;12mâ”œâ”„â”„â”„â”„â”„â”„â”„â”„â”„â”„â”„â”„â”„â”„â”„â”„â”„â”„â”„â”„â”„â”„â”„â”„â”„â”„â”„â”„â”„â”„â”„â”„â”„â”„â”„â”„â”„â”„â”„â”„â”„â”„â”„â”„â”„â”„â”„â”„â”„â”„â”„â”„â”„â”„â”„â”„â”„â”„â”„â”„â”„â”„â”„â”„â”„â”„â”„â”„â”„â”„â”„â”„â”„â”„â”„â”„â”„â”„â”„â”„â”„â”„â”„â”„â”„â”„â”„â”„â”„â”„â”„â”„â”„â”„â”„â”„â”„â”„â”„[0m
[38;5;12mâ”‚ ğŸ’¡ [AUTH] Login started[0m
[38;5;12mâ””â”€â”€â”€â”€â”€â”€â”€â”€â”€â”€â”€â”€â”€â”€â”€â”€â”€â”€â”€â”€â”€â”€â”€â”€â”€â”€â”€â”€â”€â”€â”€â”€â”€â”€â”€â”€â”€â”€â”€â”€â”€â”€â”€â”€â”€â”€â”€â”€â”€â”€â”€â”€â”€â”€â”€â”€â”€â”€â”€â”€â”€â”€â”€â”€â”€â”€â”€â”€â”€â”€â”€â”€â”€â”€â”€â”€â”€â”€â”€â”€â”€â”€â”€â”€â”€â”€â”€â”€â”€â”€â”€â”€â”€â”€â”€â”€â”€â”€â”€[0m
[38;5;196mâ”Œâ”€â”€â”€â”€â”€â”€â”€â”€â”€â”€â”€â”€â”€â”€â”€â”€â”€â”€â”€â”€â”€â”€â”€â”€â”€â”€â”€â”€â”€â”€â”€â”€â”€â”€â”€â”€â”€â”€â”€â”€â”€â”€â”€â”€â”€â”€â”€â”€â”€â”€â”€â”€â”€â”€â”€â”€â”€â”€â”€â”€â”€â”€â”€â”€â”€â”€â”€â”€â”€â”€â”€â”€â”€â”€â”€â”€â”€â”€â”€â”€â”€â”€â”€â”€â”€â”€â”€â”€â”€â”€â”€â”€â”€â”€â”€â”€â”€â”€â”€[0m
[38;5;196mâ”‚ type 'Null' is not a subtype of type 'Future<UserModel>'[0m
[38;5;196mâ”œâ”„â”„â”„â”„â”„â”„â”„â”„â”„â”„â”„â”„â”„â”„â”„â”„â”„â”„â”„â”„â”„â”„â”„â”„â”„â”„â”„â”„â”„â”„â”„â”„â”„â”„â”„â”„â”„â”„â”„â”„â”„â”„â”„â”„â”„â”„â”„â”„â”„â”„â”„â”„â”„â”„â”„â”„â”„â”„â”„â”„â”„â”„â”„â”„â”„â”„â”„â”„â”„â”„â”„â”„â”„â”„â”„â”„â”„â”„â”„â”„â”„â”„â”„â”„â”„â”„â”„â”„â”„â”„â”„â”„â”„â”„â”„â”„â”„â”„â”„[0m
[38;5;196mâ”‚ #0   MockLogin.call (file:///c:/Works/finance_tracking_app/test/unit_test/login/auth_cubit_login_test.dart:15:7)[0m
[38;5;196mâ”‚ #1   AuthCubit.login.<anonymous closure> (package:finance_tracker_app/feature/users/auth/presentation/cubit/auth_cubit.dart:47:34)[0m
[38;5;196mâ”‚ #2   AuthActionRunner.run (package:finance_tracker_app/feature/users/auth/presentation/cubit/helper/auth_action_runner.dart:40:34)[0m
[38;5;196mâ”‚ #3   AuthCubit.login (package:finance_tracker_app/feature/users/auth/presentation/cubit/auth_cubit.dart:47:18)[0m
[38;5;196mâ”‚ #4   main.<anonymous closure>.<anonymous closure> (file:///c:/Works/finance_tracking_app/test/unit_test/login/auth_cubit_login_test.dart:57:21)[0m
[38;5;196mâ”œâ”„â”„â”„â”„â”„â”„â”„â”„â”„â”„â”„â”„â”„â”„â”„â”„â”„â”„â”„â”„â”„â”„â”„â”„â”„â”„â”„â”„â”„â”„â”„â”„â”„â”„â”„â”„â”„â”„â”„â”„â”„â”„â”„â”„â”„â”„â”„â”„â”„â”„â”„â”„â”„â”„â”„â”„â”„â”„â”„â”„â”„â”„â”„â”„â”„â”„â”„â”„â”„â”„â”„â”„â”„â”„â”„â”„â”„â”„â”„â”„â”„â”„â”„â”„â”„â”„â”„â”„â”„â”„â”„â”„â”„â”„â”„â”„â”„â”„â”„[0m
[38;5;196mâ”‚ 10:14:15.645 (+0:00:00.022991)[0m
[38;5;196mâ”œâ”„â”„â”„â”„â”„â”„â”„â”„â”„â”„â”„â”„â”„â”„â”„â”„â”„â”„â”„â”„â”„â”„â”„â”„â”„â”„â”„â”„â”„â”„â”„â”„â”„â”„â”„â”„â”„â”„â”„â”„â”„â”„â”„â”„â”„â”„â”„â”„â”„â”„â”„â”„â”„â”„â”„â”„â”„â”„â”„â”„â”„â”„â”„â”„â”„â”„â”„â”„â”„â”„â”„â”„â”„â”„â”„â”„â”„â”„â”„â”„â”„â”„â”„â”„â”„â”„â”„â”„â”„â”„â”„â”„â”„â”„â”„â”„â”„â”„â”„[0m
[38;5;196mâ”‚ â›” [ERROR] Login unexpected error[0m
[38;5;196mâ””â”€â”€â”€â”€â”€â”€â”€â”€â”€â”€â”€â”€â”€â”€â”€â”€â”€â”€â”€â”€â”€â”€â”€â”€â”€â”€â”€â”€â”€â”€â”€â”€â”€â”€â”€â”€â”€â”€â”€â”€â”€â”€â”€â”€â”€â”€â”€â”€â”€â”€â”€â”€â”€â”€â”€â”€â”€â”€â”€â”€â”€â”€â”€â”€â”€â”€â”€â”€â”€â”€â”€â”€â”€â”€â”€â”€â”€â”€â”€â”€â”€â”€â”€â”€â”€â”€â”€â”€â”€â”€â”€â”€â”€â”€â”€â”€â”€â”€â”€[0m
00:25 +166 -20: c:/Works/finance_tracking_app/test/unit_test/feature/users/auth/presentation/auth_cubit_test.dart: AuthCubit emits [Loading(1/2), Loading(2/2), Failure] on timeout with retry
00:25 +166 -20: c:/Works/finance_tracking_app/test/unit_test/login/auth_cubit_login_test.dart: AuthCubit.login emits [AuthLoading, AuthSuccess] when login success [E]
  Expected: [
              <<Instance of 'AuthLoading'>>,
              <<Instance of 'AuthSuccess'> with `user.email`: 'test@example.com'>
            ]
    Actual: [AuthLoading:AuthLoading(1, 2), AuthFailure:AuthFailure(Something went wrong)]
     Which: at location [1] is AuthFailure:<AuthFailure(Something went wrong)> which is not an instance of 'AuthSuccess'
  
  package:matcher                              expect
  package:bloc_test/src/bloc_test.dart 218:16  testBloc.<fn>
  ===== asynchronous gap ===========================
  dart:async                                   _Completer.completeError
  package:bloc_test/src/bloc_test.dart 255:43  _runZonedGuarded.<fn>
  ===== asynchronous gap ===========================
  dart:async                                   _CustomZone.registerBinaryCallback
  package:bloc_test/src/bloc_test.dart 252:5   _runZonedGuarded.<fn>
  dart:async                                   runZonedGuarded
  package:bloc_test/src/bloc_test.dart 251:3   _runZonedGuarded
  package:bloc_test/src/bloc_test.dart 198:11  testBloc
  package:bloc_test/src/bloc_test.dart 156:13  blocTest.<fn>
  
00:25 +166 -20: c:/Works/finance_tracking_app/test/unit_test/login/auth_cubit_login_test.dart: AuthCubit.login emits [AuthLoading, AuthFailure] when login throws AuthException (no retry)
[38;5;12mâ”Œâ”€â”€â”€â”€â”€â”€â”€â”€â”€â”€â”€â”€â”€â”€â”€â”€â”€â”€â”€â”€â”€â”€â”€â”€â”€â”€â”€â”€â”€â”€â”€â”€â”€â”€â”€â”€â”€â”€â”€â”€â”€â”€â”€â”€â”€â”€â”€â”€â”€â”€â”€â”€â”€â”€â”€â”€â”€â”€â”€â”€â”€â”€â”€â”€â”€â”€â”€â”€â”€â”€â”€â”€â”€â”€â”€â”€â”€â”€â”€â”€â”€â”€â”€â”€â”€â”€â”€â”€â”€â”€â”€â”€â”€â”€â”€â”€â”€â”€â”€[0m
[38;5;12mâ”‚ 10:14:15.813 (+0:00:00.190540)[0m
[38;5;12mâ”œâ”„â”„â”„â”„â”„â”„â”„â”„â”„â”„â”„â”„â”„â”„â”„â”„â”„â”„â”„â”„â”„â”„â”„â”„â”„â”„â”„â”„â”„â”„â”„â”„â”„â”„â”„â”„â”„â”„â”„â”„â”„â”„â”„â”„â”„â”„â”„â”„â”„â”„â”„â”„â”„â”„â”„â”„â”„â”„â”„â”„â”„â”„â”„â”„â”„â”„â”„â”„â”„â”„â”„â”„â”„â”„â”„â”„â”„â”„â”„â”„â”„â”„â”„â”„â”„â”„â”„â”„â”„â”„â”„â”„â”„â”„â”„â”„â”„â”„â”„[0m
[38;5;12mâ”‚ ğŸ’¡ [AUTH] Login started[0m
[38;5;12mâ””â”€â”€â”€â”€â”€â”€â”€â”€â”€â”€â”€â”€â”€â”€â”€â”€â”€â”€â”€â”€â”€â”€â”€â”€â”€â”€â”€â”€â”€â”€â”€â”€â”€â”€â”€â”€â”€â”€â”€â”€â”€â”€â”€â”€â”€â”€â”€â”€â”€â”€â”€â”€â”€â”€â”€â”€â”€â”€â”€â”€â”€â”€â”€â”€â”€â”€â”€â”€â”€â”€â”€â”€â”€â”€â”€â”€â”€â”€â”€â”€â”€â”€â”€â”€â”€â”€â”€â”€â”€â”€â”€â”€â”€â”€â”€â”€â”€â”€â”€[0m
[38;5;196mâ”Œâ”€â”€â”€â”€â”€â”€â”€â”€â”€â”€â”€â”€â”€â”€â”€â”€â”€â”€â”€â”€â”€â”€â”€â”€â”€â”€â”€â”€â”€â”€â”€â”€â”€â”€â”€â”€â”€â”€â”€â”€â”€â”€â”€â”€â”€â”€â”€â”€â”€â”€â”€â”€â”€â”€â”€â”€â”€â”€â”€â”€â”€â”€â”€â”€â”€â”€â”€â”€â”€â”€â”€â”€â”€â”€â”€â”€â”€â”€â”€â”€â”€â”€â”€â”€â”€â”€â”€â”€â”€â”€â”€â”€â”€â”€â”€â”€â”€â”€â”€[0m
[38;5;196mâ”‚ type 'Null' is not a subtype of type 'Future<UserModel>'[0m
[38;5;196mâ”œâ”„â”„â”„â”„â”„â”„â”„â”„â”„â”„â”„â”„â”„â”„â”„â”„â”„â”„â”„â”„â”„â”„â”„â”„â”„â”„â”„â”„â”„â”„â”„â”„â”„â”„â”„â”„â”„â”„â”„â”„â”„â”„â”„â”„â”„â”„â”„â”„â”„â”„â”„â”„â”„â”„â”„â”„â”„â”„â”„â”„â”„â”„â”„â”„â”„â”„â”„â”„â”„â”„â”„â”„â”„â”„â”„â”„â”„â”„â”„â”„â”„â”„â”„â”„â”„â”„â”„â”„â”„â”„â”„â”„â”„â”„â”„â”„â”„â”„â”„[0m
[38;5;196mâ”‚ #0   MockLogin.call (file:///c:/Works/finance_tracking_app/test/unit_test/login/auth_cubit_login_test.dart:15:7)[0m
[38;5;196mâ”‚ #1   AuthCubit.login.<anonymous closure> (package:finance_tracker_app/feature/users/auth/presentation/cubit/auth_cubit.dart:47:34)[0m
[38;5;196mâ”‚ #2   AuthActionRunner.run (package:finance_tracker_app/feature/users/auth/presentation/cubit/helper/auth_action_runner.dart:40:34)[0m
[38;5;196mâ”‚ #3   AuthCubit.login (package:finance_tracker_app/feature/users/auth/presentation/cubit/auth_cubit.dart:47:18)[0m
[38;5;196mâ”‚ #4   main.<anonymous closure>.<anonymous closure> (file:///c:/Works/finance_tracking_app/test/unit_test/login/auth_cubit_login_test.dart:77:21)[0m
[38;5;196mâ”œâ”„â”„â”„â”„â”„â”„â”„â”„â”„â”„â”„â”„â”„â”„â”„â”„â”„â”„â”„â”„â”„â”„â”„â”„â”„â”„â”„â”„â”„â”„â”„â”„â”„â”„â”„â”„â”„â”„â”„â”„â”„â”„â”„â”„â”„â”„â”„â”„â”„â”„â”„â”„â”„â”„â”„â”„â”„â”„â”„â”„â”„â”„â”„â”„â”„â”„â”„â”„â”„â”„â”„â”„â”„â”„â”„â”„â”„â”„â”„â”„â”„â”„â”„â”„â”„â”„â”„â”„â”„â”„â”„â”„â”„â”„â”„â”„â”„â”„â”„[0m
[38;5;196mâ”‚ 10:14:15.814 (+0:00:00.191540)[0m
[38;5;196mâ”œâ”„â”„â”„â”„â”„â”„â”„â”„â”„â”„â”„â”„â”„â”„â”„â”„â”„â”„â”„â”„â”„â”„â”„â”„â”„â”„â”„â”„â”„â”„â”„â”„â”„â”„â”„â”„â”„â”„â”„â”„â”„â”„â”„â”„â”„â”„â”„â”„â”„â”„â”„â”„â”„â”„â”„â”„â”„â”„â”„â”„â”„â”„â”„â”„â”„â”„â”„â”„â”„â”„â”„â”„â”„â”„â”„â”„â”„â”„â”„â”„â”„â”„â”„â”„â”„â”„â”„â”„â”„â”„â”„â”„â”„â”„â”„â”„â”„â”„â”„[0m
[38;5;196mâ”‚ â›” [ERROR] Login unexpected error[0m
[38;5;196mâ””â”€â”€â”€â”€â”€â”€â”€â”€â”€â”€â”€â”€â”€â”€â”€â”€â”€â”€â”€â”€â”€â”€â”€â”€â”€â”€â”€â”€â”€â”€â”€â”€â”€â”€â”€â”€â”€â”€â”€â”€â”€â”€â”€â”€â”€â”€â”€â”€â”€â”€â”€â”€â”€â”€â”€â”€â”€â”€â”€â”€â”€â”€â”€â”€â”€â”€â”€â”€â”€â”€â”€â”€â”€â”€â”€â”€â”€â”€â”€â”€â”€â”€â”€â”€â”€â”€â”€â”€â”€â”€â”€â”€â”€â”€â”€â”€â”€â”€â”€[0m
00:26 +166 -21: c:/Works/finance_tracking_app/test/unit_test/feature/users/auth/presentation/auth_cubit_test.dart: AuthCubit emits [Loading(1/2), Loading(2/2), Failure] on timeout with retry
00:26 +166 -21: c:/Works/finance_tracking_app/test/unit_test/login/auth_cubit_login_test.dart: AuthCubit.login emits [AuthLoading, AuthFailure] when login throws AuthException (no retry) [E]
  Expected: [
              <<Instance of 'AuthLoading'>>,
              <<Instance of 'AuthFailure'> with `message`: 'Invalid credentials'>
            ]
    Actual: [AuthLoading:AuthLoading(1, 2), AuthFailure:AuthFailure(Something went wrong)]
     Which: at location [1] is AuthFailure:<AuthFailure(Something went wrong)> which has `message` with value 'Something went wrong' which is different.
            Expected: Invalid cr ...
              Actual: Something  ...
                      ^
             Differ at offset 0
  
  package:matcher                              expect
  package:bloc_test/src/bloc_test.dart 218:16  testBloc.<fn>
  ===== asynchronous gap ===========================
  dart:async                                   _Completer.completeError
  package:bloc_test/src/bloc_test.dart 255:43  _runZonedGuarded.<fn>
  ===== asynchronous gap ===========================
  dart:async                                   _CustomZone.registerBinaryCallback
  package:bloc_test/src/bloc_test.dart 252:5   _runZonedGuarded.<fn>
  dart:async                                   runZonedGuarded
  package:bloc_test/src/bloc_test.dart 251:3   _runZonedGuarded
  package:bloc_test/src/bloc_test.dart 198:11  testBloc
  package:bloc_test/src/bloc_test.dart 156:13  blocTest.<fn>
  
00:26 +166 -21: c:/Works/finance_tracking_app/test/unit_test/login/auth_cubit_login_test.dart: AuthCubit.login retries 2 times for NetworkException then emits Failure on 2nd failure
[38;5;12mâ”Œâ”€â”€â”€â”€â”€â”€â”€â”€â”€â”€â”€â”€â”€â”€â”€â”€â”€â”€â”€â”€â”€â”€â”€â”€â”€â”€â”€â”€â”€â”€â”€â”€â”€â”€â”€â”€â”€â”€â”€â”€â”€â”€â”€â”€â”€â”€â”€â”€â”€â”€â”€â”€â”€â”€â”€â”€â”€â”€â”€â”€â”€â”€â”€â”€â”€â”€â”€â”€â”€â”€â”€â”€â”€â”€â”€â”€â”€â”€â”€â”€â”€â”€â”€â”€â”€â”€â”€â”€â”€â”€â”€â”€â”€â”€â”€â”€â”€â”€â”€[0m
[38;5;12mâ”‚ 10:14:15.896 (+0:00:00.273357)[0m
[38;5;12mâ”œâ”„â”„â”„â”„â”„â”„â”„â”„â”„â”„â”„â”„â”„â”„â”„â”„â”„â”„â”„â”„â”„â”„â”„â”„â”„â”„â”„â”„â”„â”„â”„â”„â”„â”„â”„â”„â”„â”„â”„â”„â”„â”„â”„â”„â”„â”„â”„â”„â”„â”„â”„â”„â”„â”„â”„â”„â”„â”„â”„â”„â”„â”„â”„â”„â”„â”„â”„â”„â”„â”„â”„â”„â”„â”„â”„â”„â”„â”„â”„â”„â”„â”„â”„â”„â”„â”„â”„â”„â”„â”„â”„â”„â”„â”„â”„â”„â”„â”„â”„[0m
[38;5;12mâ”‚ ğŸ’¡ [AUTH] Login started[0m
[38;5;12mâ””â”€â”€â”€â”€â”€â”€â”€â”€â”€â”€â”€â”€â”€â”€â”€â”€â”€â”€â”€â”€â”€â”€â”€â”€â”€â”€â”€â”€â”€â”€â”€â”€â”€â”€â”€â”€â”€â”€â”€â”€â”€â”€â”€â”€â”€â”€â”€â”€â”€â”€â”€â”€â”€â”€â”€â”€â”€â”€â”€â”€â”€â”€â”€â”€â”€â”€â”€â”€â”€â”€â”€â”€â”€â”€â”€â”€â”€â”€â”€â”€â”€â”€â”€â”€â”€â”€â”€â”€â”€â”€â”€â”€â”€â”€â”€â”€â”€â”€â”€[0m
[38;5;196mâ”Œâ”€â”€â”€â”€â”€â”€â”€â”€â”€â”€â”€â”€â”€â”€â”€â”€â”€â”€â”€â”€â”€â”€â”€â”€â”€â”€â”€â”€â”€â”€â”€â”€â”€â”€â”€â”€â”€â”€â”€â”€â”€â”€â”€â”€â”€â”€â”€â”€â”€â”€â”€â”€â”€â”€â”€â”€â”€â”€â”€â”€â”€â”€â”€â”€â”€â”€â”€â”€â”€â”€â”€â”€â”€â”€â”€â”€â”€â”€â”€â”€â”€â”€â”€â”€â”€â”€â”€â”€â”€â”€â”€â”€â”€â”€â”€â”€â”€â”€â”€[0m
[38;5;196mâ”‚ type 'Null' is not a subtype of type 'Future<UserModel>'[0m
[38;5;196mâ”œâ”„â”„â”„â”„â”„â”„â”„â”„â”„â”„â”„â”„â”„â”„â”„â”„â”„â”„â”„â”„â”„â”„â”„â”„â”„â”„â”„â”„â”„â”„â”„â”„â”„â”„â”„â”„â”„â”„â”„â”„â”„â”„â”„â”„â”„â”„â”„â”„â”„â”„â”„â”„â”„â”„â”„â”„â”„â”„â”„â”„â”„â”„â”„â”„â”„â”„â”„â”„â”„â”„â”„â”„â”„â”„â”„â”„â”„â”„â”„â”„â”„â”„â”„â”„â”„â”„â”„â”„â”„â”„â”„â”„â”„â”„â”„â”„â”„â”„â”„[0m
[38;5;196mâ”‚ #0   MockLogin.call (file:///c:/Works/finance_tracking_app/test/unit_test/login/auth_cubit_login_test.dart:15:7)[0m
[38;5;196mâ”‚ #1   AuthCubit.login.<anonymous closure> (package:finance_tracker_app/feature/users/auth/presentation/cubit/auth_cubit.dart:47:34)[0m
[38;5;196mâ”‚ #2   AuthActionRunner.run (package:finance_tracker_app/feature/users/auth/presentation/cubit/helper/auth_action_runner.dart:40:34)[0m
[38;5;196mâ”‚ #3   AuthCubit.login (package:finance_tracker_app/feature/users/auth/presentation/cubit/auth_cubit.dart:47:18)[0m
[38;5;196mâ”‚ #4   main.<anonymous closure>.<anonymous closure> (file:///c:/Works/finance_tracking_app/test/unit_test/login/auth_cubit_login_test.dart:100:21)[0m
[38;5;196mâ”œâ”„â”„â”„â”„â”„â”„â”„â”„â”„â”„â”„â”„â”„â”„â”„â”„â”„â”„â”„â”„â”„â”„â”„â”„â”„â”„â”„â”„â”„â”„â”„â”„â”„â”„â”„â”„â”„â”„â”„â”„â”„â”„â”„â”„â”„â”„â”„â”„â”„â”„â”„â”„â”„â”„â”„â”„â”„â”„â”„â”„â”„â”„â”„â”„â”„â”„â”„â”„â”„â”„â”„â”„â”„â”„â”„â”„â”„â”„â”„â”„â”„â”„â”„â”„â”„â”„â”„â”„â”„â”„â”„â”„â”„â”„â”„â”„â”„â”„â”„[0m
[38;5;196mâ”‚ 10:14:15.897 (+0:00:00.274357)[0m
[38;5;196mâ”œâ”„â”„â”„â”„â”„â”„â”„â”„â”„â”„â”„â”„â”„â”„â”„â”„â”„â”„â”„â”„â”„â”„â”„â”„â”„â”„â”„â”„â”„â”„â”„â”„â”„â”„â”„â”„â”„â”„â”„â”„â”„â”„â”„â”„â”„â”„â”„â”„â”„â”„â”„â”„â”„â”„â”„â”„â”„â”„â”„â”„â”„â”„â”„â”„â”„â”„â”„â”„â”„â”„â”„â”„â”„â”„â”„â”„â”„â”„â”„â”„â”„â”„â”„â”„â”„â”„â”„â”„â”„â”„â”„â”„â”„â”„â”„â”„â”„â”„â”„[0m
[38;5;196mâ”‚ â›” [ERROR] Login unexpected error[0m
[38;5;196mâ””â”€â”€â”€â”€â”€â”€â”€â”€â”€â”€â”€â”€â”€â”€â”€â”€â”€â”€â”€â”€â”€â”€â”€â”€â”€â”€â”€â”€â”€â”€â”€â”€â”€â”€â”€â”€â”€â”€â”€â”€â”€â”€â”€â”€â”€â”€â”€â”€â”€â”€â”€â”€â”€â”€â”€â”€â”€â”€â”€â”€â”€â”€â”€â”€â”€â”€â”€â”€â”€â”€â”€â”€â”€â”€â”€â”€â”€â”€â”€â”€â”€â”€â”€â”€â”€â”€â”€â”€â”€â”€â”€â”€â”€â”€â”€â”€â”€â”€â”€[0m
00:26 +166 -22: c:/Works/finance_tracking_app/test/unit_test/feature/users/auth/presentation/auth_cubit_test.dart: AuthCubit emits [Loading(1/2), Loading(2/2), Failure] on timeout with retry
00:26 +166 -22: c:/Works/finance_tracking_app/test/unit_test/login/auth_cubit_login_test.dart: AuthCubit.login retries 2 times for NetworkException then emits Failure on 2nd failure [E]
  Expected: [
              <<Instance of 'AuthLoading'>>,
              <<Instance of 'AuthFailure'> with `message`: 'No internet'>
            ]
    Actual: [AuthLoading:AuthLoading(1, 2), AuthFailure:AuthFailure(Something went wrong)]
     Which: at location [1] is AuthFailure:<AuthFailure(Something went wrong)> which has `message` with value 'Something went wrong' which is different.
            Expected: No interne ...
              Actual: Something  ...
                      ^
             Differ at offset 0
  
  package:matcher                              expect
  package:bloc_test/src/bloc_test.dart 218:16  testBloc.<fn>
  ===== asynchronous gap ===========================
  dart:async                                   _Completer.completeError
  package:bloc_test/src/bloc_test.dart 255:43  _runZonedGuarded.<fn>
  ===== asynchronous gap ===========================
  dart:async                                   _CustomZone.registerBinaryCallback
  package:bloc_test/src/bloc_test.dart 252:5   _runZonedGuarded.<fn>
  dart:async                                   runZonedGuarded
  package:bloc_test/src/bloc_test.dart 251:3   _runZonedGuarded
  package:bloc_test/src/bloc_test.dart 198:11  testBloc
  package:bloc_test/src/bloc_test.dart 156:13  blocTest.<fn>
  
00:26 +166 -22: c:/Works/finance_tracking_app/test/unit_test/login/auth_cubit_login_test.dart: AuthCubit.login retries once for TimeoutRequestException then succeeds on 2nd attempt
[38;5;12mâ”Œâ”€â”€â”€â”€â”€â”€â”€â”€â”€â”€â”€â”€â”€â”€â”€â”€â”€â”€â”€â”€â”€â”€â”€â”€â”€â”€â”€â”€â”€â”€â”€â”€â”€â”€â”€â”€â”€â”€â”€â”€â”€â”€â”€â”€â”€â”€â”€â”€â”€â”€â”€â”€â”€â”€â”€â”€â”€â”€â”€â”€â”€â”€â”€â”€â”€â”€â”€â”€â”€â”€â”€â”€â”€â”€â”€â”€â”€â”€â”€â”€â”€â”€â”€â”€â”€â”€â”€â”€â”€â”€â”€â”€â”€â”€â”€â”€â”€â”€â”€[0m
[38;5;12mâ”‚ 10:14:15.950 (+0:00:00.328081)[0m
[38;5;12mâ”œâ”„â”„â”„â”„â”„â”„â”„â”„â”„â”„â”„â”„â”„â”„â”„â”„â”„â”„â”„â”„â”„â”„â”„â”„â”„â”„â”„â”„â”„â”„â”„â”„â”„â”„â”„â”„â”„â”„â”„â”„â”„â”„â”„â”„â”„â”„â”„â”„â”„â”„â”„â”„â”„â”„â”„â”„â”„â”„â”„â”„â”„â”„â”„â”„â”„â”„â”„â”„â”„â”„â”„â”„â”„â”„â”„â”„â”„â”„â”„â”„â”„â”„â”„â”„â”„â”„â”„â”„â”„â”„â”„â”„â”„â”„â”„â”„â”„â”„â”„[0m
[38;5;12mâ”‚ ğŸ’¡ [AUTH] Login started[0m
[38;5;12mâ””â”€â”€â”€â”€â”€â”€â”€â”€â”€â”€â”€â”€â”€â”€â”€â”€â”€â”€â”€â”€â”€â”€â”€â”€â”€â”€â”€â”€â”€â”€â”€â”€â”€â”€â”€â”€â”€â”€â”€â”€â”€â”€â”€â”€â”€â”€â”€â”€â”€â”€â”€â”€â”€â”€â”€â”€â”€â”€â”€â”€â”€â”€â”€â”€â”€â”€â”€â”€â”€â”€â”€â”€â”€â”€â”€â”€â”€â”€â”€â”€â”€â”€â”€â”€â”€â”€â”€â”€â”€â”€â”€â”€â”€â”€â”€â”€â”€â”€â”€[0m
[38;5;196mâ”Œâ”€â”€â”€â”€â”€â”€â”€â”€â”€â”€â”€â”€â”€â”€â”€â”€â”€â”€â”€â”€â”€â”€â”€â”€â”€â”€â”€â”€â”€â”€â”€â”€â”€â”€â”€â”€â”€â”€â”€â”€â”€â”€â”€â”€â”€â”€â”€â”€â”€â”€â”€â”€â”€â”€â”€â”€â”€â”€â”€â”€â”€â”€â”€â”€â”€â”€â”€â”€â”€â”€â”€â”€â”€â”€â”€â”€â”€â”€â”€â”€â”€â”€â”€â”€â”€â”€â”€â”€â”€â”€â”€â”€â”€â”€â”€â”€â”€â”€â”€[0m
[38;5;196mâ”‚ type 'Null' is not a subtype of type 'Future<UserModel>'[0m
[38;5;196mâ”œâ”„â”„â”„â”„â”„â”„â”„â”„â”„â”„â”„â”„â”„â”„â”„â”„â”„â”„â”„â”„â”„â”„â”„â”„â”„â”„â”„â”„â”„â”„â”„â”„â”„â”„â”„â”„â”„â”„â”„â”„â”„â”„â”„â”„â”„â”„â”„â”„â”„â”„â”„â”„â”„â”„â”„â”„â”„â”„â”„â”„â”„â”„â”„â”„â”„â”„â”„â”„â”„â”„â”„â”„â”„â”„â”„â”„â”„â”„â”„â”„â”„â”„â”„â”„â”„â”„â”„â”„â”„â”„â”„â”„â”„â”„â”„â”„â”„â”„â”„[0m
[38;5;196mâ”‚ #0   MockLogin.call (file:///c:/Works/finance_tracking_app/test/unit_test/login/auth_cubit_login_test.dart:15:7)[0m
[38;5;196mâ”‚ #1   AuthCubit.login.<anonymous closure> (package:finance_tracker_app/feature/users/auth/presentation/cubit/auth_cubit.dart:47:34)[0m
[38;5;196mâ”‚ #2   AuthActionRunner.run (package:finance_tracker_app/feature/users/auth/presentation/cubit/helper/auth_action_runner.dart:40:34)[0m
[38;5;196mâ”‚ #3   AuthCubit.login (package:finance_tracker_app/feature/users/auth/presentation/cubit/auth_cubit.dart:47:18)[0m
[38;5;196mâ”‚ #4   main.<anonymous closure>.<anonymous closure> (file:///c:/Works/finance_tracking_app/test/unit_test/login/auth_cubit_login_test.dart:132:21)[0m
[38;5;196mâ”œâ”„â”„â”„â”„â”„â”„â”„â”„â”„â”„â”„â”„â”„â”„â”„â”„â”„â”„â”„â”„â”„â”„â”„â”„â”„â”„â”„â”„â”„â”„â”„â”„â”„â”„â”„â”„â”„â”„â”„â”„â”„â”„â”„â”„â”„â”„â”„â”„â”„â”„â”„â”„â”„â”„â”„â”„â”„â”„â”„â”„â”„â”„â”„â”„â”„â”„â”„â”„â”„â”„â”„â”„â”„â”„â”„â”„â”„â”„â”„â”„â”„â”„â”„â”„â”„â”„â”„â”„â”„â”„â”„â”„â”„â”„â”„â”„â”„â”„â”„[0m
[38;5;196mâ”‚ 10:14:15.952 (+0:00:00.330081)[0m
[38;5;196mâ”œâ”„â”„â”„â”„â”„â”„â”„â”„â”„â”„â”„â”„â”„â”„â”„â”„â”„â”„â”„â”„â”„â”„â”„â”„â”„â”„â”„â”„â”„â”„â”„â”„â”„â”„â”„â”„â”„â”„â”„â”„â”„â”„â”„â”„â”„â”„â”„â”„â”„â”„â”„â”„â”„â”„â”„â”„â”„â”„â”„â”„â”„â”„â”„â”„â”„â”„â”„â”„â”„â”„â”„â”„â”„â”„â”„â”„â”„â”„â”„â”„â”„â”„â”„â”„â”„â”„â”„â”„â”„â”„â”„â”„â”„â”„â”„â”„â”„â”„â”„[0m
[38;5;196mâ”‚ â›” [ERROR] Login unexpected error[0m
[38;5;196mâ””â”€â”€â”€â”€â”€â”€â”€â”€â”€â”€â”€â”€â”€â”€â”€â”€â”€â”€â”€â”€â”€â”€â”€â”€â”€â”€â”€â”€â”€â”€â”€â”€â”€â”€â”€â”€â”€â”€â”€â”€â”€â”€â”€â”€â”€â”€â”€â”€â”€â”€â”€â”€â”€â”€â”€â”€â”€â”€â”€â”€â”€â”€â”€â”€â”€â”€â”€â”€â”€â”€â”€â”€â”€â”€â”€â”€â”€â”€â”€â”€â”€â”€â”€â”€â”€â”€â”€â”€â”€â”€â”€â”€â”€â”€â”€â”€â”€â”€â”€[0m
00:26 +166 -23: c:/Works/finance_tracking_app/test/unit_test/feature/users/auth/presentation/auth_cubit_test.dart: AuthCubit emits [Loading(1/2), Loading(2/2), Failure] on timeout with retry
00:26 +166 -23: c:/Works/finance_tracking_app/test/unit_test/login/auth_cubit_login_test.dart: AuthCubit.login retries once for TimeoutRequestException then succeeds on 2nd attempt [E]
  Expected: [
              <<Instance of 'AuthLoading'>>,
              <<Instance of 'AuthSuccess'> with `user.email`: 'test@example.com'>
            ]
    Actual: [AuthLoading:AuthLoading(1, 2), AuthFailure:AuthFailure(Something went wrong)]
     Which: at location [1] is AuthFailure:<AuthFailure(Something went wrong)> which is not an instance of 'AuthSuccess'
  
  package:matcher                              expect
  package:bloc_test/src/bloc_test.dart 218:16  testBloc.<fn>
  ===== asynchronous gap ===========================
  dart:async                                   _Completer.completeError
  package:bloc_test/src/bloc_test.dart 255:43  _runZonedGuarded.<fn>
  ===== asynchronous gap ===========================
  dart:async                                   _CustomZone.registerBinaryCallback
  package:bloc_test/src/bloc_test.dart 252:5   _runZonedGuarded.<fn>
  dart:async                                   runZonedGuarded
  package:bloc_test/src/bloc_test.dart 251:3   _runZonedGuarded
  package:bloc_test/src/bloc_test.dart 198:11  testBloc
  package:bloc_test/src/bloc_test.dart 156:13  blocTest.<fn>
  
00:26 +166 -23: c:/Works/finance_tracking_app/test/unit_test/login/auth_cubit_login_test.dart: AuthCubit.login if already AuthSuccess then emits AuthFailure("You are already logged in.") and does NOT call Login usecase
[38;5;12mâ”Œâ”€â”€â”€â”€â”€â”€â”€â”€â”€â”€â”€â”€â”€â”€â”€â”€â”€â”€â”€â”€â”€â”€â”€â”€â”€â”€â”€â”€â”€â”€â”€â”€â”€â”€â”€â”€â”€â”€â”€â”€â”€â”€â”€â”€â”€â”€â”€â”€â”€â”€â”€â”€â”€â”€â”€â”€â”€â”€â”€â”€â”€â”€â”€â”€â”€â”€â”€â”€â”€â”€â”€â”€â”€â”€â”€â”€â”€â”€â”€â”€â”€â”€â”€â”€â”€â”€â”€â”€â”€â”€â”€â”€â”€â”€â”€â”€â”€â”€â”€[0m
[38;5;12mâ”‚ 10:14:15.979 (+0:00:00.357100)[0m
[38;5;12mâ”œâ”„â”„â”„â”„â”„â”„â”„â”„â”„â”„â”„â”„â”„â”„â”„â”„â”„â”„â”„â”„â”„â”„â”„â”„â”„â”„â”„â”„â”„â”„â”„â”„â”„â”„â”„â”„â”„â”„â”„â”„â”„â”„â”„â”„â”„â”„â”„â”„â”„â”„â”„â”„â”„â”„â”„â”„â”„â”„â”„â”„â”„â”„â”„â”„â”„â”„â”„â”„â”„â”„â”„â”„â”„â”„â”„â”„â”„â”„â”„â”„â”„â”„â”„â”„â”„â”„â”„â”„â”„â”„â”„â”„â”„â”„â”„â”„â”„â”„â”„[0m
[38;5;12mâ”‚ ğŸ’¡ [AUTH] Login started[0m
[38;5;12mâ””â”€â”€â”€â”€â”€â”€â”€â”€â”€â”€â”€â”€â”€â”€â”€â”€â”€â”€â”€â”€â”€â”€â”€â”€â”€â”€â”€â”€â”€â”€â”€â”€â”€â”€â”€â”€â”€â”€â”€â”€â”€â”€â”€â”€â”€â”€â”€â”€â”€â”€â”€â”€â”€â”€â”€â”€â”€â”€â”€â”€â”€â”€â”€â”€â”€â”€â”€â”€â”€â”€â”€â”€â”€â”€â”€â”€â”€â”€â”€â”€â”€â”€â”€â”€â”€â”€â”€â”€â”€â”€â”€â”€â”€â”€â”€â”€â”€â”€â”€[0m
[38;5;196mâ”Œâ”€â”€â”€â”€â”€â”€â”€â”€â”€â”€â”€â”€â”€â”€â”€â”€â”€â”€â”€â”€â”€â”€â”€â”€â”€â”€â”€â”€â”€â”€â”€â”€â”€â”€â”€â”€â”€â”€â”€â”€â”€â”€â”€â”€â”€â”€â”€â”€â”€â”€â”€â”€â”€â”€â”€â”€â”€â”€â”€â”€â”€â”€â”€â”€â”€â”€â”€â”€â”€â”€â”€â”€â”€â”€â”€â”€â”€â”€â”€â”€â”€â”€â”€â”€â”€â”€â”€â”€â”€â”€â”€â”€â”€â”€â”€â”€â”€â”€â”€[0m
[38;5;196mâ”‚ type 'Null' is not a subtype of type 'Future<UserModel>'[0m
[38;5;196mâ”œâ”„â”„â”„â”„â”„â”„â”„â”„â”„â”„â”„â”„â”„â”„â”„â”„â”„â”„â”„â”„â”„â”„â”„â”„â”„â”„â”„â”„â”„â”„â”„â”„â”„â”„â”„â”„â”„â”„â”„â”„â”„â”„â”„â”„â”„â”„â”„â”„â”„â”„â”„â”„â”„â”„â”„â”„â”„â”„â”„â”„â”„â”„â”„â”„â”„â”„â”„â”„â”„â”„â”„â”„â”„â”„â”„â”„â”„â”„â”„â”„â”„â”„â”„â”„â”„â”„â”„â”„â”„â”„â”„â”„â”„â”„â”„â”„â”„â”„â”„[0m
[38;5;196mâ”‚ #0   MockLogin.call (file:///c:/Works/finance_tracking_app/test/unit_test/login/auth_cubit_login_test.dart:15:7)[0m
[38;5;196mâ”‚ #1   AuthCubit.login.<anonymous closure> (package:finance_tracker_app/feature/users/auth/presentation/cubit/auth_cubit.dart:47:34)[0m
[38;5;196mâ”‚ #2   AuthActionRunner.run (package:finance_tracker_app/feature/users/auth/presentation/cubit/helper/auth_action_runner.dart:40:34)[0m
[38;5;196mâ”‚ #3   AuthCubit.login (package:finance_tracker_app/feature/users/auth/presentation/cubit/auth_cubit.dart:47:18)[0m
[38;5;196mâ”‚ #4   main.<anonymous closure>.<anonymous closure> (file:///c:/Works/finance_tracking_app/test/unit_test/login/auth_cubit_login_test.dart:150:21)[0m
[38;5;196mâ”œâ”„â”„â”„â”„â”„â”„â”„â”„â”„â”„â”„â”„â”„â”„â”„â”„â”„â”„â”„â”„â”„â”„â”„â”„â”„â”„â”„â”„â”„â”„â”„â”„â”„â”„â”„â”„â”„â”„â”„â”„â”„â”„â”„â”„â”„â”„â”„â”„â”„â”„â”„â”„â”„â”„â”„â”„â”„â”„â”„â”„â”„â”„â”„â”„â”„â”„â”„â”„â”„â”„â”„â”„â”„â”„â”„â”„â”„â”„â”„â”„â”„â”„â”„â”„â”„â”„â”„â”„â”„â”„â”„â”„â”„â”„â”„â”„â”„â”„â”„[0m
[38;5;196mâ”‚ 10:14:15.980 (+0:00:00.358108)[0m
[38;5;196mâ”œâ”„â”„â”„â”„â”„â”„â”„â”„â”„â”„â”„â”„â”„â”„â”„â”„â”„â”„â”„â”„â”„â”„â”„â”„â”„â”„â”„â”„â”„â”„â”„â”„â”„â”„â”„â”„â”„â”„â”„â”„â”„â”„â”„â”„â”„â”„â”„â”„â”„â”„â”„â”„â”„â”„â”„â”„â”„â”„â”„â”„â”„â”„â”„â”„â”„â”„â”„â”„â”„â”„â”„â”„â”„â”„â”„â”„â”„â”„â”„â”„â”„â”„â”„â”„â”„â”„â”„â”„â”„â”„â”„â”„â”„â”„â”„â”„â”„â”„â”„[0m
[38;5;196mâ”‚ â›” [ERROR] Login unexpected error[0m
[38;5;196mâ””â”€â”€â”€â”€â”€â”€â”€â”€â”€â”€â”€â”€â”€â”€â”€â”€â”€â”€â”€â”€â”€â”€â”€â”€â”€â”€â”€â”€â”€â”€â”€â”€â”€â”€â”€â”€â”€â”€â”€â”€â”€â”€â”€â”€â”€â”€â”€â”€â”€â”€â”€â”€â”€â”€â”€â”€â”€â”€â”€â”€â”€â”€â”€â”€â”€â”€â”€â”€â”€â”€â”€â”€â”€â”€â”€â”€â”€â”€â”€â”€â”€â”€â”€â”€â”€â”€â”€â”€â”€â”€â”€â”€â”€â”€â”€â”€â”€â”€â”€[0m
00:26 +166 -24: c:/Works/finance_tracking_app/test/unit_test/feature/users/auth/presentation/auth_cubit_test.dart: AuthCubit emits [Loading(1/2), Loading(2/2), Failure] on timeout with retry
00:26 +166 -24: c:/Works/finance_tracking_app/test/unit_test/login/auth_cubit_login_test.dart: AuthCubit.login if already AuthSuccess then emits AuthFailure("You are already logged in.") and does NOT call Login usecase [E]
  Expected: [<<Instance of 'AuthFailure'> with `message`: 'You are already logged in.'>]
    Actual: [AuthLoading:AuthLoading(1, 2), AuthFailure:AuthFailure(Something went wrong)]
     Which: at location [0] is AuthLoading:<AuthLoading(1, 2)> which is not an instance of 'AuthFailure'
  
  package:matcher                              expect
  package:bloc_test/src/bloc_test.dart 218:16  testBloc.<fn>
  ===== asynchronous gap ===========================
  dart:async                                   _Completer.completeError
  package:bloc_test/src/bloc_test.dart 255:43  _runZonedGuarded.<fn>
  ===== asynchronous gap ===========================
  dart:async                                   _CustomZone.registerBinaryCallback
  package:bloc_test/src/bloc_test.dart 252:5   _runZonedGuarded.<fn>
  dart:async                                   runZonedGuarded
  package:bloc_test/src/bloc_test.dart 251:3   _runZonedGuarded
  package:bloc_test/src/bloc_test.dart 198:11  testBloc
  package:bloc_test/src/bloc_test.dart 156:13  blocTest.<fn>
  
00:26 +166 -24: c:/Works/finance_tracking_app/test/unit_test/login/auth_cubit_login_test.dart: AuthCubit.login emits [AuthLoading, AuthFailure("Unexpected error. Please try again.")] when unknown error occurs
[38;5;12mâ”Œâ”€â”€â”€â”€â”€â”€â”€â”€â”€â”€â”€â”€â”€â”€â”€â”€â”€â”€â”€â”€â”€â”€â”€â”€â”€â”€â”€â”€â”€â”€â”€â”€â”€â”€â”€â”€â”€â”€â”€â”€â”€â”€â”€â”€â”€â”€â”€â”€â”€â”€â”€â”€â”€â”€â”€â”€â”€â”€â”€â”€â”€â”€â”€â”€â”€â”€â”€â”€â”€â”€â”€â”€â”€â”€â”€â”€â”€â”€â”€â”€â”€â”€â”€â”€â”€â”€â”€â”€â”€â”€â”€â”€â”€â”€â”€â”€â”€â”€â”€[0m
[38;5;12mâ”‚ 10:14:16.016 (+0:00:00.393675)[0m
[38;5;12mâ”œâ”„â”„â”„â”„â”„â”„â”„â”„â”„â”„â”„â”„â”„â”„â”„â”„â”„â”„â”„â”„â”„â”„â”„â”„â”„â”„â”„â”„â”„â”„â”„â”„â”„â”„â”„â”„â”„â”„â”„â”„â”„â”„â”„â”„â”„â”„â”„â”„â”„â”„â”„â”„â”„â”„â”„â”„â”„â”„â”„â”„â”„â”„â”„â”„â”„â”„â”„â”„â”„â”„â”„â”„â”„â”„â”„â”„â”„â”„â”„â”„â”„â”„â”„â”„â”„â”„â”„â”„â”„â”„â”„â”„â”„â”„â”„â”„â”„â”„â”„[0m
[38;5;12mâ”‚ ğŸ’¡ [AUTH] Login started[0m
[38;5;12mâ””â”€â”€â”€â”€â”€â”€â”€â”€â”€â”€â”€â”€â”€â”€â”€â”€â”€â”€â”€â”€â”€â”€â”€â”€â”€â”€â”€â”€â”€â”€â”€â”€â”€â”€â”€â”€â”€â”€â”€â”€â”€â”€â”€â”€â”€â”€â”€â”€â”€â”€â”€â”€â”€â”€â”€â”€â”€â”€â”€â”€â”€â”€â”€â”€â”€â”€â”€â”€â”€â”€â”€â”€â”€â”€â”€â”€â”€â”€â”€â”€â”€â”€â”€â”€â”€â”€â”€â”€â”€â”€â”€â”€â”€â”€â”€â”€â”€â”€â”€[0m
[38;5;196mâ”Œâ”€â”€â”€â”€â”€â”€â”€â”€â”€â”€â”€â”€â”€â”€â”€â”€â”€â”€â”€â”€â”€â”€â”€â”€â”€â”€â”€â”€â”€â”€â”€â”€â”€â”€â”€â”€â”€â”€â”€â”€â”€â”€â”€â”€â”€â”€â”€â”€â”€â”€â”€â”€â”€â”€â”€â”€â”€â”€â”€â”€â”€â”€â”€â”€â”€â”€â”€â”€â”€â”€â”€â”€â”€â”€â”€â”€â”€â”€â”€â”€â”€â”€â”€â”€â”€â”€â”€â”€â”€â”€â”€â”€â”€â”€â”€â”€â”€â”€â”€[0m
[38;5;196mâ”‚ type 'Null' is not a subtype of type 'Future<UserModel>'[0m
[38;5;196mâ”œâ”„â”„â”„â”„â”„â”„â”„â”„â”„â”„â”„â”„â”„â”„â”„â”„â”„â”„â”„â”„â”„â”„â”„â”„â”„â”„â”„â”„â”„â”„â”„â”„â”„â”„â”„â”„â”„â”„â”„â”„â”„â”„â”„â”„â”„â”„â”„â”„â”„â”„â”„â”„â”„â”„â”„â”„â”„â”„â”„â”„â”„â”„â”„â”„â”„â”„â”„â”„â”„â”„â”„â”„â”„â”„â”„â”„â”„â”„â”„â”„â”„â”„â”„â”„â”„â”„â”„â”„â”„â”„â”„â”„â”„â”„â”„â”„â”„â”„â”„[0m
[38;5;196mâ”‚ #0   MockLogin.call (file:///c:/Works/finance_tracking_app/test/unit_test/login/auth_cubit_login_test.dart:15:7)[0m
[38;5;196mâ”‚ #1   AuthCubit.login.<anonymous closure> (package:finance_tracker_app/feature/users/auth/presentation/cubit/auth_cubit.dart:47:34)[0m
[38;5;196mâ”‚ #2   AuthActionRunner.run (package:finance_tracker_app/feature/users/auth/presentation/cubit/helper/auth_action_runner.dart:40:34)[0m
[38;5;196mâ”‚ #3   AuthCubit.login (package:finance_tracker_app/feature/users/auth/presentation/cubit/auth_cubit.dart:47:18)[0m
[38;5;196mâ”‚ #4   main.<anonymous closure>.<anonymous closure> (file:///c:/Works/finance_tracking_app/test/unit_test/login/auth_cubit_login_test.dart:176:21)[0m
[38;5;196mâ”œâ”„â”„â”„â”„â”„â”„â”„â”„â”„â”„â”„â”„â”„â”„â”„â”„â”„â”„â”„â”„â”„â”„â”„â”„â”„â”„â”„â”„â”„â”„â”„â”„â”„â”„â”„â”„â”„â”„â”„â”„â”„â”„â”„â”„â”„â”„â”„â”„â”„â”„â”„â”„â”„â”„â”„â”„â”„â”„â”„â”„â”„â”„â”„â”„â”„â”„â”„â”„â”„â”„â”„â”„â”„â”„â”„â”„â”„â”„â”„â”„â”„â”„â”„â”„â”„â”„â”„â”„â”„â”„â”„â”„â”„â”„â”„â”„â”„â”„â”„[0m
[38;5;196mâ”‚ 10:14:16.017 (+0:00:00.394674)[0m
[38;5;196mâ”œâ”„â”„â”„â”„â”„â”„â”„â”„â”„â”„â”„â”„â”„â”„â”„â”„â”„â”„â”„â”„â”„â”„â”„â”„â”„â”„â”„â”„â”„â”„â”„â”„â”„â”„â”„â”„â”„â”„â”„â”„â”„â”„â”„â”„â”„â”„â”„â”„â”„â”„â”„â”„â”„â”„â”„â”„â”„â”„â”„â”„â”„â”„â”„â”„â”„â”„â”„â”„â”„â”„â”„â”„â”„â”„â”„â”„â”„â”„â”„â”„â”„â”„â”„â”„â”„â”„â”„â”„â”„â”„â”„â”„â”„â”„â”„â”„â”„â”„â”„[0m
[38;5;196mâ”‚ â›” [ERROR] Login unexpected error[0m
[38;5;196mâ””â”€â”€â”€â”€â”€â”€â”€â”€â”€â”€â”€â”€â”€â”€â”€â”€â”€â”€â”€â”€â”€â”€â”€â”€â”€â”€â”€â”€â”€â”€â”€â”€â”€â”€â”€â”€â”€â”€â”€â”€â”€â”€â”€â”€â”€â”€â”€â”€â”€â”€â”€â”€â”€â”€â”€â”€â”€â”€â”€â”€â”€â”€â”€â”€â”€â”€â”€â”€â”€â”€â”€â”€â”€â”€â”€â”€â”€â”€â”€â”€â”€â”€â”€â”€â”€â”€â”€â”€â”€â”€â”€â”€â”€â”€â”€â”€â”€â”€â”€[0m
00:26 +166 -25: c:/Works/finance_tracking_app/test/unit_test/feature/users/auth/presentation/auth_cubit_test.dart: AuthCubit emits [Loading(1/2), Loading(2/2), Failure] on timeout with retry
00:26 +166 -25: c:/Works/finance_tracking_app/test/unit_test/login/auth_cubit_login_test.dart: AuthCubit.login emits [AuthLoading, AuthFailure("Unexpected error. Please try again.")] when unknown error occurs [E]
  Expected: [
              <<Instance of 'AuthLoading'>>,
              <<Instance of 'AuthFailure'> with `message`: 'Unexpected error. Please try again.'>
            ]
    Actual: [AuthLoading:AuthLoading(1, 2), AuthFailure:AuthFailure(Something went wrong)]
     Which: at location [1] is AuthFailure:<AuthFailure(Something went wrong)> which has `message` with value 'Something went wrong' which is different.
            Expected: Unexpected ...
              Actual: Something  ...
                      ^
             Differ at offset 0
  
  package:matcher                              expect
  package:bloc_test/src/bloc_test.dart 218:16  testBloc.<fn>
  ===== asynchronous gap ===========================
  dart:async                                   _Completer.completeError
  package:bloc_test/src/bloc_test.dart 255:43  _runZonedGuarded.<fn>
  ===== asynchronous gap ===========================
  dart:async                                   _CustomZone.registerBinaryCallback
  package:bloc_test/src/bloc_test.dart 252:5   _runZonedGuarded.<fn>
  dart:async                                   runZonedGuarded
  package:bloc_test/src/bloc_test.dart 251:3   _runZonedGuarded
  package:bloc_test/src/bloc_test.dart 198:11  testBloc
  package:bloc_test/src/bloc_test.dart 156:13  blocTest.<fn>
  
00:26 +166 -25: c:/Works/finance_tracking_app/test/unit_test/feature/users/auth/presentation/auth_cubit_test.dart: AuthCubit emits [Loading(1/2), Loading(2/2), Failure] on timeout with retry
[38;5;208mâ”Œâ”€â”€â”€â”€â”€â”€â”€â”€â”€â”€â”€â”€â”€â”€â”€â”€â”€â”€â”€â”€â”€â”€â”€â”€â”€â”€â”€â”€â”€â”€â”€â”€â”€â”€â”€â”€â”€â”€â”€â”€â”€â”€â”€â”€â”€â”€â”€â”€â”€â”€â”€â”€â”€â”€â”€â”€â”€â”€â”€â”€â”€â”€â”€â”€â”€â”€â”€â”€â”€â”€â”€â”€â”€â”€â”€â”€â”€â”€â”€â”€â”€â”€â”€â”€â”€â”€â”€â”€â”€â”€â”€â”€â”€â”€â”€â”€â”€â”€â”€[0m
[38;5;208mâ”‚ Timeout[0m
[38;5;208mâ”œâ”„â”„â”„â”„â”„â”„â”„â”„â”„â”„â”„â”„â”„â”„â”„â”„â”„â”„â”„â”„â”„â”„â”„â”„â”„â”„â”„â”„â”„â”„â”„â”„â”„â”„â”„â”„â”„â”„â”„â”„â”„â”„â”„â”„â”„â”„â”„â”„â”„â”„â”„â”„â”„â”„â”„â”„â”„â”„â”„â”„â”„â”„â”„â”„â”„â”„â”„â”„â”„â”„â”„â”„â”„â”„â”„â”„â”„â”„â”„â”„â”„â”„â”„â”„â”„â”„â”„â”„â”„â”„â”„â”„â”„â”„â”„â”„â”„â”„â”„[0m
[38;5;208mâ”‚ #0   AppLogger.network (package:finance_tracker_app/core/utils/app_logger.dart:54:14)[0m
[38;5;208mâ”‚ #1   AuthActionRunner.run (package:finance_tracker_app/feature/users/auth/presentation/cubit/helper/auth_action_runner.dart:69:21)[0m
[38;5;208mâ”‚ #2   <asynchronous suspension>[0m
[38;5;208mâ”‚ #3   AuthCubit.login (package:finance_tracker_app/feature/users/auth/presentation/cubit/auth_cubit.dart:47:5)[0m
[38;5;208mâ”‚ #4   <asynchronous suspension>[0m
[38;5;208mâ”œâ”„â”„â”„â”„â”„â”„â”„â”„â”„â”„â”„â”„â”„â”„â”„â”„â”„â”„â”„â”„â”„â”„â”„â”„â”„â”„â”„â”„â”„â”„â”„â”„â”„â”„â”„â”„â”„â”„â”„â”„â”„â”„â”„â”„â”„â”„â”„â”„â”„â”„â”„â”„â”„â”„â”„â”„â”„â”„â”„â”„â”„â”„â”„â”„â”„â”„â”„â”„â”„â”„â”„â”„â”„â”„â”„â”„â”„â”„â”„â”„â”„â”„â”„â”„â”„â”„â”„â”„â”„â”„â”„â”„â”„â”„â”„â”„â”„â”„â”„[0m
[38;5;208mâ”‚ 10:14:16.153 (+0:00:01.157177)[0m
[38;5;208mâ”œâ”„â”„â”„â”„â”„â”„â”„â”„â”„â”„â”„â”„â”„â”„â”„â”„â”„â”„â”„â”„â”„â”„â”„â”„â”„â”„â”„â”„â”„â”„â”„â”„â”„â”„â”„â”„â”„â”„â”„â”„â”„â”„â”„â”„â”„â”„â”„â”„â”„â”„â”„â”„â”„â”„â”„â”„â”„â”„â”„â”„â”„â”„â”„â”„â”„â”„â”„â”„â”„â”„â”„â”„â”„â”„â”„â”„â”„â”„â”„â”„â”„â”„â”„â”„â”„â”„â”„â”„â”„â”„â”„â”„â”„â”„â”„â”„â”„â”„â”„[0m
[38;5;208mâ”‚ âš ï¸ [NETWORK] Login NetworkException (attempt 2/2)[0m
[38;5;208mâ””â”€â”€â”€â”€â”€â”€â”€â”€â”€â”€â”€â”€â”€â”€â”€â”€â”€â”€â”€â”€â”€â”€â”€â”€â”€â”€â”€â”€â”€â”€â”€â”€â”€â”€â”€â”€â”€â”€â”€â”€â”€â”€â”€â”€â”€â”€â”€â”€â”€â”€â”€â”€â”€â”€â”€â”€â”€â”€â”€â”€â”€â”€â”€â”€â”€â”€â”€â”€â”€â”€â”€â”€â”€â”€â”€â”€â”€â”€â”€â”€â”€â”€â”€â”€â”€â”€â”€â”€â”€â”€â”€â”€â”€â”€â”€â”€â”€â”€â”€[0m
00:26 +167 -25: c:/Works/finance_tracking_app/test/unit_test/login/auth_repository_impl_login_test.dart: (setUpAll)
00:26 +167 -25: c:/Works/finance_tracking_app/test/unit_test/feature/users/auth/presentation/auth_cubit_test.dart: AuthCubit emits [Loading, Success] on success
[38;5;12mâ”Œâ”€â”€â”€â”€â”€â”€â”€â”€â”€â”€â”€â”€â”€â”€â”€â”€â”€â”€â”€â”€â”€â”€â”€â”€â”€â”€â”€â”€â”€â”€â”€â”€â”€â”€â”€â”€â”€â”€â”€â”€â”€â”€â”€â”€â”€â”€â”€â”€â”€â”€â”€â”€â”€â”€â”€â”€â”€â”€â”€â”€â”€â”€â”€â”€â”€â”€â”€â”€â”€â”€â”€â”€â”€â”€â”€â”€â”€â”€â”€â”€â”€â”€â”€â”€â”€â”€â”€â”€â”€â”€â”€â”€â”€â”€â”€â”€â”€â”€â”€[0m
[38;5;12mâ”‚ 10:14:16.205 (+0:00:01.209839)[0m
[38;5;12mâ”œâ”„â”„â”„â”„â”„â”„â”„â”„â”„â”„â”„â”„â”„â”„â”„â”„â”„â”„â”„â”„â”„â”„â”„â”„â”„â”„â”„â”„â”„â”„â”„â”„â”„â”„â”„â”„â”„â”„â”„â”„â”„â”„â”„â”„â”„â”„â”„â”„â”„â”„â”„â”„â”„â”„â”„â”„â”„â”„â”„â”„â”„â”„â”„â”„â”„â”„â”„â”„â”„â”„â”„â”„â”„â”„â”„â”„â”„â”„â”„â”„â”„â”„â”„â”„â”„â”„â”„â”„â”„â”„â”„â”„â”„â”„â”„â”„â”„â”„â”„[0m
[38;5;12mâ”‚ ğŸ’¡ [AUTH] Login started[0m
[38;5;12mâ””â”€â”€â”€â”€â”€â”€â”€â”€â”€â”€â”€â”€â”€â”€â”€â”€â”€â”€â”€â”€â”€â”€â”€â”€â”€â”€â”€â”€â”€â”€â”€â”€â”€â”€â”€â”€â”€â”€â”€â”€â”€â”€â”€â”€â”€â”€â”€â”€â”€â”€â”€â”€â”€â”€â”€â”€â”€â”€â”€â”€â”€â”€â”€â”€â”€â”€â”€â”€â”€â”€â”€â”€â”€â”€â”€â”€â”€â”€â”€â”€â”€â”€â”€â”€â”€â”€â”€â”€â”€â”€â”€â”€â”€â”€â”€â”€â”€â”€â”€[0m
[38;5;12mâ”Œâ”€â”€â”€â”€â”€â”€â”€â”€â”€â”€â”€â”€â”€â”€â”€â”€â”€â”€â”€â”€â”€â”€â”€â”€â”€â”€â”€â”€â”€â”€â”€â”€â”€â”€â”€â”€â”€â”€â”€â”€â”€â”€â”€â”€â”€â”€â”€â”€â”€â”€â”€â”€â”€â”€â”€â”€â”€â”€â”€â”€â”€â”€â”€â”€â”€â”€â”€â”€â”€â”€â”€â”€â”€â”€â”€â”€â”€â”€â”€â”€â”€â”€â”€â”€â”€â”€â”€â”€â”€â”€â”€â”€â”€â”€â”€â”€â”€â”€â”€[0m
[38;5;12mâ”‚ 10:14:16.206 (+0:00:01.210845)[0m
[38;5;12mâ”œâ”„â”„â”„â”„â”„â”„â”„â”„â”„â”„â”„â”„â”„â”„â”„â”„â”„â”„â”„â”„â”„â”„â”„â”„â”„â”„â”„â”„â”„â”„â”„â”„â”„â”„â”„â”„â”„â”„â”„â”„â”„â”„â”„â”„â”„â”„â”„â”„â”„â”„â”„â”„â”„â”„â”„â”„â”„â”„â”„â”„â”„â”„â”„â”„â”„â”„â”„â”„â”„â”„â”„â”„â”„â”„â”„â”„â”„â”„â”„â”„â”„â”„â”„â”„â”„â”„â”„â”„â”„â”„â”„â”„â”„â”„â”„â”„â”„â”„â”„[0m
[38;5;12mâ”‚ ğŸ’¡ [AUTH] Login success[0m
[38;5;12mâ””â”€â”€â”€â”€â”€â”€â”€â”€â”€â”€â”€â”€â”€â”€â”€â”€â”€â”€â”€â”€â”€â”€â”€â”€â”€â”€â”€â”€â”€â”€â”€â”€â”€â”€â”€â”€â”€â”€â”€â”€â”€â”€â”€â”€â”€â”€â”€â”€â”€â”€â”€â”€â”€â”€â”€â”€â”€â”€â”€â”€â”€â”€â”€â”€â”€â”€â”€â”€â”€â”€â”€â”€â”€â”€â”€â”€â”€â”€â”€â”€â”€â”€â”€â”€â”€â”€â”€â”€â”€â”€â”€â”€â”€â”€â”€â”€â”€â”€â”€[0m
00:26 +168 -25: c:/Works/finance_tracking_app/test/unit_test/login/auth_repository_impl_login_test.dart: (setUpAll)
00:26 +168 -25: c:/Works/finance_tracking_app/test/unit_test/login/auth_repository_impl_login_test.dart: login returns UserModel and saves tokens when remote success
00:26 +169 -25: c:/Works/finance_tracking_app/test/unit_test/login/auth_repository_impl_login_test.dart: login throws AuthException when remote.login throws AuthException
00:26 +170 -25: c:/Works/finance_tracking_app/test/unit_test/login/auth_repository_impl_login_test.dart: login throws NetworkException when remote.login throws NetworkException
00:26 +171 -25: c:/Works/finance_tracking_app/test/unit_test/login/auth_repository_impl_login_test.dart: login throws TimeoutRequestException when remote.login throws TimeoutRequestException
00:26 +172 -25: c:/Works/finance_tracking_app/test/unit_test/login/auth_repository_impl_login_test.dart: login throws AuthException when remote.getMe throws AuthException
00:26 +173 -25: c:/Works/finance_tracking_app/test/unit_test/login/auth_repository_impl_login_test.dart: (tearDownAll)
00:27 +173 -25: c:/Works/finance_tracking_app/test/unit_test/login/login_usecase_test.dart: Login calls repository.login correctly and returns user
00:27 +174 -25: c:/Works/finance_tracking_app/test/unit_test/login/login_usecase_test.dart: Login rethrows AuthException
00:27 +175 -25: c:/Works/finance_tracking_app/test/unit_test/login/login_usecase_test.dart: Login rethrows NetworkException
00:28 +176 -25: c:/Works/finance_tracking_app/test/unit_test/sign_up/auth_cubit_test.dart: (setUpAll)
00:28 +176 -25: c:/Works/finance_tracking_app/test/unit_test/sign_up/auth_cubit_test.dart: AuthCubit - signup success emits [AuthLoading, AuthSuccess]
[38;5;12mâ”Œâ”€â”€â”€â”€â”€â”€â”€â”€â”€â”€â”€â”€â”€â”€â”€â”€â”€â”€â”€â”€â”€â”€â”€â”€â”€â”€â”€â”€â”€â”€â”€â”€â”€â”€â”€â”€â”€â”€â”€â”€â”€â”€â”€â”€â”€â”€â”€â”€â”€â”€â”€â”€â”€â”€â”€â”€â”€â”€â”€â”€â”€â”€â”€â”€â”€â”€â”€â”€â”€â”€â”€â”€â”€â”€â”€â”€â”€â”€â”€â”€â”€â”€â”€â”€â”€â”€â”€â”€â”€â”€â”€â”€â”€â”€â”€â”€â”€â”€â”€[0m
[38;5;12mâ”‚ 10:14:18.194 (+0:00:00.004530)[0m
[38;5;12mâ”œâ”„â”„â”„â”„â”„â”„â”„â”„â”„â”„â”„â”„â”„â”„â”„â”„â”„â”„â”„â”„â”„â”„â”„â”„â”„â”„â”„â”„â”„â”„â”„â”„â”„â”„â”„â”„â”„â”„â”„â”„â”„â”„â”„â”„â”„â”„â”„â”„â”„â”„â”„â”„â”„â”„â”„â”„â”„â”„â”„â”„â”„â”„â”„â”„â”„â”„â”„â”„â”„â”„â”„â”„â”„â”„â”„â”„â”„â”„â”„â”„â”„â”„â”„â”„â”„â”„â”„â”„â”„â”„â”„â”„â”„â”„â”„â”„â”„â”„â”„[0m
[38;5;12mâ”‚ ğŸ’¡ [AUTH] Signup started[0m
[38;5;12mâ””â”€â”€â”€â”€â”€â”€â”€â”€â”€â”€â”€â”€â”€â”€â”€â”€â”€â”€â”€â”€â”€â”€â”€â”€â”€â”€â”€â”€â”€â”€â”€â”€â”€â”€â”€â”€â”€â”€â”€â”€â”€â”€â”€â”€â”€â”€â”€â”€â”€â”€â”€â”€â”€â”€â”€â”€â”€â”€â”€â”€â”€â”€â”€â”€â”€â”€â”€â”€â”€â”€â”€â”€â”€â”€â”€â”€â”€â”€â”€â”€â”€â”€â”€â”€â”€â”€â”€â”€â”€â”€â”€â”€â”€â”€â”€â”€â”€â”€â”€[0m
[38;5;12mâ”Œâ”€â”€â”€â”€â”€â”€â”€â”€â”€â”€â”€â”€â”€â”€â”€â”€â”€â”€â”€â”€â”€â”€â”€â”€â”€â”€â”€â”€â”€â”€â”€â”€â”€â”€â”€â”€â”€â”€â”€â”€â”€â”€â”€â”€â”€â”€â”€â”€â”€â”€â”€â”€â”€â”€â”€â”€â”€â”€â”€â”€â”€â”€â”€â”€â”€â”€â”€â”€â”€â”€â”€â”€â”€â”€â”€â”€â”€â”€â”€â”€â”€â”€â”€â”€â”€â”€â”€â”€â”€â”€â”€â”€â”€â”€â”€â”€â”€â”€â”€[0m
[38;5;12mâ”‚ 10:14:18.226 (+0:00:00.036525)[0m
[38;5;12mâ”œâ”„â”„â”„â”„â”„â”„â”„â”„â”„â”„â”„â”„â”„â”„â”„â”„â”„â”„â”„â”„â”„â”„â”„â”„â”„â”„â”„â”„â”„â”„â”„â”„â”„â”„â”„â”„â”„â”„â”„â”„â”„â”„â”„â”„â”„â”„â”„â”„â”„â”„â”„â”„â”„â”„â”„â”„â”„â”„â”„â”„â”„â”„â”„â”„â”„â”„â”„â”„â”„â”„â”„â”„â”„â”„â”„â”„â”„â”„â”„â”„â”„â”„â”„â”„â”„â”„â”„â”„â”„â”„â”„â”„â”„â”„â”„â”„â”„â”„â”„[0m
[38;5;12mâ”‚ ğŸ’¡ [AUTH] Sign Up success[0m
[38;5;12mâ””â”€â”€â”€â”€â”€â”€â”€â”€â”€â”€â”€â”€â”€â”€â”€â”€â”€â”€â”€â”€â”€â”€â”€â”€â”€â”€â”€â”€â”€â”€â”€â”€â”€â”€â”€â”€â”€â”€â”€â”€â”€â”€â”€â”€â”€â”€â”€â”€â”€â”€â”€â”€â”€â”€â”€â”€â”€â”€â”€â”€â”€â”€â”€â”€â”€â”€â”€â”€â”€â”€â”€â”€â”€â”€â”€â”€â”€â”€â”€â”€â”€â”€â”€â”€â”€â”€â”€â”€â”€â”€â”€â”€â”€â”€â”€â”€â”€â”€â”€[0m
00:28 +177 -25: c:/Works/finance_tracking_app/test/unit_test/sign_up/auth_cubit_test.dart: AuthCubit - signup failure emits [AuthLoading, AuthFailure]
[38;5;12mâ”Œâ”€â”€â”€â”€â”€â”€â”€â”€â”€â”€â”€â”€â”€â”€â”€â”€â”€â”€â”€â”€â”€â”€â”€â”€â”€â”€â”€â”€â”€â”€â”€â”€â”€â”€â”€â”€â”€â”€â”€â”€â”€â”€â”€â”€â”€â”€â”€â”€â”€â”€â”€â”€â”€â”€â”€â”€â”€â”€â”€â”€â”€â”€â”€â”€â”€â”€â”€â”€â”€â”€â”€â”€â”€â”€â”€â”€â”€â”€â”€â”€â”€â”€â”€â”€â”€â”€â”€â”€â”€â”€â”€â”€â”€â”€â”€â”€â”€â”€â”€[0m
[38;5;12mâ”‚ 10:14:18.335 (+0:00:00.145341)[0m
[38;5;12mâ”œâ”„â”„â”„â”„â”„â”„â”„â”„â”„â”„â”„â”„â”„â”„â”„â”„â”„â”„â”„â”„â”„â”„â”„â”„â”„â”„â”„â”„â”„â”„â”„â”„â”„â”„â”„â”„â”„â”„â”„â”„â”„â”„â”„â”„â”„â”„â”„â”„â”„â”„â”„â”„â”„â”„â”„â”„â”„â”„â”„â”„â”„â”„â”„â”„â”„â”„â”„â”„â”„â”„â”„â”„â”„â”„â”„â”„â”„â”„â”„â”„â”„â”„â”„â”„â”„â”„â”„â”„â”„â”„â”„â”„â”„â”„â”„â”„â”„â”„â”„[0m
[38;5;12mâ”‚ ğŸ’¡ [AUTH] Signup started[0m
[38;5;12mâ””â”€â”€â”€â”€â”€â”€â”€â”€â”€â”€â”€â”€â”€â”€â”€â”€â”€â”€â”€â”€â”€â”€â”€â”€â”€â”€â”€â”€â”€â”€â”€â”€â”€â”€â”€â”€â”€â”€â”€â”€â”€â”€â”€â”€â”€â”€â”€â”€â”€â”€â”€â”€â”€â”€â”€â”€â”€â”€â”€â”€â”€â”€â”€â”€â”€â”€â”€â”€â”€â”€â”€â”€â”€â”€â”€â”€â”€â”€â”€â”€â”€â”€â”€â”€â”€â”€â”€â”€â”€â”€â”€â”€â”€â”€â”€â”€â”€â”€â”€[0m
[38;5;12mâ”Œâ”€â”€â”€â”€â”€â”€â”€â”€â”€â”€â”€â”€â”€â”€â”€â”€â”€â”€â”€â”€â”€â”€â”€â”€â”€â”€â”€â”€â”€â”€â”€â”€â”€â”€â”€â”€â”€â”€â”€â”€â”€â”€â”€â”€â”€â”€â”€â”€â”€â”€â”€â”€â”€â”€â”€â”€â”€â”€â”€â”€â”€â”€â”€â”€â”€â”€â”€â”€â”€â”€â”€â”€â”€â”€â”€â”€â”€â”€â”€â”€â”€â”€â”€â”€â”€â”€â”€â”€â”€â”€â”€â”€â”€â”€â”€â”€â”€â”€â”€[0m
[38;5;12mâ”‚ Email already used[0m
[38;5;12mâ”œâ”„â”„â”„â”„â”„â”„â”„â”„â”„â”„â”„â”„â”„â”„â”„â”„â”„â”„â”„â”„â”„â”„â”„â”„â”„â”„â”„â”„â”„â”„â”„â”„â”„â”„â”„â”„â”„â”„â”„â”„â”„â”„â”„â”„â”„â”„â”„â”„â”„â”„â”„â”„â”„â”„â”„â”„â”„â”„â”„â”„â”„â”„â”„â”„â”„â”„â”„â”„â”„â”„â”„â”„â”„â”„â”„â”„â”„â”„â”„â”„â”„â”„â”„â”„â”„â”„â”„â”„â”„â”„â”„â”„â”„â”„â”„â”„â”„â”„â”„[0m
[38;5;12mâ”‚ #0   AppLogger.auth (package:finance_tracker_app/core/utils/app_logger.dart:42:14)[0m
[38;5;12mâ”‚ #1   AuthActionRunner.run (package:finance_tracker_app/feature/users/auth/presentation/cubit/helper/auth_action_runner.dart:82:21)[0m
[38;5;12mâ”‚ #2   AuthCubit.signup (package:finance_tracker_app/feature/users/auth/presentation/cubit/auth_cubit.dart:71:18)[0m
[38;5;12mâ”‚ #3   main.<anonymous closure>.<anonymous closure> (file:///c:/Works/finance_tracking_app/test/unit_test/sign_up/auth_cubit_test.dart:91:21)[0m
[38;5;12mâ”‚ #4   testBloc.<anonymous closure> (package:bloc_test/src/bloc_test.dart:206:20)[0m
[38;5;12mâ”œâ”„â”„â”„â”„â”„â”„â”„â”„â”„â”„â”„â”„â”„â”„â”„â”„â”„â”„â”„â”„â”„â”„â”„â”„â”„â”„â”„â”„â”„â”„â”„â”„â”„â”„â”„â”„â”„â”„â”„â”„â”„â”„â”„â”„â”„â”„â”„â”„â”„â”„â”„â”„â”„â”„â”„â”„â”„â”„â”„â”„â”„â”„â”„â”„â”„â”„â”„â”„â”„â”„â”„â”„â”„â”„â”„â”„â”„â”„â”„â”„â”„â”„â”„â”„â”„â”„â”„â”„â”„â”„â”„â”„â”„â”„â”„â”„â”„â”„â”„[0m
[38;5;12mâ”‚ 10:14:18.337 (+0:00:00.147340)[0m
[38;5;12mâ”œâ”„â”„â”„â”„â”„â”„â”„â”„â”„â”„â”„â”„â”„â”„â”„â”„â”„â”„â”„â”„â”„â”„â”„â”„â”„â”„â”„â”„â”„â”„â”„â”„â”„â”„â”„â”„â”„â”„â”„â”„â”„â”„â”„â”„â”„â”„â”„â”„â”„â”„â”„â”„â”„â”„â”„â”„â”„â”„â”„â”„â”„â”„â”„â”„â”„â”„â”„â”„â”„â”„â”„â”„â”„â”„â”„â”„â”„â”„â”„â”„â”„â”„â”„â”„â”„â”„â”„â”„â”„â”„â”„â”„â”„â”„â”„â”„â”„â”„â”„[0m
[38;5;12mâ”‚ ğŸ’¡ [AUTH] Sign Up failed[0m
[38;5;12mâ””â”€â”€â”€â”€â”€â”€â”€â”€â”€â”€â”€â”€â”€â”€â”€â”€â”€â”€â”€â”€â”€â”€â”€â”€â”€â”€â”€â”€â”€â”€â”€â”€â”€â”€â”€â”€â”€â”€â”€â”€â”€â”€â”€â”€â”€â”€â”€â”€â”€â”€â”€â”€â”€â”€â”€â”€â”€â”€â”€â”€â”€â”€â”€â”€â”€â”€â”€â”€â”€â”€â”€â”€â”€â”€â”€â”€â”€â”€â”€â”€â”€â”€â”€â”€â”€â”€â”€â”€â”€â”€â”€â”€â”€â”€â”€â”€â”€â”€â”€[0m
00:28 +178 -25: c:/Works/finance_tracking_app/test/unit_test/sign_up/auth_cubit_test.dart: (tearDownAll)
00:28 +178 -25: c:/Works/finance_tracking_app/test/unit_test/sign_up/auth_repository_impl_test.dart: (setUpAll)
00:28 +178 -25: c:/Works/finance_tracking_app/test/unit_test/sign_up/auth_repository_impl_test.dart: signup signup success (no email verification) -> signup -> login -> save tokens -> getMe -> save userId
00:28 +179 -25: c:/Works/finance_tracking_app/test/unit_test/sign_up/auth_repository_impl_test.dart: signup signup requires email verification -> throws AuthException and does NOT login
00:28 +180 -25: c:/Works/finance_tracking_app/test/unit_test/sign_up/auth_repository_impl_test.dart: login login success -> login -> save tokens -> getMe -> save userId
00:29 +181 -25: c:/Works/finance_tracking_app/test/unit_test/sign_up/auth_repository_impl_test.dart: login login throws AuthException -> rethrow
00:29 +182 -25: c:/Works/finance_tracking_app/test/unit_test/sign_up/auth_repository_impl_test.dart: logout logout clears session and userId
00:29 +183 -25: c:/Works/finance_tracking_app/test/unit_test/sign_up/auth_repository_impl_test.dart: (tearDownAll)
00:29 +183 -25: c:/Works/finance_tracking_app/test/unit_test/sign_up/signup_usecase_test.dart: calls repository.signup correctly
00:29 +184 -25: c:/Works/finance_tracking_app/test/unit_test/sign_up/signup_usecase_test.dart: throws ValidationException for invalid email
00:29 +185 -25: c:/Works/finance_tracking_app/test/unit_test/sign_up/signup_usecase_test.dart: propagates AuthException from repository
00:30 +186 -25: c:/Works/finance_tracking_app/test/unit_test/validate/app_validators_test.dart: AppValidators.email returns error when email is empty
00:30 +187 -25: c:/Works/finance_tracking_app/test/unit_test/validate/app_validators_test.dart: AppValidators.email returns error when email format is invalid
00:30 +188 -25: c:/Works/finance_tracking_app/test/unit_test/validate/app_validators_test.dart: AppValidators.email returns null when email is valid
00:30 +189 -25: c:/Works/finance_tracking_app/test/unit_test/validate/app_validators_test.dart: AppValidators.password returns error when password is empty
00:30 +190 -25: c:/Works/finance_tracking_app/test/unit_test/validate/app_validators_test.dart: AppValidators.password returns error when password shorter than 8 chars
00:30 +191 -25: c:/Works/finance_tracking_app/test/unit_test/validate/app_validators_test.dart: AppValidators.password returns error when password has no letter
00:30 +191 -26: c:/Works/finance_tracking_app/test/unit_test/validate/app_validators_test.dart: AppValidators.password returns error when password has no letter [E]
  Expected: 'Password must include letter'
    Actual: 'Password must contain an uppercase letter'
     Which: is different.
            Expected: ... word must include le ...
              Actual: ... word must contain an ...
                                    ^
             Differ at offset 14
  
  package:matcher                                        expect
  package:flutter_test/src/widget_tester.dart 473:18     expect
  test\unit_test\validate\app_validators_test.dart 41:7  main.<fn>.<fn>
  
00:30 +191 -26: c:/Works/finance_tracking_app/test/unit_test/validate/app_validators_test.dart: AppValidators.password returns error when password has no number
00:30 +191 -27: c:/Works/finance_tracking_app/test/unit_test/validate/app_validators_test.dart: AppValidators.password returns error when password has no number [E]
  Expected: 'Password must include number'
    Actual: 'Password must contain an uppercase letter'
     Which: is different.
            Expected: ... word must include nu ...
              Actual: ... word must contain an ...
                                    ^
             Differ at offset 14
  
  package:matcher                                        expect
  package:flutter_test/src/widget_tester.dart 473:18     expect
  test\unit_test\validate\app_validators_test.dart 47:7  main.<fn>.<fn>
  
00:30 +191 -27: c:/Works/finance_tracking_app/test/unit_test/validate/app_validators_test.dart: AppValidators.password returns null when password strong enough
00:30 +191 -28: c:/Works/finance_tracking_app/test/unit_test/validate/app_validators_test.dart: AppValidators.password returns null when password strong enough [E]
  Expected: null
    Actual: 'Password must contain an uppercase letter'
  
  package:matcher                                        expect
  package:flutter_test/src/widget_tester.dart 473:18     expect
  test\unit_test\validate\app_validators_test.dart 53:7  main.<fn>.<fn>
  
00:30 +191 -28: c:/Works/finance_tracking_app/test/unit_test/validate/app_validators_test.dart: AppValidators.confirmPassword returns error when confirm is empty
00:30 +192 -28: c:/Works/finance_tracking_app/test/unit_test/validate/app_validators_test.dart: AppValidators.confirmPassword returns error when passwords do not match
00:30 +193 -28: c:/Works/finance_tracking_app/test/unit_test/validate/app_validators_test.dart: AppValidators.confirmPassword returns null when passwords match
00:31 +194 -28: c:/Works/finance_tracking_app/test/widget_test/add_transaction/add_transaction_screen_test.dart: (setUpAll)
00:31 +194 -28: c:/Works/finance_tracking_app/test/widget_test/add_transaction/add_transaction_screen_test.dart: AddTransactionScreen (NEW UI) - rendering renders title and Add CTA label
00:33 +195 -28: c:/Works/finance_tracking_app/test/widget_test/budgets/set_budget_screen_test.dart: SetBudgetScreen renders all required widgets
00:33 +196 -28: c:/Works/finance_tracking_app/test/widget_test/budgets/set_budget_screen_test.dart: SetBudgetScreen renders all required widgets
00:34 +197 -28: c:/Works/finance_tracking_app/test/widget_test/budgets/set_budget_screen_test.dart: SetBudgetScreen renders all required widgets
00:34 +198 -28: c:/Works/finance_tracking_app/test/widget_test/dashboard/dashboard_screen_test.dart: LoginScreen (NEW UI) widget test renders required widgets
00:35 +199 -28: c:/Works/finance_tracking_app/test/widget_test/dashboard/dashboard_screen_test.dart: LoginScreen (NEW UI) widget test renders required widgets
00:35 +200 -28: c:/Works/finance_tracking_app/test/widget_test/login/login_screen_test.dart: LoginScreen (NEW UI) - rendering renders title and login CTA
00:35 +201 -28: c:/Works/finance_tracking_app/test/widget_test/login/login_screen_test.dart: LoginScreen (NEW UI) - rendering renders title and login CTA
00:35 +202 -28: c:/Works/finance_tracking_app/test/widget_test/login/login_screen_test.dart: LoginScreen (NEW UI) - rendering renders title and login CTA
00:36 +203 -28: c:/Works/finance_tracking_app/test/widget_test/login/login_screen_test.dart: LoginScreen (NEW UI) - rendering renders title and login CTA
00:36 +204 -28: c:/Works/finance_tracking_app/test/widget_test/login/login_screen_test.dart: LoginScreen (NEW UI) - rendering renders title and login CTA
00:36 +205 -28: c:/Works/finance_tracking_app/test/widget_test/login/login_screen_test.dart: LoginScreen (NEW UI) - rendering renders title and login CTA
00:36 +206 -28: c:/Works/finance_tracking_app/test/widget_test/monthly_report/monthly_report_page_test.dart: MonthlyReportView displays AppBar with title
00:36 +207 -28: c:/Works/finance_tracking_app/test/widget_test/monthly_report/monthly_report_page_test.dart: MonthlyReportView displays AppBar with title
00:36 +208 -28: c:/Works/finance_tracking_app/test/widget_test/monthly_report/monthly_report_page_test.dart: MonthlyReportView displays AppBar with title
00:37 +209 -28: c:/Works/finance_tracking_app/test/widget_test/presentation/transaction_history/transaction_history_screen_test.dart: on first frame: loads categories via GetIt, then calls cubit.load()
00:37 +210 -28: c:/Works/finance_tracking_app/test/widget_test/presentation/transaction_history/transaction_history_screen_test.dart: on first frame: loads categories via GetIt, then calls cubit.load()
00:37 +211 -28: c:/Works/finance_tracking_app/test/widget_test/select_category/select_category_screen_test.dart: initState schedules cubit.load() via microtask
00:37 +212 -28: c:/Works/finance_tracking_app/test/widget_test/select_category/select_category_screen_test.dart: initState schedules cubit.load() via microtask
00:37 +213 -28: c:/Works/finance_tracking_app/test/widget_test/select_category/select_category_screen_test.dart: initState schedules cubit.load() via microtask
00:37 +214 -28: c:/Works/finance_tracking_app/test/widget_test/select_category/select_category_screen_test.dart: initState schedules cubit.load() via microtask
00:37 +215 -28: c:/Works/finance_tracking_app/test/widget_test/select_category/select_category_screen_test.dart: initState schedules cubit.load() via microtask
00:38 +216 -28: c:/Works/finance_tracking_app/test/widget_test/select_category/select_category_screen_test.dart: initState schedules cubit.load() via microtask
00:38 +217 -28: c:/Works/finance_tracking_app/test/widget_test/select_category/select_category_screen_test.dart: initState schedules cubit.load() via microtask
00:38 +218 -28: c:/Works/finance_tracking_app/test/widget_test/select_category/select_category_screen_test.dart: initState schedules cubit.load() via microtask
00:38 +218 -28: c:/Works/finance_tracking_app/test/widget_test/dashboard/dashboard_screen_test.dart: LoginScreen (NEW UI) widget test shows loading overlay when logging in
â•â•â•¡ EXCEPTION CAUGHT BY FLUTTER TEST FRAMEWORK â•â•â•â•â•â•â•â•â•â•â•â•â•â•â•â•â•â•â•â•â•â•â•â•â•â•â•â•â•â•â•â•â•â•â•â•â•â•â•â•â•â•â•â•â•â•â•â•â•â•â•â•â•
The following TestFailure was thrown running a test:
Expected: at least one matching candidate
  Actual: _TypeWidgetFinder:<Found 0 widgets with type "CircularProgressIndicator": []>
   Which: means none were found but some were expected

When the exception was thrown, this was the stack:
#4      main.<anonymous closure>.<anonymous closure> (file:///c:/Works/finance_tracking_app/test/widget_test/dashboard/dashboard_screen_test.dart:168:7)
<asynchronous suspension>
#5      testWidgets.<anonymous closure>.<anonymous closure> (package:flutter_test/src/widget_tester.dart:192:15)
<asynchronous suspension>
#6      TestWidgetsFlutterBinding._runTestBody (package:flutter_test/src/binding.dart:1059:5)
<asynchronous suspension>
<asynchronous suspension>
(elided one frame from package:stack_trace)

This was caught by the test expectation on the following line:
  file:///c:/Works/finance_tracking_app/test/widget_test/dashboard/dashboard_screen_test.dart line 168
The test description was:
  shows loading overlay when logging in
â•â•â•â•â•â•â•â•â•â•â•â•â•â•â•â•â•â•â•â•â•â•â•â•â•â•â•â•â•â•â•â•â•â•â•â•â•â•â•â•â•â•â•â•â•â•â•â•â•â•â•â•â•â•â•â•â•â•â•â•â•â•â•â•â•â•â•â•â•â•â•â•â•â•â•â•â•â•â•â•â•â•â•â•â•â•â•â•â•â•â•â•â•â•â•â•â•â•â•â•
00:38 +218 -29: c:/Works/finance_tracking_app/test/widget_test/select_category/select_category_screen_test.dart: initState schedules cubit.load() via microtask
00:38 +218 -29: c:/Works/finance_tracking_app/test/widget_test/dashboard/dashboard_screen_test.dart: LoginScreen (NEW UI) widget test shows loading overlay when logging in [E]
  Test failed. See exception logs above.
  The test description was: shows loading overlay when logging in
  
00:38 +219 -29: c:/Works/finance_tracking_app/test/widget_test/select_category/select_category_screen_test.dart: initState schedules cubit.load() via microtask
00:38 +220 -29: c:/Works/finance_tracking_app/test/widget_test/select_category/select_category_screen_test.dart: initState schedules cubit.load() via microtask
00:38 +221 -29: c:/Works/finance_tracking_app/test/widget_test/settings/settings_screen_test.dart: SettingsScreen displays AppBar with title
00:38 +222 -29: c:/Works/finance_tracking_app/test/widget_test/settings/settings_screen_test.dart: SettingsScreen displays AppBar with title
00:38 +223 -29: c:/Works/finance_tracking_app/test/widget_test/settings/settings_screen_test.dart: SettingsScreen displays AppBar with title
00:38 +224 -29: c:/Works/finance_tracking_app/test/widget_test/settings/settings_screen_test.dart: SettingsScreen displays AppBar with title
00:38 +225 -29: c:/Works/finance_tracking_app/test/widget_test/settings/settings_screen_test.dart: SettingsScreen displays AppBar with title
00:38 +226 -29: c:/Works/finance_tracking_app/test/widget_test/settings/settings_screen_test.dart: SettingsScreen displays AppBar with title
00:38 +227 -29: c:/Works/finance_tracking_app/test/widget_test/settings/settings_screen_test.dart: SettingsScreen displays AppBar with title
00:39 +227 -29: c:/Works/finance_tracking_app/test/widget_test/dashboard/dashboard_screen_test.dart: LoginScreen (NEW UI) widget test calls Login usecase when button pressed with valid data
â•â•â•¡ EXCEPTION CAUGHT BY FLUTTER TEST FRAMEWORK â•â•â•â•â•â•â•â•â•â•â•â•â•â•â•â•â•â•â•â•â•â•â•â•â•â•â•â•â•â•â•â•â•â•â•â•â•â•â•â•â•â•â•â•â•â•â•â•â•â•â•â•â•
The following TestFailure was thrown running a test:
No matching calls (actually, no calls at all).
(If you called `verify(...).called(0);`, please instead use `verifyNever(...);`.)

When the exception was thrown, this was the stack:
#0      fail (package:matcher/src/expect/expect.dart:149:31)
#1      _VerifyCall._checkWith (package:mocktail/src/mocktail.dart:728:7)
#2      _makeVerify.<anonymous closure> (package:mocktail/src/mocktail.dart:519:18)
#3      main.<anonymous closure>.<anonymous closure> (file:///c:/Works/finance_tracking_app/test/widget_test/dashboard/dashboard_screen_test.dart:200:13)
<asynchronous suspension>
#4      testWidgets.<anonymous closure>.<anonymous closure> (package:flutter_test/src/widget_tester.dart:192:15)
<asynchronous suspension>
#5      TestWidgetsFlutterBinding._runTestBody (package:flutter_test/src/binding.dart:1059:5)
<asynchronous suspension>
<asynchronous suspension>
(elided one frame from package:stack_trace)

The test description was:
  calls Login usecase when button pressed with valid data
â•â•â•â•â•â•â•â•â•â•â•â•â•â•â•â•â•â•â•â•â•â•â•â•â•â•â•â•â•â•â•â•â•â•â•â•â•â•â•â•â•â•â•â•â•â•â•â•â•â•â•â•â•â•â•â•â•â•â•â•â•â•â•â•â•â•â•â•â•â•â•â•â•â•â•â•â•â•â•â•â•â•â•â•â•â•â•â•â•â•â•â•â•â•â•â•â•â•â•â•
00:39 +227 -30: c:/Works/finance_tracking_app/test/widget_test/settings/settings_screen_test.dart: SettingsScreen displays AppBar with title
00:39 +227 -30: c:/Works/finance_tracking_app/test/widget_test/dashboard/dashboard_screen_test.dart: LoginScreen (NEW UI) widget test calls Login usecase when button pressed with valid data [E]
  Test failed. See exception logs above.
  The test description was: calls Login usecase when button pressed with valid data
  
00:39 +228 -30: c:/Works/finance_tracking_app/test/widget_test/settings/settings_screen_test.dart: SettingsScreen displays AppBar with title
00:39 +229 -30: c:/Works/finance_tracking_app/test/widget_test/settings/settings_screen_test.dart: SettingsScreen displays AppBar with title
00:39 +230 -30: c:/Works/finance_tracking_app/test/widget_test/settings/settings_screen_test.dart: SettingsScreen displays AppBar with title
00:39 +231 -30: c:/Works/finance_tracking_app/test/widget_test/login/login_screen_test.dart: LoginScreen (NEW UI) - submit flow overlay becomes loading when AuthLoading is emitted (no CTA text dependency)
00:40 +232 -30: c:/Works/finance_tracking_app/test/widget_test/login/login_screen_test.dart: LoginScreen (NEW UI) - submit flow overlay becomes loading when AuthLoading is emitted (no CTA text dependency)
00:40 +233 -30: c:/Works/finance_tracking_app/test/widget_test/dashboard/dashboard_screen_test.dart: LoginScreen (NEW UI) widget test navigates to SignUpScreen when "Register" tapped
00:40 +234 -30: c:/Works/finance_tracking_app/test/widget_test/select_category/select_category_screen_test.dart: tapping an item pops and returns CategoryEntity
00:40 +235 -30: c:/Works/finance_tracking_app/test/widget_test/select_category/select_category_screen_test.dart: tapping an item pops and returns CategoryEntity
00:40 +236 -30: c:/Works/finance_tracking_app/test/widget_test/select_category/select_category_screen_test.dart: tapping an item pops and returns CategoryEntity
00:40 +237 -30: c:/Works/finance_tracking_app/test/widget_test/select_category/select_category_screen_test.dart: tapping an item pops and returns CategoryEntity
00:40 +238 -30: c:/Works/finance_tracking_app/test/widget_test/login/login_screen_test.dart: LoginScreen (NEW UI) - submit flow AuthSuccess -> navigates to DashboardScreen
00:40 +239 -30: c:/Works/finance_tracking_app/test/widget_test/login/login_screen_test.dart: LoginScreen (NEW UI) - submit flow AuthSuccess -> navigates to DashboardScreen
00:40 +240 -30: c:/Works/finance_tracking_app/test/widget_test/login/login_screen_test.dart: LoginScreen (NEW UI) - submit flow AuthSuccess -> navigates to DashboardScreen
00:41 +241 -30: c:/Works/finance_tracking_app/test/widget_test/login/login_screen_test.dart: LoginScreen (NEW UI) - submit flow AuthSuccess -> navigates to DashboardScreen
00:41 +242 -30: c:/Works/finance_tracking_app/test/widget_test/login/login_screen_test.dart: LoginScreen (NEW UI) - submit flow AuthSuccess -> navigates to DashboardScreen
00:41 +243 -30: c:/Works/finance_tracking_app/test/widget_test/dashboard/dashboard_screen_test.dart: LoginScreen (NEW UI) widget test navigates to DashboardScreen after successful login
â•â•â•¡ EXCEPTION CAUGHT BY FLUTTER TEST FRAMEWORK â•â•â•â•â•â•â•â•â•â•â•â•â•â•â•â•â•â•â•â•â•â•â•â•â•â•â•â•â•â•â•â•â•â•â•â•â•â•â•â•â•â•â•â•â•â•â•â•â•â•â•â•â•
The following TestFailure was thrown running a test:
Expected: exactly one matching candidate
  Actual: _TypeWidgetFinder:<Found 0 widgets with type "DashboardScreen": []>
   Which: means none were found but one was expected

When the exception was thrown, this was the stack:
#4      main.<anonymous closure>.<anonymous closure> (file:///c:/Works/finance_tracking_app/test/widget_test/dashboard/dashboard_screen_test.dart:247:7)
<asynchronous suspension>
#5      testWidgets.<anonymous closure>.<anonymous closure> (package:flutter_test/src/widget_tester.dart:192:15)
<asynchronous suspension>
#6      TestWidgetsFlutterBinding._runTestBody (package:flutter_test/src/binding.dart:1059:5)
<asynchronous suspension>
<asynchronous suspension>
(elided one frame from package:stack_trace)

This was caught by the test expectation on the following line:
  file:///c:/Works/finance_tracking_app/test/widget_test/dashboard/dashboard_screen_test.dart line 247
The test description was:
  navigates to DashboardScreen after successful login
â•â•â•â•â•â•â•â•â•â•â•â•â•â•â•â•â•â•â•â•â•â•â•â•â•â•â•â•â•â•â•â•â•â•â•â•â•â•â•â•â•â•â•â•â•â•â•â•â•â•â•â•â•â•â•â•â•â•â•â•â•â•â•â•â•â•â•â•â•â•â•â•â•â•â•â•â•â•â•â•â•â•â•â•â•â•â•â•â•â•â•â•â•â•â•â•â•â•â•â•
00:41 +243 -31: c:/Works/finance_tracking_app/test/widget_test/budgets/set_budget_screen_test.dart: SetBudgetScreen shows success snackbar when budget saved
00:41 +243 -31: c:/Works/finance_tracking_app/test/widget_test/dashboard/dashboard_screen_test.dart: LoginScreen (NEW UI) widget test navigates to DashboardScreen after successful login [E]
  Test failed. See exception logs above.
  The test description was: navigates to DashboardScreen after successful login
  
00:41 +244 -31: c:/Works/finance_tracking_app/test/widget_test/budgets/set_budget_screen_test.dart: SetBudgetScreen shows success snackbar when budget saved
00:41 +245 -31: c:/Works/finance_tracking_app/test/widget_test/budgets/set_budget_screen_test.dart: SetBudgetScreen shows success snackbar when budget saved
00:41 +246 -31: c:/Works/finance_tracking_app/test/widget_test/sign_up/sign_up_screen_test.dart: SignUpScreen - rendering renders title and CTA
00:41 +247 -31: c:/Works/finance_tracking_app/test/widget_test/sign_up/sign_up_screen_test.dart: SignUpScreen - rendering renders title and CTA
00:42 +248 -31: c:/Works/finance_tracking_app/test/widget_test/sign_up/sign_up_screen_test.dart: SignUpScreen - rendering renders title and CTA
00:42 +249 -31: c:/Works/finance_tracking_app/test/widget_test/sign_up/sign_up_screen_test.dart: SignUpScreen - rendering renders title and CTA
00:42 +250 -31: c:/Works/finance_tracking_app/test/widget_test/sign_up/sign_up_screen_test.dart: SignUpScreen - rendering renders title and CTA
00:42 +250 -31: c:/Works/finance_tracking_app/test/widget_test/login/login_screen_test.dart: AuthCubit (unit-ish) - login usecase wiring AuthCubit.login calls Login usecase with cancelToken
[38;5;12mâ”Œâ”€â”€â”€â”€â”€â”€â”€â”€â”€â”€â”€â”€â”€â”€â”€â”€â”€â”€â”€â”€â”€â”€â”€â”€â”€â”€â”€â”€â”€â”€â”€â”€â”€â”€â”€â”€â”€â”€â”€â”€â”€â”€â”€â”€â”€â”€â”€â”€â”€â”€â”€â”€â”€â”€â”€â”€â”€â”€â”€â”€â”€â”€â”€â”€â”€â”€â”€â”€â”€â”€â”€â”€â”€â”€â”€â”€â”€â”€â”€â”€â”€â”€â”€â”€â”€â”€â”€â”€â”€â”€â”€â”€â”€â”€â”€â”€â”€â”€â”€[0m
[38;5;12mâ”‚ 10:14:32.417 (+0:00:00.004527)[0m
[38;5;12mâ”œâ”„â”„â”„â”„â”„â”„â”„â”„â”„â”„â”„â”„â”„â”„â”„â”„â”„â”„â”„â”„â”„â”„â”„â”„â”„â”„â”„â”„â”„â”„â”„â”„â”„â”„â”„â”„â”„â”„â”„â”„â”„â”„â”„â”„â”„â”„â”„â”„â”„â”„â”„â”„â”„â”„â”„â”„â”„â”„â”„â”„â”„â”„â”„â”„â”„â”„â”„â”„â”„â”„â”„â”„â”„â”„â”„â”„â”„â”„â”„â”„â”„â”„â”„â”„â”„â”„â”„â”„â”„â”„â”„â”„â”„â”„â”„â”„â”„â”„â”„[0m
[38;5;12mâ”‚ ğŸ’¡ [AUTH] Login started[0m
[38;5;12mâ””â”€â”€â”€â”€â”€â”€â”€â”€â”€â”€â”€â”€â”€â”€â”€â”€â”€â”€â”€â”€â”€â”€â”€â”€â”€â”€â”€â”€â”€â”€â”€â”€â”€â”€â”€â”€â”€â”€â”€â”€â”€â”€â”€â”€â”€â”€â”€â”€â”€â”€â”€â”€â”€â”€â”€â”€â”€â”€â”€â”€â”€â”€â”€â”€â”€â”€â”€â”€â”€â”€â”€â”€â”€â”€â”€â”€â”€â”€â”€â”€â”€â”€â”€â”€â”€â”€â”€â”€â”€â”€â”€â”€â”€â”€â”€â”€â”€â”€â”€[0m
[38;5;12mâ”Œâ”€â”€â”€â”€â”€â”€â”€â”€â”€â”€â”€â”€â”€â”€â”€â”€â”€â”€â”€â”€â”€â”€â”€â”€â”€â”€â”€â”€â”€â”€â”€â”€â”€â”€â”€â”€â”€â”€â”€â”€â”€â”€â”€â”€â”€â”€â”€â”€â”€â”€â”€â”€â”€â”€â”€â”€â”€â”€â”€â”€â”€â”€â”€â”€â”€â”€â”€â”€â”€â”€â”€â”€â”€â”€â”€â”€â”€â”€â”€â”€â”€â”€â”€â”€â”€â”€â”€â”€â”€â”€â”€â”€â”€â”€â”€â”€â”€â”€â”€[0m
[38;5;12mâ”‚ 10:14:32.438 (+0:00:00.025441)[0m
[38;5;12mâ”œâ”„â”„â”„â”„â”„â”„â”„â”„â”„â”„â”„â”„â”„â”„â”„â”„â”„â”„â”„â”„â”„â”„â”„â”„â”„â”„â”„â”„â”„â”„â”„â”„â”„â”„â”„â”„â”„â”„â”„â”„â”„â”„â”„â”„â”„â”„â”„â”„â”„â”„â”„â”„â”„â”„â”„â”„â”„â”„â”„â”„â”„â”„â”„â”„â”„â”„â”„â”„â”„â”„â”„â”„â”„â”„â”„â”„â”„â”„â”„â”„â”„â”„â”„â”„â”„â”„â”„â”„â”„â”„â”„â”„â”„â”„â”„â”„â”„â”„â”„[0m
[38;5;12mâ”‚ ğŸ’¡ [AUTH] Login success[0m
[38;5;12mâ””â”€â”€â”€â”€â”€â”€â”€â”€â”€â”€â”€â”€â”€â”€â”€â”€â”€â”€â”€â”€â”€â”€â”€â”€â”€â”€â”€â”€â”€â”€â”€â”€â”€â”€â”€â”€â”€â”€â”€â”€â”€â”€â”€â”€â”€â”€â”€â”€â”€â”€â”€â”€â”€â”€â”€â”€â”€â”€â”€â”€â”€â”€â”€â”€â”€â”€â”€â”€â”€â”€â”€â”€â”€â”€â”€â”€â”€â”€â”€â”€â”€â”€â”€â”€â”€â”€â”€â”€â”€â”€â”€â”€â”€â”€â”€â”€â”€â”€â”€[0m
00:42 +251 -31: c:/Works/finance_tracking_app/test/widget_test/sign_up/sign_up_screen_test.dart: SignUpScreen - rendering renders title and CTA
00:42 +251 -31: c:/Works/finance_tracking_app/test/widget_test/login/login_screen_test.dart: AuthCubit (unit-ish) - login usecase wiring AuthCubit.login emits AuthFailure on AuthException
[38;5;12mâ”Œâ”€â”€â”€â”€â”€â”€â”€â”€â”€â”€â”€â”€â”€â”€â”€â”€â”€â”€â”€â”€â”€â”€â”€â”€â”€â”€â”€â”€â”€â”€â”€â”€â”€â”€â”€â”€â”€â”€â”€â”€â”€â”€â”€â”€â”€â”€â”€â”€â”€â”€â”€â”€â”€â”€â”€â”€â”€â”€â”€â”€â”€â”€â”€â”€â”€â”€â”€â”€â”€â”€â”€â”€â”€â”€â”€â”€â”€â”€â”€â”€â”€â”€â”€â”€â”€â”€â”€â”€â”€â”€â”€â”€â”€â”€â”€â”€â”€â”€â”€[0m
00:42 +251 -31: c:/Works/finance_tracking_app/test/widget_test/dashboard/dashboard_screen_test.dart: LoginScreen (NEW UI) widget test shows error SnackBar on login failure
â•â•â•¡ EXCEPTION CAUGHT BY FLUTTER TEST FRAMEWORK â•â•â•â•â•â•â•â•â•â•â•â•â•â•â•â•â•â•â•â•â•â•â•â•â•â•â•â•â•â•â•â•â•â•â•â•â•â•â•â•â•â•â•â•â•â•â•â•â•â•â•â•â•
The following TestFailure was thrown running a test:
Expected: at least one matching candidate
  Actual: _TypeWidgetFinder:<Found 0 widgets with type "SnackBar": []>
   Which: means none were found but some were expected

When the exception was thrown, this was the stack:
#4      main.<anonymous closure>.<anonymous closure> (file:///c:/Works/finance_tracking_app/test/widget_test/dashboard/dashboard_screen_test.dart:271:7)
<asynchronous suspension>
#5      testWidgets.<anonymous closure>.<anonymous closure> (package:flutter_test/src/widget_tester.dart:192:15)
<asynchronous suspension>
#6      TestWidgetsFlutterBinding._runTestBody (package:flutter_test/src/binding.dart:1059:5)
<asynchronous suspension>
<asynchronous suspension>
(elided one frame from package:stack_trace)

This was caught by the test expectation on the following line:
  file:///c:/Works/finance_tracking_app/test/widget_test/dashboard/dashboard_screen_test.dart line 271
The test description was:
  shows error SnackBar on login failure
â•â•â•â•â•â•â•â•â•â•â•â•â•â•â•â•â•â•â•â•â•â•â•â•â•â•â•â•â•â•â•â•â•â•â•â•â•â•â•â•â•â•â•â•â•â•â•â•â•â•â•â•â•â•â•â•â•â•â•â•â•â•â•â•â•â•â•â•â•â•â•â•â•â•â•â•â•â•â•â•â•â•â•â•â•â•â•â•â•â•â•â•â•â•â•â•â•â•â•â•
00:42 +251 -32: c:/Works/finance_tracking_app/test/widget_test/sign_up/sign_up_screen_test.dart: SignUpScreen - rendering renders title and CTA
00:42 +251 -32: c:/Works/finance_tracking_app/test/widget_test/dashboard/dashboard_screen_test.dart: LoginScreen (NEW UI) widget test shows error SnackBar on login failure [E]
  Test failed. See exception logs above.
  The test description was: shows error SnackBar on login failure
  
00:42 +251 -32: c:/Works/finance_tracking_app/test/widget_test/login/login_screen_test.dart: AuthCubit (unit-ish) - login usecase wiring AuthCubit.login emits AuthFailure on AuthException
[38;5;12mâ”‚ 10:14:32.542 (+0:00:00.129062)[0m
[38;5;12mâ”œâ”„â”„â”„â”„â”„â”„â”„â”„â”„â”„â”„â”„â”„â”„â”„â”„â”„â”„â”„â”„â”„â”„â”„â”„â”„â”„â”„â”„â”„â”„â”„â”„â”„â”„â”„â”„â”„â”„â”„â”„â”„â”„â”„â”„â”„â”„â”„â”„â”„â”„â”„â”„â”„â”„â”„â”„â”„â”„â”„â”„â”„â”„â”„â”„â”„â”„â”„â”„â”„â”„â”„â”„â”„â”„â”„â”„â”„â”„â”„â”„â”„â”„â”„â”„â”„â”„â”„â”„â”„â”„â”„â”„â”„â”„â”„â”„â”„â”„â”„[0m
[38;5;12mâ”‚ ğŸ’¡ [AUTH] Login started[0m
[38;5;12mâ””â”€â”€â”€â”€â”€â”€â”€â”€â”€â”€â”€â”€â”€â”€â”€â”€â”€â”€â”€â”€â”€â”€â”€â”€â”€â”€â”€â”€â”€â”€â”€â”€â”€â”€â”€â”€â”€â”€â”€â”€â”€â”€â”€â”€â”€â”€â”€â”€â”€â”€â”€â”€â”€â”€â”€â”€â”€â”€â”€â”€â”€â”€â”€â”€â”€â”€â”€â”€â”€â”€â”€â”€â”€â”€â”€â”€â”€â”€â”€â”€â”€â”€â”€â”€â”€â”€â”€â”€â”€â”€â”€â”€â”€â”€â”€â”€â”€â”€â”€[0m
[38;5;12mâ”Œâ”€â”€â”€â”€â”€â”€â”€â”€â”€â”€â”€â”€â”€â”€â”€â”€â”€â”€â”€â”€â”€â”€â”€â”€â”€â”€â”€â”€â”€â”€â”€â”€â”€â”€â”€â”€â”€â”€â”€â”€â”€â”€â”€â”€â”€â”€â”€â”€â”€â”€â”€â”€â”€â”€â”€â”€â”€â”€â”€â”€â”€â”€â”€â”€â”€â”€â”€â”€â”€â”€â”€â”€â”€â”€â”€â”€â”€â”€â”€â”€â”€â”€â”€â”€â”€â”€â”€â”€â”€â”€â”€â”€â”€â”€â”€â”€â”€â”€â”€[0m
[38;5;12mâ”‚ Login failed[0m
[38;5;12mâ”œâ”„â”„â”„â”„â”„â”„â”„â”„â”„â”„â”„â”„â”„â”„â”„â”„â”„â”„â”„â”„â”„â”„â”„â”„â”„â”„â”„â”„â”„â”„â”„â”„â”„â”„â”„â”„â”„â”„â”„â”„â”„â”„â”„â”„â”„â”„â”„â”„â”„â”„â”„â”„â”„â”„â”„â”„â”„â”„â”„â”„â”„â”„â”„â”„â”„â”„â”„â”„â”„â”„â”„â”„â”„â”„â”„â”„â”„â”„â”„â”„â”„â”„â”„â”„â”„â”„â”„â”„â”„â”„â”„â”„â”„â”„â”„â”„â”„â”„â”„[0m
[38;5;12mâ”‚ #0   AppLogger.auth (package:finance_tracker_app/core/utils/app_logger.dart:42:14)[0m
[38;5;12mâ”‚ #1   AuthActionRunner.run (package:finance_tracker_app/feature/users/auth/presentation/cubit/helper/auth_action_runner.dart:82:21)[0m
[38;5;12mâ”‚ #2   AuthCubit.login (package:finance_tracker_app/feature/users/auth/presentation/cubit/auth_cubit.dart:47:18)[0m
[38;5;12mâ”‚ #3   main.<anonymous closure>.<anonymous closure> (file:///c:/Works/finance_tracking_app/test/widget_test/login/login_screen_test.dart:412:17)[0m
[38;5;12mâ”‚ #4   testBloc.<anonymous closure> (package:bloc_test/src/bloc_test.dart:206:20)[0m
[38;5;12mâ”œâ”„â”„â”„â”„â”„â”„â”„â”„â”„â”„â”„â”„â”„â”„â”„â”„â”„â”„â”„â”„â”„â”„â”„â”„â”„â”„â”„â”„â”„â”„â”„â”„â”„â”„â”„â”„â”„â”„â”„â”„â”„â”„â”„â”„â”„â”„â”„â”„â”„â”„â”„â”„â”„â”„â”„â”„â”„â”„â”„â”„â”„â”„â”„â”„â”„â”„â”„â”„â”„â”„â”„â”„â”„â”„â”„â”„â”„â”„â”„â”„â”„â”„â”„â”„â”„â”„â”„â”„â”„â”„â”„â”„â”„â”„â”„â”„â”„â”„â”„[0m
[38;5;12mâ”‚ 10:14:32.545 (+0:00:00.132056)[0m
[38;5;12mâ”œâ”„â”„â”„â”„â”„â”„â”„â”„â”„â”„â”„â”„â”„â”„â”„â”„â”„â”„â”„â”„â”„â”„â”„â”„â”„â”„â”„â”„â”„â”„â”„â”„â”„â”„â”„â”„â”„â”„â”„â”„â”„â”„â”„â”„â”„â”„â”„â”„â”„â”„â”„â”„â”„â”„â”„â”„â”„â”„â”„â”„â”„â”„â”„â”„â”„â”„â”„â”„â”„â”„â”„â”„â”„â”„â”„â”„â”„â”„â”„â”„â”„â”„â”„â”„â”„â”„â”„â”„â”„â”„â”„â”„â”„â”„â”„â”„â”„â”„â”„[0m
[38;5;12mâ”‚ ğŸ’¡ [AUTH] Login failed[0m
[38;5;12mâ””â”€â”€â”€â”€â”€â”€â”€â”€â”€â”€â”€â”€â”€â”€â”€â”€â”€â”€â”€â”€â”€â”€â”€â”€â”€â”€â”€â”€â”€â”€â”€â”€â”€â”€â”€â”€â”€â”€â”€â”€â”€â”€â”€â”€â”€â”€â”€â”€â”€â”€â”€â”€â”€â”€â”€â”€â”€â”€â”€â”€â”€â”€â”€â”€â”€â”€â”€â”€â”€â”€â”€â”€â”€â”€â”€â”€â”€â”€â”€â”€â”€â”€â”€â”€â”€â”€â”€â”€â”€â”€â”€â”€â”€â”€â”€â”€â”€â”€â”€[0m
00:42 +252 -32: c:/Works/finance_tracking_app/test/widget_test/sign_up/sign_up_screen_test.dart: SignUpScreen - rendering renders title and CTA
00:42 +253 -32: c:/Works/finance_tracking_app/test/widget_test/sign_up/sign_up_screen_test.dart: SignUpScreen - rendering renders title and CTA
00:43 +254 -32: c:/Works/finance_tracking_app/test/widget_test/sign_up/sign_up_screen_test.dart: SignUpScreen - rendering renders title and CTA
00:43 +255 -32: c:/Works/finance_tracking_app/test/widget_test/sign_up/sign_up_screen_test.dart: SignUpScreen - rendering renders title and CTA
00:43 +256 -32: c:/Works/finance_tracking_app/test/widget_test/sign_up/sign_up_screen_test.dart: SignUpScreen - rendering renders title and CTA
00:43 +257 -32: c:/Works/finance_tracking_app/test/widget_test/sign_up/sign_up_screen_test.dart: SignUpScreen - rendering renders title and CTA
00:44 +258 -32: c:/Works/finance_tracking_app/test/widget_test/sign_up/sign_up_screen_test.dart: SignUpScreen - rendering renders title and CTA
00:44 +259 -32: c:/Works/finance_tracking_app/test/widget_test/sign_up/sign_up_screen_test.dart: SignUpScreen - rendering renders title and CTA
00:44 +260 -32: c:/Works/finance_tracking_app/test/widget_test/splash_screen_test.dart: WelcomeScreen shows "Welcome" text
00:44 +261 -32: c:/Works/finance_tracking_app/test/widget_test/splash_screen_test.dart: WelcomeScreen shows "Welcome" text
00:44 +262 -32: c:/Works/finance_tracking_app/test/widget_test/splash_screen_test.dart: WelcomeScreen shows "Welcome" text
00:45 +263 -32: c:/Works/finance_tracking_app/test/widget_test/splash_screen_test.dart: WelcomeScreen shows "Welcome" text
00:45 +264 -32: c:/Works/finance_tracking_app/test/widget_test/splash_screen_test.dart: WelcomeScreen shows "Welcome" text
00:45 +265 -32: c:/Works/finance_tracking_app/test/widget_test/sign_up/sign_up_screen_test.dart: SignUpScreen - password visibility toggle password visibility icons
00:45 +266 -32: c:/Works/finance_tracking_app/test/widget_test/sign_up/sign_up_screen_test.dart: SignUpScreen - loading overlay shows AuthLoadingOverlay when AuthLoading
00:45 +267 -32: c:/Works/finance_tracking_app/test/widget_test/sign_up/sign_up_screen_test.dart: SignUpScreen - loading overlay overlay becomes loading when AuthLoading emitted
00:46 +268 -32: c:/Works/finance_tracking_app/test/widget_test/sign_up/sign_up_screen_test.dart: SignUpScreen - submit wiring (verify cubit.signup) calls signup flow (emits AuthLoading) when submit valid data
00:46 +269 -32: c:/Works/finance_tracking_app/test/widget_test/sign_up/sign_up_screen_test.dart: SignUpScreen - navigation tap Login link -> navigates to LoginScreen
00:46 +270 -32: c:/Works/finance_tracking_app/test/widget_test/sign_up/sign_up_screen_test.dart: SignUpScreen - navigation AuthSuccess -> shows success snack then navigates to Login
00:46 +271 -32: c:/Works/finance_tracking_app/test/widget_test/sign_up/sign_up_screen_test.dart: SignUpScreen - navigation AuthFailure -> shows snack error and stays on SignUp
00:47 +272 -32: c:/Works/finance_tracking_app/test/widget_test/sign_up/sign_up_screen_test.dart: (tearDownAll)
00:47 +272 -32: Some tests failed.
